#
# A fatal error has been detected by the Java Runtime Environment:
#
#  SIGSEGV (0xb) at pc=0x00007f4743b773ed, pid=14429, tid=14431
#
# JRE version: OpenJDK Runtime Environment Temurin-21.0.8+9 (21.0.8+9) (build 21.0.8+9-LTS)
# Java VM: OpenJDK 64-Bit Server VM Temurin-21.0.8+9 (21.0.8+9-LTS, mixed mode, sharing, tiered, compressed oops, compressed class ptrs, parallel gc, linux-amd64)
# Problematic frame:
# V  [libjvm.so+0xd773ed]  ParCompactionManager::follow_marking_stacks()+0x35d
#
# No core dump will be written. Core dumps have been disabled. To enable core dumping, try "ulimit -c unlimited" before starting Java again
#
# If you would like to submit a bug report, please visit:
#   https://github.com/adoptium/adoptium-support/issues
#

---------------  S U M M A R Y ------------

Command Line: --add-modules=ALL-SYSTEM --add-opens=java.base/java.util=ALL-UNNAMED --add-opens=java.base/java.lang=ALL-UNNAMED --add-opens=java.base/sun.nio.fs=ALL-UNNAMED -Declipse.application=org.eclipse.jdt.ls.core.id1 -Dosgi.bundles.defaultStartLevel=4 -Declipse.product=org.eclipse.jdt.ls.core.product -Djava.import.generatesMetadataFilesAtProjectRoot=false -DDetectVMInstallationsJob.disabled=true -Dfile.encoding=utf8 -XX:+UseParallelGC -XX:GCTimeRatio=4 -XX:AdaptiveSizePolicyWeight=90 -Dsun.zip.disableMemoryMapping=true -Xmx2G -Xms100m -Xlog:disable -javaagent:/home/mk/.vscode/extensions/redhat.java-1.44.0-linux-x64/lombok/lombok-1.18.39-4050.jar -XX:+HeapDumpOnOutOfMemoryError -XX:HeapDumpPath=/home/mk/.config/Code/User/workspaceStorage/f8adc483f7b13f1f9cd10cfe708d9304/redhat.java -Daether.dependencyCollector.impl=bf /home/mk/.vscode/extensions/redhat.java-1.44.0-linux-x64/server/plugins/org.eclipse.equinox.launcher_1.7.0.v20250519-0528.jar -configuration /home/mk/.config/Code/User/globalStorage/redhat.java/1.44.0/config_linux -data /home/mk/.config/Code/User/workspaceStorage/f8adc483f7b13f1f9cd10cfe708d9304/redhat.java/jdt_ws --pipe=/run/user/1000/lsp-9a5856f903b9fc98f5f254abfe540a38.sock

Host: Intel(R) Core(TM) i5-2520M CPU @ 2.50GHz, 4 cores, 7G, Kali GNU/Linux Rolling
Time: Sun Aug  3 11:50:31 2025 IST elapsed time: 223.237650 seconds (0d 0h 3m 43s)

---------------  T H R E A D  ---------------

Current thread (0x00007f473c042ea0):  WorkerThread "GC Thread#0"    [id=14431, stack(0x00007f4742539000,0x00007f4742639000) (1024K)]

Stack: [0x00007f4742539000,0x00007f4742639000],  sp=0x00007f4742637af0,  free space=1018k
Native frames: (J=compiled Java code, j=interpreted, Vv=VM code, C=native code)
V  [libjvm.so+0xd773ed]  ParCompactionManager::follow_marking_stacks()+0x35d
V  [libjvm.so+0xd85a7f]  PCAddThreadRootsMarkingTaskClosure::do_thread(Thread*)+0xbf
V  [libjvm.so+0xf8df79]  Threads::possibly_parallel_threads_do(bool, ThreadClosure*)+0xe9
V  [libjvm.so+0xd868e6]  MarkFromRootsTask::work(unsigned int)+0xb6
V  [libjvm.so+0x103f160]  WorkerThread::run()+0x80
V  [libjvm.so+0xf82ce8]  Thread::call_run()+0xa8
V  [libjvm.so+0xd0c51a]  thread_native_entry(Thread*)+0xda

siginfo: si_signo: 11 (SIGSEGV), si_code: 128 (SI_KERNEL), si_addr: 0x0000000000000000

Registers:
RAX=0x0000000000007f47, RBX=0x00007f473c0a37e0, RCX=0x0000000000000000, RDX=0x00007f46df00fa70
RSP=0x00007f4742637af0, RBP=0x00007f4742637bf0, RSI=0x0000000081c1c7b8, RDI=0x00007f4742637ba0
R8 =0x0000000081c1c7b8, R9 =0x000000000000f6d2, R10=0x00007f47443df8dc, R11=0x00007f47442f59a8
R12=0x00007f4742637ba0, R13=0x00007f4744230480, R14=0x00007f47443575e0, R15=0x00007f47442f6708
RIP=0x00007f4743b773ed, EFLAGS=0x0000000000010206, CSGSFS=0x002b000000000033, ERR=0x0000000000000000
  TRAPNO=0x000000000000000d

XMM[0]=0x00007f4742637c40 0x00007f4744229690
XMM[1]=0x00007f473c03c7c0 0x00007f473c03c7b0
XMM[2]=0x0000000000000000 0x00007f4742637c40
XMM[3]=0x0000000000000000 0x00007f4740afda48
XMM[4]=0x0000000000000000 0x00007f4731337cc6
XMM[5]=0x00007f4740afda48 0x00007f4740afdab0
XMM[6]=0x00007f4731337cc6 0x00007f4740afda38
XMM[7]=0x0000000000000000 0x0000000000000000
XMM[8]=0x0000000000000000 0x0000000000000000
XMM[9]=0xe661e1c03a1d170f 0xfbabf815c547329c
XMM[10]=0xbcba090a310f7c98 0x4d1b8e7499519c1f
XMM[11]=0xd785797a1efa2e65 0x84d28d0d0b25d708
XMM[12]=0x242e4f92fd382bdd 0x45680024ddc5a04a
XMM[13]=0x0a20d461adab858e 0x6197fae1881ab7ed
XMM[14]=0xda48b8246a62eb18 0x8a5fcdf5016f9242
XMM[15]=0x64070faf0828c4a3 0x88ca841a6ede7320
  MXCSR=0x00001fa2


Register to memory mapping:

RAX=0x0000000000007f47 is an unknown value
RBX=0x00007f473c0a37e0 points into unknown readable memory: 0x0000000000000000 | 00 00 00 00 00 00 00 00
RCX=0x0 is null
RDX=0x00007f46df00fa70 is pointing into metadata
RSP=0x00007f4742637af0 points into unknown readable memory: 0x0000000081c12260 | 60 22 c1 81 00 00 00 00
RBP=0x00007f4742637bf0 points into unknown readable memory: 0x00007f4742637ca0 | a0 7c 63 42 47 7f 00 00
RSI=0x0000000081c1c7b8 points into unknown readable memory: 0x0000000000000009 | 09 00 00 00 00 00 00 00
RDI=0x00007f4742637ba0 points into unknown readable memory: 0x00007f4744230480 | 80 04 23 44 47 7f 00 00
R8 =0x0000000081c1c7b8 points into unknown readable memory: 0x0000000000000009 | 09 00 00 00 00 00 00 00
R9 =0x000000000000f6d2 is an unknown value
R10=0x00007f47443df8dc points into unknown readable memory: 06 f7 00 00
R11=0x00007f47442f59a8: <offset 0x00000000014f59a8> in /home/mk/.vscode/extensions/redhat.java-1.44.0-linux-x64/jre/21.0.8-linux-x86_64/lib/server/libjvm.so at 0x00007f4742e00000
R12=0x00007f4742637ba0 points into unknown readable memory: 0x00007f4744230480 | 80 04 23 44 47 7f 00 00
R13=0x00007f4744230480: <offset 0x0000000001430480> in /home/mk/.vscode/extensions/redhat.java-1.44.0-linux-x64/jre/21.0.8-linux-x86_64/lib/server/libjvm.so at 0x00007f4742e00000
R14=0x00007f47443575e0: <offset 0x00000000015575e0> in /home/mk/.vscode/extensions/redhat.java-1.44.0-linux-x64/jre/21.0.8-linux-x86_64/lib/server/libjvm.so at 0x00007f4742e00000
R15=0x00007f47442f6708: <offset 0x00000000014f6708> in /home/mk/.vscode/extensions/redhat.java-1.44.0-linux-x64/jre/21.0.8-linux-x86_64/lib/server/libjvm.so at 0x00007f4742e00000

Top of Stack: (sp=0x00007f4742637af0)
0x00007f4742637af0:   0000000081c12260 0000000081c12260
0x00007f4742637b00:   0000000081c124cc 0000000081c124d0
0x00007f4742637b10:   00007f4742637b40 00007f4743b7ec6c
0x00007f4742637b20:   00007f4742637c40 00007f46b4000cf8
0x00007f4742637b30:   0000000000000001 00007f46b4000cf0
0x00007f4742637b40:   00007f4742637b80 00007f47437eaeb7
0x00007f4742637b50:   00007f4742637c40 00007f4742637c40
0x00007f4742637b60:   00007f473c0f8320 00007f4742637c40
0x00007f4742637b70:   0000000088998f38 0000000000000800
0x00007f4742637b80:   00007f4742637bc0 00007f4743731d67
0x00007f4742637b90:   00007f4742637bc0 00007f473c042ea0
0x00007f4742637ba0:   00007f4744230480 00007f473c061fb0
0x00007f4742637bb0:   00007f4700000004 00007f473c0a37e0
0x00007f4742637bc0:   00007f4742637bf0 00007f473c043240
0x00007f4742637bd0:   00007f473c03c7b0 00007f473c0a37e0
0x00007f4742637be0:   00007f473c0f8320 00000000000003d8
0x00007f4742637bf0:   00007f4742637ca0 00007f4743b85a7f
0x00007f4742637c00:   00007f473c03c7b0 00007f473c03c7c0
0x00007f4742637c10:   00007f4742637c80 00007f473c03cb98
0x00007f4742637c20:   00007f4744229690 00007f4742637c40
0x00007f4742637c30:   00007f4742637c40 00007f473c03c7c0
0x00007f4742637c40:   00007f47442305c8 00007f473c0a37e0
0x00007f4742637c50:   00007f4744229690 00007f4742637c40
0x00007f4742637c60:   0000000000000100 0000000000000010
0x00007f4742637c70:   0000000000016bf5 00007f4664a9ed30
0x00007f4742637c80:   00007f4664a9ee40 00000000000002e7
0x00007f4742637c90:   00007f47442f5b18 00007f4742637d90
0x00007f4742637ca0:   00007f4742637d00 00007f4743d8df79
0x00007f4742637cb0:   0000000000000000 00007f473c0f8320
0x00007f4742637cc0:   00007f473c042e01 00007f47410702e0
0x00007f4742637cd0:   00007f4742637d00 00007f473c0a37e0
0x00007f4742637ce0:   00007f4742637e0c 00007f473c042ea0 

Instructions: (pc=0x00007f4743b773ed)
0x00007f4743b772ed:   c1 e2 20 48 89 c8 48 09 d0 48 89 83 d0 03 00 00
0x00007f4743b772fd:   8b 83 d0 03 00 00 8b 93 08 01 00 00 8b 83 88 00
0x00007f4743b7730d:   00 00 48 8b bb c0 02 00 00 29 d0 25 ff ff 01 00
0x00007f4743b7731d:   74 0b 3d ff ff 01 00 0f 85 96 fd ff ff 48 85 ff
0x00007f4743b7732d:   0f 85 8d fd ff ff 8b 93 d0 03 00 00 8b 83 50 03
0x00007f4743b7733d:   00 00 29 d0 25 ff 1f 00 00 74 0b 3d ff 1f 00 00
0x00007f4743b7734d:   0f 85 4e fe ff ff 48 83 bb 88 05 00 00 00 0f 85
0x00007f4743b7735d:   40 fe ff ff 48 81 c4 d8 00 00 00 5b 41 5c 41 5d
0x00007f4743b7736d:   41 5e 41 5f 5d c3 0f 1f 44 00 00 48 8d 93 08 01
0x00007f4743b7737d:   00 00 66 49 0f 7e c1 48 89 f0 f0 4c 0f b1 0a 48
0x00007f4743b7738d:   39 c6 0f 85 8d fe ff ff 8b 83 08 01 00 00 0f 1f
0x00007f4743b7739d:   44 00 00 48 8d 05 c9 0d 7e 00 4c 8d 3d 5a f3 77
0x00007f4743b773ad:   00 c7 45 c0 04 00 00 00 4c 89 6d b0 48 8b 00 41
0x00007f4743b773bd:   80 3f 00 48 89 5d c8 48 89 45 b8 74 4e 48 8d 05
0x00007f4743b773cd:   cf da 77 00 41 8b 50 08 8b 48 08 48 d3 e2 48 03
0x00007f4743b773dd:   10 48 63 42 0c 83 f8 06 74 3e 4c 89 c6 4c 89 e7
0x00007f4743b773ed:   41 ff 14 c6 8b 93 88 00 00 00 8b 8b 08 01 00 00
0x00007f4743b773fd:   89 d0 29 c8 a9 ff ff 01 00 0f 85 b4 fd ff ff e9
0x00007f4743b7740d:   28 fe ff ff 0f 1f 80 00 00 00 00 49 8b 50 08 48
0x00007f4743b7741d:   63 42 0c 83 f8 06 75 c2 48 8b ba 98 00 00 00 31
0x00007f4743b7742d:   c9 ba 04 00 00 00 4c 89 e6 4c 89 85 18 ff ff ff
0x00007f4743b7743d:   e8 ce f2 8a ff 41 80 3f 01 48 8d 05 98 ee 7b 00
0x00007f4743b7744d:   48 19 c9 4c 8b 85 18 ff ff ff 83 e1 08 80 38 00
0x00007f4743b7745d:   0f 84 9d 03 00 00 41 80 3f 01 4d 8d 54 08 10 48
0x00007f4743b7746d:   19 c0 83 e0 04 49 63 54 00 0c b8 00 08 00 00 48
0x00007f4743b7747d:   39 c2 48 0f 46 c2 4d 8d 1c 82 48 39 c2 0f 87 78
0x00007f4743b7748d:   0d 00 00 4d 39 da 72 18 e9 57 ff ff ff 66 0f 1f
0x00007f4743b7749d:   44 00 00 49 83 c2 04 4d 39 d3 0f 86 44 ff ff ff
0x00007f4743b774ad:   45 8b 02 45 85 c0 74 eb 48 8d 05 f4 d9 77 00 48
0x00007f4743b774bd:   8b 15 c5 0a 7e 00 be 01 00 00 00 8b 48 08 49 d3
0x00007f4743b774cd:   e0 4c 03 00 4c 89 c1 48 2b 0a 48 8b 52 10 48 89
0x00007f4743b774dd:   c8 48 8d 0d c3 e4 77 00 48 c1 e8 03 8b 09 48 d3 


Stack slot to memory mapping:

stack at sp + 0 slots: 0x0000000081c12260 is pointing into object: [Ljava.lang.Object; 
{0x0000000081c11c28} - klass: 'java/lang/Object'[]
 - length: 549
stack at sp + 1 slots: 0x0000000081c12260 is pointing into object: [Ljava.lang.Object; 
{0x0000000081c11c28} - klass: 'java/lang/Object'[]
 - length: 549
stack at sp + 2 slots: 0x0000000081c124cc is pointing into object: [Ljava.lang.Object; 
{0x0000000081c11c28} - klass: 'java/lang/Object'[]
 - length: 549
stack at sp + 3 slots: 0x0000000081c124d0 is an oop: jdk.internal.jimage.ImageReader$Resource 
{0x0000000081c124d0} - klass: 'jdk/internal/jimage/ImageReader$Resource'
 - ---- fields (total size 4 words):
 - private 'flags' 'I' @12  0 (0x00000000)
 - private 'completed' 'Z' @16  false (0x00)
 - private final 'name' 'Ljava/lang/String;' @20  "/modules/jdk.compiler/com/sun/tools/javac/comp/TypeEnvs.class"{0x0000000081c124f0} (0x81c124f0)
 - private final 'fileAttrs' 'Ljava/nio/file/attribute/BasicFileAttributes;' @24  a 'sun/nio/fs/UnixFileAttributes$UnixAsBasicFileAttributes'{0x0000000081542a80} (0x81542a80)
 - private final 'loc' 'Ljdk/internal/jimage/ImageLocation;' @28  a 'jdk/internal/jimage/ImageLocation'{0x0000000081c12558} (0x81c12558)
stack at sp + 4 slots: 0x00007f4742637b40 points into unknown readable memory: 0x00007f4742637b80 | 80 7b 63 42 47 7f 00 00
stack at sp + 5 slots: 0x00007f4743b7ec6c: <offset 0x0000000000d7ec6c> in /home/mk/.vscode/extensions/redhat.java-1.44.0-linux-x64/jre/21.0.8-linux-x86_64/lib/server/libjvm.so at 0x00007f4742e00000
stack at sp + 6 slots: 0x00007f4742637c40 points into unknown readable memory: 0x00007f47442305c8 | c8 05 23 44 47 7f 00 00
stack at sp + 7 slots: 0x00007f46b4000cf8 points into unknown readable memory: 0x00000000804c7af0 | f0 7a 4c 80 00 00 00 00


---------------  P R O C E S S  ---------------

Threads class SMR info:
_java_thread_list=0x00007f4664a9ecd0, length=40, elements={
0x00007f473c02a2b0, 0x00007f473c0f1040, 0x00007f473c0f2570, 0x00007f473c0f3cc0,
0x00007f473c0f52c0, 0x00007f473c0f6820, 0x00007f473c0f8320, 0x00007f473c0f99a0,
0x00007f473c111ff0, 0x00007f473c1ce140, 0x00007f473c35be20, 0x00007f473c3be5c0,
0x00007f4698006890, 0x00007f473c1a1ad0, 0x00007f46903bec00, 0x00007f46904318c0,
0x00007f4690273aa0, 0x00007f46903d8d90, 0x00007f469020c400, 0x00007f4678000f50,
0x00007f46801eb4e0, 0x00007f469096eea0, 0x00007f466c001700, 0x00007f4668000f50,
0x00007f473c190810, 0x00007f473c4107f0, 0x00007f473c411570, 0x0000557698fe6d70,
0x0000557699031e40, 0x00007f46c8000f50, 0x00007f466c0bb3a0, 0x00007f4664165000,
0x00007f467c0018b0, 0x00007f46781622e0, 0x00007f467c06cb60, 0x00007f468002d0b0,
0x00007f466800b020, 0x00007f4670a63c10, 0x00007f46b85be870, 0x00007f4664a9e2e0
}

Java Threads: ( => current thread )
  0x00007f473c02a2b0 JavaThread "main"                              [_thread_blocked, id=14430, stack(0x00007f4742c10000,0x00007f4742d10000) (1024K)]
  0x00007f473c0f1040 JavaThread "Reference Handler"          daemon [_thread_blocked, id=14443, stack(0x00007f4740b00000,0x00007f4740c00000) (1024K)]
  0x00007f473c0f2570 JavaThread "Finalizer"                  daemon [_thread_blocked, id=14444, stack(0x00007f47409ff000,0x00007f4740aff000) (1024K)]
  0x00007f473c0f3cc0 JavaThread "Signal Dispatcher"          daemon [_thread_blocked, id=14445, stack(0x00007f47408fe000,0x00007f47409fe000) (1024K)]
  0x00007f473c0f52c0 JavaThread "Service Thread"             daemon [_thread_blocked, id=14446, stack(0x00007f47407fd000,0x00007f47408fd000) (1024K)]
  0x00007f473c0f6820 JavaThread "Monitor Deflation Thread"   daemon [_thread_blocked, id=14447, stack(0x00007f47406fc000,0x00007f47407fc000) (1024K)]
  0x00007f473c0f8320 JavaThread "C2 CompilerThread0"         daemon [_thread_in_native, id=14448, stack(0x00007f47405fb000,0x00007f47406fb000) (1024K)]
  0x00007f473c0f99a0 JavaThread "C1 CompilerThread0"         daemon [_thread_blocked, id=14450, stack(0x00007f47404fa000,0x00007f47405fa000) (1024K)]
  0x00007f473c111ff0 JavaThread "Common-Cleaner"             daemon [_thread_blocked, id=14452, stack(0x00007f47403f9000,0x00007f47404f9000) (1024K)]
  0x00007f473c1ce140 JavaThread "Notification Thread"        daemon [_thread_blocked, id=14466, stack(0x00007f47401f7000,0x00007f47402f7000) (1024K)]
  0x00007f473c35be20 JavaThread "Active Thread: Equinox Container: 2cf29d1e-a418-4162-a18f-7258cfdf7ef5"        [_thread_blocked, id=14540, stack(0x00007f4729afe000,0x00007f4729bfe000) (1024K)]
  0x00007f473c3be5c0 JavaThread "Refresh Thread: Equinox Container: 2cf29d1e-a418-4162-a18f-7258cfdf7ef5" daemon [_thread_blocked, id=14553, stack(0x00007f47299fd000,0x00007f4729afd000) (1024K)]
  0x00007f4698006890 JavaThread "Framework Event Dispatcher: Equinox Container: 2cf29d1e-a418-4162-a18f-7258cfdf7ef5" daemon [_thread_blocked, id=14555, stack(0x00007f47298fc000,0x00007f47299fc000) (1024K)]
  0x00007f473c1a1ad0 JavaThread "Start Level: Equinox Container: 2cf29d1e-a418-4162-a18f-7258cfdf7ef5" daemon [_thread_blocked, id=14556, stack(0x00007f47297fb000,0x00007f47298fb000) (1024K)]
  0x00007f46903bec00 JavaThread "Bundle File Closer"         daemon [_thread_blocked, id=14579, stack(0x00007f47296fa000,0x00007f47297fa000) (1024K)]
  0x00007f46904318c0 JavaThread "SCR Component Actor"        daemon [_thread_blocked, id=14603, stack(0x00007f47295f9000,0x00007f47296f9000) (1024K)]
  0x00007f4690273aa0 JavaThread "Worker-JM"                         [_thread_blocked, id=14628, stack(0x00007f47402f8000,0x00007f47403f8000) (1024K)]
  0x00007f46903d8d90 JavaThread "Worker-0"                          [_thread_blocked, id=14638, stack(0x00007f47292f6000,0x00007f47293f6000) (1024K)]
  0x00007f469020c400 JavaThread "Worker-1"                          [_thread_blocked, id=14639, stack(0x00007f47291f5000,0x00007f47292f5000) (1024K)]
  0x00007f4678000f50 JavaThread "Worker-2"                          [_thread_blocked, id=14712, stack(0x00007f47293f7000,0x00007f47294f7000) (1024K)]
  0x00007f46801eb4e0 JavaThread "Worker-3"                          [_thread_blocked, id=14715, stack(0x00007f47290f4000,0x00007f47291f4000) (1024K)]
  0x00007f469096eea0 JavaThread "Java indexing"              daemon [_thread_blocked, id=14729, stack(0x00007f4728ef2000,0x00007f4728ff2000) (1024K)]
  0x00007f466c001700 JavaThread "Worker-4"                          [_thread_blocked, id=14799, stack(0x00007f4728df1000,0x00007f4728ef1000) (1024K)]
  0x00007f4668000f50 JavaThread "Worker-5"                          [_thread_blocked, id=14800, stack(0x00007f4728cf0000,0x00007f4728df0000) (1024K)]
  0x00007f473c190810 JavaThread "pool-2-thread-1"                   [_thread_blocked, id=14816, stack(0x00007f4728bef000,0x00007f4728cef000) (1024K)]
  0x00007f473c4107f0 JavaThread "WorkspaceEventsHandler"            [_thread_blocked, id=14838, stack(0x00007f47294f8000,0x00007f47295f8000) (1024K)]
  0x00007f473c411570 JavaThread "pool-1-thread-1"                   [_thread_blocked, id=14839, stack(0x00007f4728aee000,0x00007f4728bee000) (1024K)]
  0x0000557698fe6d70 JavaThread "Compiler Source File Reader" daemon [_thread_blocked, id=14983, stack(0x00007f47289ed000,0x00007f4728aed000) (1024K)]
  0x0000557699031e40 JavaThread "Compiler Processing Task"   daemon [_thread_blocked, id=14993, stack(0x00007f47288ec000,0x00007f47289ec000) (1024K)]
  0x00007f46c8000f50 JavaThread "Attach Listener"            daemon [_thread_blocked, id=15213, stack(0x00007f47287eb000,0x00007f47288eb000) (1024K)]
  0x00007f466c0bb3a0 JavaThread "ForkJoinPool.commonPool-worker-1" daemon [_thread_blocked, id=15366, stack(0x00007f47286ea000,0x00007f47287ea000) (1024K)]
  0x00007f4664165000 JavaThread "ForkJoinPool.commonPool-worker-2" daemon [_thread_blocked, id=15367, stack(0x00007f47285e9000,0x00007f47286e9000) (1024K)]
  0x00007f467c0018b0 JavaThread "ForkJoinPool.commonPool-worker-3" daemon [_thread_blocked, id=15368, stack(0x00007f47284e8000,0x00007f47285e8000) (1024K)]
  0x00007f46781622e0 JavaThread "Compiler Source File Reader" daemon [_thread_blocked, id=15514, stack(0x00007f47283e7000,0x00007f47284e7000) (1024K)]
  0x00007f467c06cb60 JavaThread "Cleaner-0"                  daemon [_thread_blocked, id=15838, stack(0x00007f47282e6000,0x00007f47283e6000) (1024K)]
  0x00007f468002d0b0 JavaThread "Compiler Class File Writer" daemon [_thread_blocked, id=15868, stack(0x00007f4728ff3000,0x00007f47290f3000) (1024K)]
  0x00007f466800b020 JavaThread "Compiler Class File Writer" daemon [_thread_blocked, id=16484, stack(0x00007f47281e5000,0x00007f47282e5000) (1024K)]
  0x00007f4670a63c10 JavaThread "Keep-Alive-Timer"           daemon [_thread_blocked, id=19025, stack(0x00007f46dedff000,0x00007f46deeff000) (1024K)]
  0x00007f46b85be870 JavaThread "C2 CompilerThread1"         daemon [_thread_blocked, id=19072, stack(0x00007f47280e4000,0x00007f47281e4000) (1024K)]
  0x00007f4664a9e2e0 JavaThread "pool-1-thread-2"                   [_thread_blocked, id=19118, stack(0x00007f46def00000,0x00007f46df000000) (1024K)]
Total: 40

Other Threads:
  0x00007f473c0e7c80 VMThread "VM Thread"                           [id=14438, stack(0x00007f4740f72000,0x00007f4741072000) (1024K)]
  0x00007f473c051e30 WatcherThread "VM Periodic Task Thread"        [id=14437, stack(0x00007f4741c7f000,0x00007f4741d7f000) (1024K)]
=>0x00007f473c042ea0 WorkerThread "GC Thread#0"                     [id=14431, stack(0x00007f4742539000,0x00007f4742639000) (1024K)]
  0x00007f46cc000e70 WorkerThread "GC Thread#1"                     [id=14511, stack(0x00007f47400f6000,0x00007f47401f6000) (1024K)]
  0x00007f46cc002ca0 WorkerThread "GC Thread#2"                     [id=14512, stack(0x00007f4729d00000,0x00007f4729e00000) (1024K)]
  0x00007f46cc003780 WorkerThread "GC Thread#3"                     [id=14513, stack(0x00007f4729bff000,0x00007f4729cff000) (1024K)]
Total: 6

Threads with active compile tasks:
C2 CompilerThread0  223281 15621       4       org.eclipse.jdt.internal.compiler.lookup.AnnotatableTypeSystem::getParameterizedType (11 bytes)
C1 CompilerThread0  223281 15692       3       org.jsoup.parser.CharacterReader::consumeToAny (100 bytes)
C2 CompilerThread1  223281 15650 %     4       org.lombokweb.asm.SymbolTable::<init> @ 98 (554 bytes)
Total: 3

VM state: at safepoint (normal execution)

VM Mutex/Monitor currently owned by a thread:  ([mutex/lock_event])
[0x00007f4744351e30] Threads_lock - owner thread: 0x00007f473c0e7c80
[0x00007f4744351d30] Heap_lock - owner thread: 0x00007f473c0f99a0

Heap address: 0x0000000080000000, size: 2048 MB, Compressed Oops mode: 32-bit

CDS archive(s) mapped at: [0x00007f46df000000-0x00007f46dfbbf000-0x00007f46dfbbf000), size 12316672, SharedBaseAddress: 0x00007f46df000000, ArchiveRelocationMode: 1.
Compressed class space mapped at: 0x00007f46e0000000-0x00007f4720000000, reserved size: 1073741824
Narrow klass base: 0x00007f46df000000, Narrow klass shift: 0, Narrow klass range: 0x100000000

GC Precious Log:
 CardTable entry size: 512
 CPUs: 4 total, 4 available
 Memory: 7895M
 Large Page Support: Disabled
 NUMA Support: Disabled
 Compressed Oops: Enabled (32-bit)
 Alignments: Space 512K, Generation 512K, Heap 2M
 Heap Min Capacity: 100M
 Heap Initial Capacity: 100M
 Heap Max Capacity: 2G
 Pre-touch: Disabled
 Parallel Workers: 4

Heap:
 PSYoungGen      total 6144K, used 381K [0x00000000d5580000, 0x00000000d5c80000, 0x0000000100000000)
  eden space 5632K, 0% used [0x00000000d5580000,0x00000000d5580000,0x00000000d5b00000)
  from space 512K, 74% used [0x00000000d5b80000,0x00000000d5bdf4c8,0x00000000d5c00000)
  to   space 512K, 0% used [0x00000000d5c00000,0x00000000d5c00000,0x00000000d5c80000)
 ParOldGen       total 636928K, used 636577K [0x0000000080000000, 0x00000000a6e00000, 0x00000000d5580000)
  object space 636928K, 99% used [0x0000000080000000,0x00000000a6da86f0,0x00000000a6e00000)
 Metaspace       used 77138K, committed 78656K, reserved 1179648K
  class space    used 8009K, committed 8704K, reserved 1048576K

Card table byte_map: [0x00007f4742639000,0x00007f4742a3a000] _byte_map_base: 0x00007f4742239000

Marking Bits: (ParMarkBitMap*) 0x00007f4744358000
 Begin Bits: [0x00007f4720000000, 0x00007f4722000000)
 End Bits:   [0x00007f4722000000, 0x00007f4724000000)

Polling page: 0x00007f4744674000

Metaspace:

Usage:
  Non-class:     67.51 MB used.
      Class:      7.82 MB used.
       Both:     75.33 MB used.

Virtual space:
  Non-class space:      128.00 MB reserved,      68.31 MB ( 53%) committed,  2 nodes.
      Class space:        1.00 GB reserved,       8.50 MB ( <1%) committed,  1 nodes.
             Both:        1.12 GB reserved,      76.81 MB (  7%) committed. 

Chunk freelists:
   Non-Class:  11.44 MB
       Class:  7.53 MB
        Both:  18.97 MB

MaxMetaspaceSize: unlimited
CompressedClassSpaceSize: 1.00 GB
Initial GC threshold: 21.00 MB
Current GC threshold: 97.31 MB
CDS: on
 - commit_granule_bytes: 65536.
 - commit_granule_words: 8192.
 - virtual_space_node_default_size: 8388608.
 - enlarge_chunks_in_place: 1.
 - use_allocation_guard: 0.


Internal statistics:

num_allocs_failed_limit: 9.
num_arena_births: 1344.
num_arena_deaths: 16.
num_vsnodes_births: 3.
num_vsnodes_deaths: 0.
num_space_committed: 1229.
num_space_uncommitted: 0.
num_chunks_returned_to_freelist: 25.
num_chunks_taken_from_freelist: 4953.
num_chunk_merges: 13.
num_chunk_splits: 2982.
num_chunks_enlarged: 1629.
num_inconsistent_stats: 0.

CodeHeap 'non-profiled nmethods': size=120032Kb used=12988Kb max_used=12988Kb free=107043Kb
 bounds [0x00007f47318c8000, 0x00007f4732578000, 0x00007f4738e00000]
CodeHeap 'profiled nmethods': size=120028Kb used=37095Kb max_used=37095Kb free=82933Kb
 bounds [0x00007f4729e00000, 0x00007f472c240000, 0x00007f4731337000]
CodeHeap 'non-nmethods': size=5700Kb used=1473Kb max_used=1538Kb free=4226Kb
 bounds [0x00007f4731337000, 0x00007f47315a7000, 0x00007f47318c8000]
CodeCache: size=245760Kb, used=51556Kb, max_used=51621Kb, free=194202Kb
 total_blobs=15664, nmethods=14867, adapters=700, full_count=0
Compilation: enabled, stopped_count=0, restarted_count=0

Compilation events (20 events):
Event: 222.861 Thread 0x00007f473c0f99a0 nmethod 15676 0x00007f472c232690 code [0x00007f472c232840, 0x00007f472c232aa0]
Event: 222.861 Thread 0x00007f473c0f99a0 15675       3       jdk.internal.loader.BuiltinClassLoader::findResource (48 bytes)
Event: 222.861 Thread 0x00007f473c0f99a0 nmethod 15675 0x00007f472c232c10 code [0x00007f472c232e00, 0x00007f472c233330]
Event: 222.916 Thread 0x00007f46b85be870 nmethod 15666 0x00007f4732575510 code [0x00007f4732575760, 0x00007f4732576740]
Event: 222.916 Thread 0x00007f46b85be870 15650 %     4       org.lombokweb.asm.SymbolTable::<init> @ 98 (554 bytes)
Event: 222.955 Thread 0x00007f473c0f99a0 15677       3       java.util.regex.Pattern::atom (422 bytes)
Event: 222.957 Thread 0x00007f473c0f99a0 nmethod 15677 0x00007f472c233510 code [0x00007f472c2338a0, 0x00007f472c234e38]
Event: 222.968 Thread 0x00007f473c0f99a0 15678       3       org.eclipse.text.readers.SubstitutionReader::read (104 bytes)
Event: 222.969 Thread 0x00007f473c0f99a0 nmethod 15678 0x00007f472c235510 code [0x00007f472c235740, 0x00007f472c236040]
Event: 222.969 Thread 0x00007f473c0f99a0 15679       3       org.eclipse.text.readers.SubstitutionReader::nextChar (143 bytes)
Event: 222.970 Thread 0x00007f473c0f99a0 nmethod 15679 0x00007f472c236310 code [0x00007f472c236560, 0x00007f472c236d60]
Event: 222.970 Thread 0x00007f473c0f99a0 15680   !   3       java.io.StringReader::read (52 bytes)
Event: 222.971 Thread 0x00007f473c0f99a0 nmethod 15680 0x00007f472c237010 code [0x00007f472c237240, 0x00007f472c237ae8]
Event: 222.971 Thread 0x00007f473c0f99a0 15681       3       org.eclipse.jdt.core.manipulation.internal.javadoc.CoreJavaDoc2HTMLTextReader::computeSubstitution (31 bytes)
Event: 222.971 Thread 0x00007f473c0f99a0 nmethod 15681 0x00007f472c238010 code [0x00007f472c2381e0, 0x00007f472c238438]
Event: 223.054 Thread 0x00007f473c0f99a0 15682   !   3       org.jsoup.parser.CharacterReader::bufferUp (223 bytes)
Event: 223.055 Thread 0x00007f473c0f99a0 nmethod 15682 0x00007f472c238510 code [0x00007f472c238760, 0x00007f472c2391e0]
Event: 223.074 Thread 0x00007f473c0f99a0 15689       3       org.jsoup.parser.CharacterReader::nextIndexOf (42 bytes)
Event: 223.074 Thread 0x00007f473c0f99a0 nmethod 15689 0x00007f472c239690 code [0x00007f472c239840, 0x00007f472c239ac0]
Event: 223.074 Thread 0x00007f473c0f99a0 15692       3       org.jsoup.parser.CharacterReader::consumeToAny (100 bytes)

GC Heap History (20 events):
Event: 222.095 GC heap after
{Heap after GC invocations=729 (full 3):
 PSYoungGen      total 3584K, used 432K [0x00000000d5580000, 0x00000000d5a00000, 0x0000000100000000)
  eden space 3072K, 0% used [0x00000000d5580000,0x00000000d5580000,0x00000000d5880000)
  from space 512K, 84% used [0x00000000d5980000,0x00000000d59ec010,0x00000000d5a00000)
  to   space 512K, 0% used [0x00000000d5900000,0x00000000d5900000,0x00000000d5980000)
 ParOldGen       total 629760K, used 629668K [0x0000000080000000, 0x00000000a6700000, 0x00000000d5580000)
  object space 629760K, 99% used [0x0000000080000000,0x00000000a66e91f0,0x00000000a6700000)
 Metaspace       used 76283K, committed 77760K, reserved 1179648K
  class space    used 7915K, committed 8576K, reserved 1048576K
}
Event: 222.113 GC heap before
{Heap before GC invocations=730 (full 3):
 PSYoungGen      total 3584K, used 3504K [0x00000000d5580000, 0x00000000d5a00000, 0x0000000100000000)
  eden space 3072K, 100% used [0x00000000d5580000,0x00000000d5880000,0x00000000d5880000)
  from space 512K, 84% used [0x00000000d5980000,0x00000000d59ec010,0x00000000d5a00000)
  to   space 512K, 0% used [0x00000000d5900000,0x00000000d5900000,0x00000000d5980000)
 ParOldGen       total 629760K, used 629668K [0x0000000080000000, 0x00000000a6700000, 0x00000000d5580000)
  object space 629760K, 99% used [0x0000000080000000,0x00000000a66e91f0,0x00000000a6700000)
 Metaspace       used 76284K, committed 77760K, reserved 1179648K
  class space    used 7915K, committed 8576K, reserved 1048576K
}
Event: 222.117 GC heap after
{Heap after GC invocations=730 (full 3):
 PSYoungGen      total 3584K, used 512K [0x00000000d5580000, 0x00000000d5b80000, 0x0000000100000000)
  eden space 3072K, 0% used [0x00000000d5580000,0x00000000d5580000,0x00000000d5880000)
  from space 512K, 100% used [0x00000000d5900000,0x00000000d5980000,0x00000000d5980000)
  to   space 1536K, 0% used [0x00000000d5a00000,0x00000000d5a00000,0x00000000d5b80000)
 ParOldGen       total 630272K, used 630174K [0x0000000080000000, 0x00000000a6780000, 0x00000000d5580000)
  object space 630272K, 99% used [0x0000000080000000,0x00000000a6767b00,0x00000000a6780000)
 Metaspace       used 76284K, committed 77760K, reserved 1179648K
  class space    used 7915K, committed 8576K, reserved 1048576K
}
Event: 222.323 GC heap before
{Heap before GC invocations=731 (full 3):
 PSYoungGen      total 3584K, used 3584K [0x00000000d5580000, 0x00000000d5b80000, 0x0000000100000000)
  eden space 3072K, 100% used [0x00000000d5580000,0x00000000d5880000,0x00000000d5880000)
  from space 512K, 100% used [0x00000000d5900000,0x00000000d5980000,0x00000000d5980000)
  to   space 1536K, 0% used [0x00000000d5a00000,0x00000000d5a00000,0x00000000d5b80000)
 ParOldGen       total 630272K, used 630174K [0x0000000080000000, 0x00000000a6780000, 0x00000000d5580000)
  object space 630272K, 99% used [0x0000000080000000,0x00000000a6767b00,0x00000000a6780000)
 Metaspace       used 76307K, committed 77824K, reserved 1179648K
  class space    used 7918K, committed 8576K, reserved 1048576K
}
Event: 222.343 GC heap after
{Heap after GC invocations=731 (full 3):
 PSYoungGen      total 3584K, used 512K [0x00000000d5580000, 0x00000000d5a80000, 0x0000000100000000)
  eden space 3072K, 0% used [0x00000000d5580000,0x00000000d5580000,0x00000000d5880000)
  from space 512K, 100% used [0x00000000d5a00000,0x00000000d5a80000,0x00000000d5a80000)
  to   space 1024K, 0% used [0x00000000d5880000,0x00000000d5880000,0x00000000d5980000)
 ParOldGen       total 630784K, used 630694K [0x0000000080000000, 0x00000000a6800000, 0x00000000d5580000)
  object space 630784K, 99% used [0x0000000080000000,0x00000000a67e9b00,0x00000000a6800000)
 Metaspace       used 76307K, committed 77824K, reserved 1179648K
  class space    used 7918K, committed 8576K, reserved 1048576K
}
Event: 222.407 GC heap before
{Heap before GC invocations=732 (full 3):
 PSYoungGen      total 3584K, used 3584K [0x00000000d5580000, 0x00000000d5a80000, 0x0000000100000000)
  eden space 3072K, 100% used [0x00000000d5580000,0x00000000d5880000,0x00000000d5880000)
  from space 512K, 100% used [0x00000000d5a00000,0x00000000d5a80000,0x00000000d5a80000)
  to   space 1024K, 0% used [0x00000000d5880000,0x00000000d5880000,0x00000000d5980000)
 ParOldGen       total 630784K, used 630694K [0x0000000080000000, 0x00000000a6800000, 0x00000000d5580000)
  object space 630784K, 99% used [0x0000000080000000,0x00000000a67e9b00,0x00000000a6800000)
 Metaspace       used 76327K, committed 77824K, reserved 1179648K
  class space    used 7918K, committed 8576K, reserved 1048576K
}
Event: 222.417 GC heap after
{Heap after GC invocations=732 (full 3):
 PSYoungGen      total 4096K, used 64K [0x00000000d5580000, 0x00000000d5a80000, 0x0000000100000000)
  eden space 3072K, 0% used [0x00000000d5580000,0x00000000d5580000,0x00000000d5880000)
  from space 1024K, 6% used [0x00000000d5880000,0x00000000d5890000,0x00000000d5980000)
  to   space 512K, 0% used [0x00000000d5a00000,0x00000000d5a00000,0x00000000d5a80000)
 ParOldGen       total 631296K, used 631139K [0x0000000080000000, 0x00000000a6880000, 0x00000000d5580000)
  object space 631296K, 99% used [0x0000000080000000,0x00000000a6858f00,0x00000000a6880000)
 Metaspace       used 76327K, committed 77824K, reserved 1179648K
  class space    used 7918K, committed 8576K, reserved 1048576K
}
Event: 222.504 GC heap before
{Heap before GC invocations=733 (full 3):
 PSYoungGen      total 4096K, used 3136K [0x00000000d5580000, 0x00000000d5a80000, 0x0000000100000000)
  eden space 3072K, 100% used [0x00000000d5580000,0x00000000d5880000,0x00000000d5880000)
  from space 1024K, 6% used [0x00000000d5880000,0x00000000d5890000,0x00000000d5980000)
  to   space 512K, 0% used [0x00000000d5a00000,0x00000000d5a00000,0x00000000d5a80000)
 ParOldGen       total 631296K, used 631139K [0x0000000080000000, 0x00000000a6880000, 0x00000000d5580000)
  object space 631296K, 99% used [0x0000000080000000,0x00000000a6858f00,0x00000000a6880000)
 Metaspace       used 76328K, committed 77824K, reserved 1179648K
  class space    used 7918K, committed 8576K, reserved 1048576K
}
Event: 222.515 GC heap after
{Heap after GC invocations=733 (full 3):
 PSYoungGen      total 3584K, used 496K [0x00000000d5580000, 0x00000000d5a80000, 0x0000000100000000)
  eden space 3072K, 0% used [0x00000000d5580000,0x00000000d5580000,0x00000000d5880000)
  from space 512K, 96% used [0x00000000d5a00000,0x00000000d5a7c010,0x00000000d5a80000)
  to   space 1024K, 0% used [0x00000000d5880000,0x00000000d5880000,0x00000000d5980000)
 ParOldGen       total 631296K, used 631198K [0x0000000080000000, 0x00000000a6880000, 0x00000000d5580000)
  object space 631296K, 99% used [0x0000000080000000,0x00000000a6867800,0x00000000a6880000)
 Metaspace       used 76328K, committed 77824K, reserved 1179648K
  class space    used 7918K, committed 8576K, reserved 1048576K
}
Event: 222.534 GC heap before
{Heap before GC invocations=734 (full 3):
 PSYoungGen      total 3584K, used 3568K [0x00000000d5580000, 0x00000000d5a80000, 0x0000000100000000)
  eden space 3072K, 100% used [0x00000000d5580000,0x00000000d5880000,0x00000000d5880000)
  from space 512K, 96% used [0x00000000d5a00000,0x00000000d5a7c010,0x00000000d5a80000)
  to   space 1024K, 0% used [0x00000000d5880000,0x00000000d5880000,0x00000000d5980000)
 ParOldGen       total 631296K, used 631198K [0x0000000080000000, 0x00000000a6880000, 0x00000000d5580000)
  object space 631296K, 99% used [0x0000000080000000,0x00000000a6867800,0x00000000a6880000)
 Metaspace       used 76329K, committed 77824K, reserved 1179648K
  class space    used 7918K, committed 8576K, reserved 1048576K
}
Event: 222.550 GC heap after
{Heap after GC invocations=734 (full 3):
 PSYoungGen      total 4096K, used 1011K [0x00000000d5580000, 0x00000000d6080000, 0x0000000100000000)
  eden space 3072K, 0% used [0x00000000d5580000,0x00000000d5580000,0x00000000d5880000)
  from space 1024K, 98% used [0x00000000d5880000,0x00000000d597cf70,0x00000000d5980000)
  to   space 3584K, 0% used [0x00000000d5d00000,0x00000000d5d00000,0x00000000d6080000)
 ParOldGen       total 633344K, used 632910K [0x0000000080000000, 0x00000000a6a80000, 0x00000000d5580000)
  object space 633344K, 99% used [0x0000000080000000,0x00000000a6a13800,0x00000000a6a80000)
 Metaspace       used 76329K, committed 77824K, reserved 1179648K
  class space    used 7918K, committed 8576K, reserved 1048576K
}
Event: 222.566 GC heap before
{Heap before GC invocations=735 (full 3):
 PSYoungGen      total 4096K, used 4083K [0x00000000d5580000, 0x00000000d6080000, 0x0000000100000000)
  eden space 3072K, 100% used [0x00000000d5580000,0x00000000d5880000,0x00000000d5880000)
  from space 1024K, 98% used [0x00000000d5880000,0x00000000d597cf70,0x00000000d5980000)
  to   space 3584K, 0% used [0x00000000d5d00000,0x00000000d5d00000,0x00000000d6080000)
 ParOldGen       total 633344K, used 632910K [0x0000000080000000, 0x00000000a6a80000, 0x00000000d5580000)
  object space 633344K, 99% used [0x0000000080000000,0x00000000a6a13800,0x00000000a6a80000)
 Metaspace       used 76329K, committed 77824K, reserved 1179648K
  class space    used 7918K, committed 8576K, reserved 1048576K
}
Event: 222.584 GC heap after
{Heap after GC invocations=735 (full 3):
 PSYoungGen      total 6144K, used 2048K [0x00000000d5580000, 0x00000000d5f00000, 0x0000000100000000)
  eden space 4096K, 0% used [0x00000000d5580000,0x00000000d5580000,0x00000000d5980000)
  from space 2048K, 100% used [0x00000000d5d00000,0x00000000d5f00000,0x00000000d5f00000)
  to   space 2560K, 0% used [0x00000000d5a00000,0x00000000d5a00000,0x00000000d5c80000)
 ParOldGen       total 634368K, used 633913K [0x0000000080000000, 0x00000000a6b80000, 0x00000000d5580000)
  object space 634368K, 99% used [0x0000000080000000,0x00000000a6b0e770,0x00000000a6b80000)
 Metaspace       used 76329K, committed 77824K, reserved 1179648K
  class space    used 7918K, committed 8576K, reserved 1048576K
}
Event: 222.611 GC heap before
{Heap before GC invocations=736 (full 3):
 PSYoungGen      total 6144K, used 6144K [0x00000000d5580000, 0x00000000d5f00000, 0x0000000100000000)
  eden space 4096K, 100% used [0x00000000d5580000,0x00000000d5980000,0x00000000d5980000)
  from space 2048K, 100% used [0x00000000d5d00000,0x00000000d5f00000,0x00000000d5f00000)
  to   space 2560K, 0% used [0x00000000d5a00000,0x00000000d5a00000,0x00000000d5c80000)
 ParOldGen       total 634368K, used 633913K [0x0000000080000000, 0x00000000a6b80000, 0x00000000d5580000)
  object space 634368K, 99% used [0x0000000080000000,0x00000000a6b0e770,0x00000000a6b80000)
 Metaspace       used 76330K, committed 77824K, reserved 1179648K
  class space    used 7918K, committed 8576K, reserved 1048576K
}
Event: 222.620 GC heap after
{Heap after GC invocations=736 (full 3):
 PSYoungGen      total 5632K, used 768K [0x00000000d5580000, 0x00000000d5d80000, 0x0000000100000000)
  eden space 4608K, 0% used [0x00000000d5580000,0x00000000d5580000,0x00000000d5a00000)
  from space 1024K, 75% used [0x00000000d5a00000,0x00000000d5ac0000,0x00000000d5b00000)
  to   space 1536K, 0% used [0x00000000d5c00000,0x00000000d5c00000,0x00000000d5d80000)
 ParOldGen       total 635904K, used 635801K [0x0000000080000000, 0x00000000a6d00000, 0x00000000d5580000)
  object space 635904K, 99% used [0x0000000080000000,0x00000000a6ce6770,0x00000000a6d00000)
 Metaspace       used 76330K, committed 77824K, reserved 1179648K
  class space    used 7918K, committed 8576K, reserved 1048576K
}
Event: 222.883 GC heap before
{Heap before GC invocations=737 (full 3):
 PSYoungGen      total 5632K, used 5376K [0x00000000d5580000, 0x00000000d5d80000, 0x0000000100000000)
  eden space 4608K, 100% used [0x00000000d5580000,0x00000000d5a00000,0x00000000d5a00000)
  from space 1024K, 75% used [0x00000000d5a00000,0x00000000d5ac0000,0x00000000d5b00000)
  to   space 1536K, 0% used [0x00000000d5c00000,0x00000000d5c00000,0x00000000d5d80000)
 ParOldGen       total 635904K, used 635801K [0x0000000080000000, 0x00000000a6d00000, 0x00000000d5580000)
  object space 635904K, 99% used [0x0000000080000000,0x00000000a6ce6770,0x00000000a6d00000)
 Metaspace       used 76563K, committed 78080K, reserved 1179648K
  class space    used 7944K, committed 8640K, reserved 1048576K
}
Event: 222.890 GC heap after
{Heap after GC invocations=737 (full 3):
 PSYoungGen      total 6144K, used 128K [0x00000000d5580000, 0x00000000d5c80000, 0x0000000100000000)
  eden space 5632K, 0% used [0x00000000d5580000,0x00000000d5580000,0x00000000d5b00000)
  from space 512K, 25% used [0x00000000d5c00000,0x00000000d5c20000,0x00000000d5c80000)
  to   space 512K, 0% used [0x00000000d5b80000,0x00000000d5b80000,0x00000000d5c00000)
 ParOldGen       total 636928K, used 636497K [0x0000000080000000, 0x00000000a6e00000, 0x00000000d5580000)
  object space 636928K, 99% used [0x0000000080000000,0x00000000a6d946e0,0x00000000a6e00000)
 Metaspace       used 76563K, committed 78080K, reserved 1179648K
  class space    used 7944K, committed 8640K, reserved 1048576K
}
Event: 223.077 GC heap before
{Heap before GC invocations=738 (full 3):
 PSYoungGen      total 6144K, used 3692K [0x00000000d5580000, 0x00000000d5c80000, 0x0000000100000000)
  eden space 5632K, 63% used [0x00000000d5580000,0x00000000d58fb1b8,0x00000000d5b00000)
  from space 512K, 25% used [0x00000000d5c00000,0x00000000d5c20000,0x00000000d5c80000)
  to   space 512K, 0% used [0x00000000d5b80000,0x00000000d5b80000,0x00000000d5c00000)
 ParOldGen       total 636928K, used 636497K [0x0000000080000000, 0x00000000a6e00000, 0x00000000d5580000)
  object space 636928K, 99% used [0x0000000080000000,0x00000000a6d946e0,0x00000000a6e00000)
 Metaspace       used 77138K, committed 78656K, reserved 1179648K
  class space    used 8009K, committed 8704K, reserved 1048576K
}
Event: 223.100 GC heap after
{Heap after GC invocations=738 (full 3):
 PSYoungGen      total 6144K, used 381K [0x00000000d5580000, 0x00000000d5c80000, 0x0000000100000000)
  eden space 5632K, 0% used [0x00000000d5580000,0x00000000d5580000,0x00000000d5b00000)
  from space 512K, 74% used [0x00000000d5b80000,0x00000000d5bdf4c8,0x00000000d5c00000)
  to   space 512K, 0% used [0x00000000d5c00000,0x00000000d5c00000,0x00000000d5c80000)
 ParOldGen       total 636928K, used 636577K [0x0000000080000000, 0x00000000a6e00000, 0x00000000d5580000)
  object space 636928K, 99% used [0x0000000080000000,0x00000000a6da86f0,0x00000000a6e00000)
 Metaspace       used 77138K, committed 78656K, reserved 1179648K
  class space    used 8009K, committed 8704K, reserved 1048576K
}
Event: 223.100 GC heap before
{Heap before GC invocations=739 (full 4):
 PSYoungGen      total 6144K, used 381K [0x00000000d5580000, 0x00000000d5c80000, 0x0000000100000000)
  eden space 5632K, 0% used [0x00000000d5580000,0x00000000d5580000,0x00000000d5b00000)
  from space 512K, 74% used [0x00000000d5b80000,0x00000000d5bdf4c8,0x00000000d5c00000)
  to   space 512K, 0% used [0x00000000d5c00000,0x00000000d5c00000,0x00000000d5c80000)
 ParOldGen       total 636928K, used 636577K [0x0000000080000000, 0x00000000a6e00000, 0x00000000d5580000)
  object space 636928K, 99% used [0x0000000080000000,0x00000000a6da86f0,0x00000000a6e00000)
 Metaspace       used 77138K, committed 78656K, reserved 1179648K
  class space    used 8009K, committed 8704K, reserved 1048576K
}

Dll operation events (12 events):
Event: 0.007 Loaded shared library /home/mk/.vscode/extensions/redhat.java-1.44.0-linux-x64/jre/21.0.8-linux-x86_64/lib/libjava.so
Event: 0.207 Loaded shared library /home/mk/.vscode/extensions/redhat.java-1.44.0-linux-x64/jre/21.0.8-linux-x86_64/lib/libzip.so
Event: 0.262 Loaded shared library /home/mk/.vscode/extensions/redhat.java-1.44.0-linux-x64/jre/21.0.8-linux-x86_64/lib/libinstrument.so
Event: 0.268 Loaded shared library /home/mk/.vscode/extensions/redhat.java-1.44.0-linux-x64/jre/21.0.8-linux-x86_64/lib/libnio.so
Event: 0.272 Loaded shared library /home/mk/.vscode/extensions/redhat.java-1.44.0-linux-x64/jre/21.0.8-linux-x86_64/lib/libzip.so
Event: 0.315 Loaded shared library /home/mk/.vscode/extensions/redhat.java-1.44.0-linux-x64/jre/21.0.8-linux-x86_64/lib/libjimage.so
Event: 0.533 Loaded shared library /home/mk/.vscode/extensions/redhat.java-1.44.0-linux-x64/jre/21.0.8-linux-x86_64/lib/libverify.so
Event: 3.129 Loaded shared library /home/mk/.vscode/extensions/redhat.java-1.44.0-linux-x64/jre/21.0.8-linux-x86_64/lib/libnet.so
Event: 5.630 Loaded shared library /home/mk/.config/Code/User/globalStorage/redhat.java/1.44.0/config_linux/org.eclipse.equinox.launcher/org.eclipse.equinox.launcher.gtk.linux.x86_64_1.2.1500.v20250730-1736/eclipse_11913.so
Event: 10.205 Loaded shared library /home/mk/.vscode/extensions/redhat.java-1.44.0-linux-x64/jre/21.0.8-linux-x86_64/lib/libmanagement.so
Event: 10.208 Loaded shared library /home/mk/.vscode/extensions/redhat.java-1.44.0-linux-x64/jre/21.0.8-linux-x86_64/lib/libmanagement_ext.so
Event: 216.421 Loaded shared library /home/mk/.vscode/extensions/redhat.java-1.44.0-linux-x64/jre/21.0.8-linux-x86_64/lib/libextnet.so

Deoptimization events (20 events):
Event: 222.106 Thread 0x00007f467c0018b0 Uncommon trap: trap_request=0xffffff45 fr.pc=0x00007f473248fbf0 relative=0x0000000000001dd0
Event: 222.106 Thread 0x00007f467c0018b0 Uncommon trap: reason=unstable_if action=reinterpret pc=0x00007f473248fbf0 method=java.lang.CharacterDataLatin1.equalsIgnoreCase(BB)Z @ 24 c2
Event: 222.106 Thread 0x00007f467c0018b0 DEOPT PACKING pc=0x00007f473248fbf0 sp=0x00007f47285e53a0
Event: 222.106 Thread 0x00007f467c0018b0 DEOPT UNPACKING pc=0x00007f473138a399 sp=0x00007f47285e51a8 mode 2
Event: 222.131 Thread 0x00007f467c0018b0 Uncommon trap: trap_request=0xffffff45 fr.pc=0x00007f4731958dd4 relative=0x00000000000005b4
Event: 222.131 Thread 0x00007f467c0018b0 Uncommon trap: reason=unstable_if action=reinterpret pc=0x00007f4731958dd4 method=java.util.HashMap$HashIterator.<init>(Ljava/util/HashMap;)V @ 45 c2
Event: 222.131 Thread 0x00007f467c0018b0 DEOPT PACKING pc=0x00007f4731958dd4 sp=0x00007f47285e5ac0
Event: 222.131 Thread 0x00007f467c0018b0 DEOPT UNPACKING pc=0x00007f473138a399 sp=0x00007f47285e5888 mode 2
Event: 222.948 Thread 0x00007f4664a9e2e0 Uncommon trap: trap_request=0xffffff45 fr.pc=0x00007f4731e01864 relative=0x0000000000000884
Event: 222.948 Thread 0x00007f4664a9e2e0 Uncommon trap: reason=unstable_if action=reinterpret pc=0x00007f4731e01864 method=java.util.regex.Pattern.newSlice([IIZ)Ljava/util/regex/Pattern$Node; @ 10 c2
Event: 222.949 Thread 0x00007f4664a9e2e0 DEOPT PACKING pc=0x00007f4731e01864 sp=0x00007f46deffd6d0
Event: 222.949 Thread 0x00007f4664a9e2e0 DEOPT UNPACKING pc=0x00007f473138a399 sp=0x00007f46deffd600 mode 2
Event: 222.949 Thread 0x00007f4664a9e2e0 Uncommon trap: trap_request=0xffffff45 fr.pc=0x00007f4731d91fa8 relative=0x0000000000000368
Event: 222.949 Thread 0x00007f4664a9e2e0 Uncommon trap: reason=unstable_if action=reinterpret pc=0x00007f4731d91fa8 method=java.util.regex.Pattern.newSlice([IIZ)Ljava/util/regex/Pattern$Node; @ 10 c2
Event: 222.949 Thread 0x00007f4664a9e2e0 DEOPT PACKING pc=0x00007f4731d91fa8 sp=0x00007f46deffd270
Event: 222.949 Thread 0x00007f4664a9e2e0 DEOPT UNPACKING pc=0x00007f473138a399 sp=0x00007f46deffd230 mode 2
Event: 223.053 Thread 0x00007f4664a9e2e0 Uncommon trap: trap_request=0xffffff45 fr.pc=0x00007f4731dc850c relative=0x000000000000052c
Event: 223.053 Thread 0x00007f4664a9e2e0 Uncommon trap: reason=unstable_if action=reinterpret pc=0x00007f4731dc850c method=java.io.StringReader.read([CII)I @ 21 c2
Event: 223.053 Thread 0x00007f4664a9e2e0 DEOPT PACKING pc=0x00007f4731dc850c sp=0x00007f46deffd290
Event: 223.053 Thread 0x00007f4664a9e2e0 DEOPT UNPACKING pc=0x00007f473138a399 sp=0x00007f46deffd258 mode 2

Classes loaded (20 events):
Event: 217.652 Loading class sun/net/www/MeteredStream done
Event: 217.652 Loading class sun/net/www/http/KeepAliveStream done
Event: 217.652 Loading class sun/net/www/http/KeepAliveStreamCleaner
Event: 217.652 Loading class sun/net/www/http/KeepAliveStreamCleaner done
Event: 217.676 Loading class sun/net/www/http/KeepAliveStreamCleaner$1
Event: 217.676 Loading class sun/net/www/http/KeepAliveStreamCleaner$1 done
Event: 217.676 Loading class sun/net/www/http/KeepAliveStreamCleaner$2
Event: 217.676 Loading class sun/net/www/http/KeepAliveStreamCleaner$2 done
Event: 217.677 Loading class sun/net/www/protocol/http/HttpURLConnection$HttpInputStream
Event: 217.683 Loading class sun/net/www/protocol/http/HttpURLConnection$HttpInputStream done
Event: 217.816 Loading class sun/net/www/http/KeepAliveCache$1
Event: 217.816 Loading class sun/net/www/http/KeepAliveCache$1 done
Event: 217.819 Loading class sun/net/www/http/KeepAliveCache$ClientVector
Event: 217.819 Loading class sun/net/www/http/KeepAliveCache$ClientVector done
Event: 217.830 Loading class sun/net/www/http/KeepAliveEntry
Event: 217.831 Loading class sun/net/www/http/KeepAliveEntry done
Event: 223.051 Loading class java/io/CharArrayReader
Event: 223.051 Loading class java/io/CharArrayReader done
Event: 223.051 Loading class java/util/regex/Pattern$Bound
Event: 223.052 Loading class java/util/regex/Pattern$Bound done

Classes unloaded (8 events):
Event: 12.777 Thread 0x00007f473c0e7c80 Unloading class 0x00007f46e01ab000 'java/lang/invoke/LambdaForm$MH+0x00007f46e01ab000'
Event: 12.777 Thread 0x00007f473c0e7c80 Unloading class 0x00007f46e01aac00 'java/lang/invoke/LambdaForm$MH+0x00007f46e01aac00'
Event: 12.777 Thread 0x00007f473c0e7c80 Unloading class 0x00007f46e01aa800 'java/lang/invoke/LambdaForm$MH+0x00007f46e01aa800'
Event: 12.777 Thread 0x00007f473c0e7c80 Unloading class 0x00007f46e01aa400 'java/lang/invoke/LambdaForm$MH+0x00007f46e01aa400'
Event: 12.777 Thread 0x00007f473c0e7c80 Unloading class 0x00007f46e01aa000 'java/lang/invoke/LambdaForm$BMH+0x00007f46e01aa000'
Event: 12.777 Thread 0x00007f473c0e7c80 Unloading class 0x00007f46e01a9c00 'java/lang/invoke/LambdaForm$DMH+0x00007f46e01a9c00'
Event: 12.777 Thread 0x00007f473c0e7c80 Unloading class 0x00007f46e01a8800 'java/lang/invoke/LambdaForm$DMH+0x00007f46e01a8800'
Event: 17.023 Thread 0x00007f473c0e7c80 Unloading class 0x00007f46e02a2400 'java/lang/invoke/LambdaForm$MH+0x00007f46e02a2400'

Classes redefined (0 events):
No events

Internal exceptions (20 events):
Event: 218.190 Thread 0x00007f473c411570 Exception <a 'java/lang/ArrayIndexOutOfBoundsException'{0x00000000d574cc70}> (0x00000000d574cc70) 
thrown [src/hotspot/share/runtime/sharedRuntime.cpp, line 625]
Event: 218.199 Thread 0x00007f473c411570 Exception <a 'java/lang/NoSuchMethodError'{0x00000000d57c5970}: 'java.lang.Object java.lang.invoke.DirectMethodHandle$Holder.invokeStatic(java.lang.Object, java.lang.Object, int, java.lang.Object, java.lang.Object)'> (0x00000000d57c5970) 
thrown [src/hotspot/share/interpreter/linkResolver.cpp, line 772]
Event: 218.369 Thread 0x00007f4664165000 Exception <a 'java/lang/ArrayIndexOutOfBoundsException'{0x00000000d592e6a0}> (0x00000000d592e6a0) 
thrown [src/hotspot/share/runtime/sharedRuntime.cpp, line 625]
Event: 218.835 Thread 0x00007f4664165000 Exception <a 'java/lang/ArrayIndexOutOfBoundsException'{0x00000000d58ebaa0}> (0x00000000d58ebaa0) 
thrown [src/hotspot/share/runtime/sharedRuntime.cpp, line 625]
Event: 219.089 Thread 0x00007f4664165000 Exception <a 'java/lang/ArrayIndexOutOfBoundsException'{0x00000000d57a5478}> (0x00000000d57a5478) 
thrown [src/hotspot/share/runtime/sharedRuntime.cpp, line 625]
Event: 219.906 Thread 0x00007f4664165000 Exception <a 'java/lang/ArrayIndexOutOfBoundsException'{0x00000000d5819f20}> (0x00000000d5819f20) 
thrown [src/hotspot/share/runtime/sharedRuntime.cpp, line 625]
Event: 220.229 Thread 0x00007f4664165000 Exception <a 'java/lang/ArrayIndexOutOfBoundsException'{0x00000000d59c12d8}> (0x00000000d59c12d8) 
thrown [src/hotspot/share/runtime/sharedRuntime.cpp, line 625]
Event: 220.382 Thread 0x00007f473c411570 Exception <a 'java/lang/ArrayIndexOutOfBoundsException'{0x00000000d56f2810}> (0x00000000d56f2810) 
thrown [src/hotspot/share/runtime/sharedRuntime.cpp, line 625]
Event: 220.598 Thread 0x00007f467c0018b0 Exception <a 'java/lang/ArrayIndexOutOfBoundsException'{0x00000000d5861bc8}> (0x00000000d5861bc8) 
thrown [src/hotspot/share/runtime/sharedRuntime.cpp, line 625]
Event: 220.613 Thread 0x00007f467c0018b0 Exception <a 'java/lang/ArrayIndexOutOfBoundsException'{0x00000000d594b378}> (0x00000000d594b378) 
thrown [src/hotspot/share/runtime/sharedRuntime.cpp, line 625]
Event: 220.928 Thread 0x00007f467c0018b0 Exception <a 'java/lang/ArrayIndexOutOfBoundsException'{0x00000000d59226d8}> (0x00000000d59226d8) 
thrown [src/hotspot/share/runtime/sharedRuntime.cpp, line 625]
Event: 221.380 Thread 0x00007f467c0018b0 Exception <a 'java/lang/ArrayIndexOutOfBoundsException'{0x00000000d55b7450}> (0x00000000d55b7450) 
thrown [src/hotspot/share/runtime/sharedRuntime.cpp, line 625]
Event: 221.511 Thread 0x00007f469096eea0 Exception <a 'sun/nio/fs/UnixException'{0x00000000d5687b30}> (0x00000000d5687b30) 
thrown [src/hotspot/share/prims/jni.cpp, line 520]
Event: 221.621 Thread 0x00007f469096eea0 Exception <a 'sun/nio/fs/UnixException'{0x00000000d5683a68}> (0x00000000d5683a68) 
thrown [src/hotspot/share/prims/jni.cpp, line 520]
Event: 221.819 Thread 0x00007f467c0018b0 Exception <a 'java/lang/ArrayIndexOutOfBoundsException'{0x00000000d57be398}> (0x00000000d57be398) 
thrown [src/hotspot/share/runtime/sharedRuntime.cpp, line 625]
Event: 221.946 Thread 0x00007f467c0018b0 Exception <a 'java/lang/ArrayIndexOutOfBoundsException'{0x00000000d56c7fc0}> (0x00000000d56c7fc0) 
thrown [src/hotspot/share/runtime/sharedRuntime.cpp, line 625]
Event: 222.107 Thread 0x00007f466c0bb3a0 Exception <a 'java/lang/ArrayIndexOutOfBoundsException'{0x00000000d5717878}> (0x00000000d5717878) 
thrown [src/hotspot/share/runtime/sharedRuntime.cpp, line 625]
Event: 222.141 Thread 0x00007f467c0018b0 Exception <a 'java/lang/ArrayIndexOutOfBoundsException'{0x00000000d57fbad0}> (0x00000000d57fbad0) 
thrown [src/hotspot/share/runtime/sharedRuntime.cpp, line 625]
Event: 222.490 Thread 0x00007f467c0018b0 Exception <a 'java/lang/ArrayIndexOutOfBoundsException'{0x00000000d57f40e8}> (0x00000000d57f40e8) 
thrown [src/hotspot/share/runtime/sharedRuntime.cpp, line 625]
Event: 222.620 Thread 0x00007f467c0018b0 Exception <a 'java/lang/ArrayIndexOutOfBoundsException'{0x00000000d5581d50}> (0x00000000d5581d50) 
thrown [src/hotspot/share/runtime/sharedRuntime.cpp, line 625]

ZGC Phase Switch (0 events):
No events

VM Operations (20 events):
Event: 222.096 Executing VM operation: ParallelGCFailedAllocation (Allocation Failure) done
Event: 222.113 Executing VM operation: ParallelGCFailedAllocation (Allocation Failure)
Event: 222.118 Executing VM operation: ParallelGCFailedAllocation (Allocation Failure) done
Event: 222.323 Executing VM operation: ParallelGCFailedAllocation (Allocation Failure)
Event: 222.343 Executing VM operation: ParallelGCFailedAllocation (Allocation Failure) done
Event: 222.407 Executing VM operation: ParallelGCFailedAllocation (Allocation Failure)
Event: 222.417 Executing VM operation: ParallelGCFailedAllocation (Allocation Failure) done
Event: 222.504 Executing VM operation: ParallelGCFailedAllocation (Allocation Failure)
Event: 222.515 Executing VM operation: ParallelGCFailedAllocation (Allocation Failure) done
Event: 222.534 Executing VM operation: ParallelGCFailedAllocation (Allocation Failure)
Event: 222.550 Executing VM operation: ParallelGCFailedAllocation (Allocation Failure) done
Event: 222.566 Executing VM operation: ParallelGCFailedAllocation (Allocation Failure)
Event: 222.584 Executing VM operation: ParallelGCFailedAllocation (Allocation Failure) done
Event: 222.611 Executing VM operation: ParallelGCFailedAllocation (Allocation Failure)
Event: 222.620 Executing VM operation: ParallelGCFailedAllocation (Allocation Failure) done
Event: 222.883 Executing VM operation: ParallelGCFailedAllocation (Allocation Failure)
Event: 222.890 Executing VM operation: ParallelGCFailedAllocation (Allocation Failure) done
Event: 223.051 Executing VM operation: HandshakeAllThreads (Deoptimize)
Event: 223.051 Executing VM operation: HandshakeAllThreads (Deoptimize) done
Event: 223.077 Executing VM operation: ParallelGCSystemGC (CodeCache GC Threshold)

Memory protections (20 events):
Event: 150.375 Protecting memory [0x00007f47280e4000,0x00007f47280e8000] with protection modes 0
Event: 157.496 Protecting memory [0x00007f47280e4000,0x00007f47280e8000] with protection modes 0
Event: 179.124 Protecting memory [0x00007f47280e4000,0x00007f47280e8000] with protection modes 0
Event: 182.350 Protecting memory [0x00007f47280e4000,0x00007f47280e8000] with protection modes 0
Event: 192.184 Protecting memory [0x00007f47280e4000,0x00007f47280e8000] with protection modes 0
Event: 202.946 Protecting memory [0x00007f47280e4000,0x00007f47280e8000] with protection modes 0
Event: 208.360 Protecting memory [0x00007f47280e4000,0x00007f47280e8000] with protection modes 0
Event: 208.869 Protecting memory [0x00007f47280e4000,0x00007f47280e8000] with protection modes 0
Event: 211.649 Protecting memory [0x00007f47280e4000,0x00007f47280e8000] with protection modes 0
Event: 214.145 Protecting memory [0x00007f47280e4000,0x00007f47280e8000] with protection modes 0
Event: 214.825 Protecting memory [0x00007f47280e4000,0x00007f47280e8000] with protection modes 0
Event: 215.443 Protecting memory [0x00007f47280e4000,0x00007f47280e8000] with protection modes 0
Event: 215.586 Protecting memory [0x00007f46def00000,0x00007f46def04000] with protection modes 0
Event: 217.287 Protecting memory [0x00007f46dedff000,0x00007f46dee03000] with protection modes 0
Event: 217.822 Protecting memory [0x00007f46dedff000,0x00007f46dee03000] with protection modes 0
Event: 218.302 Protecting memory [0x00007f47280e4000,0x00007f47280e8000] with protection modes 0
Event: 220.496 Protecting memory [0x00007f47280e4000,0x00007f47280e8000] with protection modes 0
Event: 220.514 Protecting memory [0x00007f46def00000,0x00007f46def04000] with protection modes 0
Event: 222.081 Protecting memory [0x00007f47280e4000,0x00007f47280e8000] with protection modes 0
Event: 222.806 Protecting memory [0x00007f46def00000,0x00007f46def04000] with protection modes 0

Nmethod flushes (20 events):
Event: 49.834 Thread 0x00007f473c0e7c80 flushing  nmethod 0x00007f472a5fac10
Event: 49.834 Thread 0x00007f473c0e7c80 flushing  nmethod 0x00007f472a5fb010
Event: 49.834 Thread 0x00007f473c0e7c80 flushing  nmethod 0x00007f472a5fb910
Event: 49.834 Thread 0x00007f473c0e7c80 flushing  nmethod 0x00007f472a5fc810
Event: 49.834 Thread 0x00007f473c0e7c80 flushing  nmethod 0x00007f472a5fcd90
Event: 49.834 Thread 0x00007f473c0e7c80 flushing  nmethod 0x00007f472a5fd310
Event: 49.834 Thread 0x00007f473c0e7c80 flushing  nmethod 0x00007f472a5fdb90
Event: 49.834 Thread 0x00007f473c0e7c80 flushing  nmethod 0x00007f472a5fea10
Event: 49.834 Thread 0x00007f473c0e7c80 flushing  nmethod 0x00007f472a5fef10
Event: 49.834 Thread 0x00007f473c0e7c80 flushing  nmethod 0x00007f472a604310
Event: 49.834 Thread 0x00007f473c0e7c80 flushing  nmethod 0x00007f472a606410
Event: 49.834 Thread 0x00007f473c0e7c80 flushing  nmethod 0x00007f472a60e810
Event: 49.834 Thread 0x00007f473c0e7c80 flushing  nmethod 0x00007f472a613210
Event: 49.834 Thread 0x00007f473c0e7c80 flushing  nmethod 0x00007f472a61e390
Event: 49.834 Thread 0x00007f473c0e7c80 flushing  nmethod 0x00007f472a61e890
Event: 49.834 Thread 0x00007f473c0e7c80 flushing  nmethod 0x00007f472a61ed90
Event: 49.834 Thread 0x00007f473c0e7c80 flushing  nmethod 0x00007f472a621f10
Event: 49.834 Thread 0x00007f473c0e7c80 flushing  nmethod 0x00007f472a62c890
Event: 49.834 Thread 0x00007f473c0e7c80 flushing  nmethod 0x00007f472a63ac90
Event: 49.834 Thread 0x00007f473c0e7c80 flushing  nmethod 0x00007f472a650b10

Events (20 events):
Event: 213.713 Thread 0x00007f46b8180170 Thread exited: 0x00007f46b8180170
Event: 214.145 Thread 0x00007f473c0f99a0 Thread added: 0x00007f46b89ce7a0
Event: 214.504 Thread 0x00007f46b89ce7a0 Thread exited: 0x00007f46b89ce7a0
Event: 214.825 Thread 0x00007f473c0f99a0 Thread added: 0x00007f46b89cf900
Event: 215.100 Thread 0x00007f46b89cf900 Thread exited: 0x00007f46b89cf900
Event: 215.442 Thread 0x00007f473c0f99a0 Thread added: 0x00007f46b8863670
Event: 215.586 Thread 0x00007f467c0018b0 Thread added: 0x00007f46880d3770
Event: 217.287 Thread 0x00007f46880d3770 Thread added: 0x00007f4670b9aab0
Event: 217.288 Thread 0x00007f4670b9aab0 Thread exited: 0x00007f4670b9aab0
Event: 217.819 Thread 0x00007f46880d3770 Thread added: 0x00007f4670a63c10
Event: 217.876 Thread 0x00007f46880d3770 Thread exited: 0x00007f46880d3770
Event: 218.148 Thread 0x00007f46b8863670 Thread exited: 0x00007f46b8863670
Event: 218.301 Thread 0x00007f473c0f99a0 Thread added: 0x00007f46b839aba0
Event: 219.316 Thread 0x00007f46b839aba0 Thread exited: 0x00007f46b839aba0
Event: 220.496 Thread 0x00007f473c0f8320 Thread added: 0x00007f46b5264650
Event: 220.510 Thread 0x00007f473c411570 Thread added: 0x00007f4664a9ee20
Event: 220.721 Thread 0x00007f4664a9ee20 Thread exited: 0x00007f4664a9ee20
Event: 221.374 Thread 0x00007f46b5264650 Thread exited: 0x00007f46b5264650
Event: 222.081 Thread 0x00007f473c0f99a0 Thread added: 0x00007f46b85be870
Event: 222.802 Thread 0x00007f473c411570 Thread added: 0x00007f4664a9e2e0


Dynamic libraries:
80000000-a6e00000 rw-p 00000000 00:00 0 
a6e00000-d5580000 ---p 00000000 00:00 0 
d5580000-d5c80000 rw-p 00000000 00:00 0 
d5c80000-100000000 ---p 00000000 00:00 0 
55765a1d0000-55765a1d1000 r-xp 00000000 08:05 9055774                    /home/mk/.vscode/extensions/redhat.java-1.44.0-linux-x64/jre/21.0.8-linux-x86_64/bin/java
55765a1d2000-55765a1d3000 r--p 00001000 08:05 9055774                    /home/mk/.vscode/extensions/redhat.java-1.44.0-linux-x64/jre/21.0.8-linux-x86_64/bin/java
55765a1d3000-55765a1d4000 rw-p 00002000 08:05 9055774                    /home/mk/.vscode/extensions/redhat.java-1.44.0-linux-x64/jre/21.0.8-linux-x86_64/bin/java
557698f28000-557699082000 rw-p 00000000 00:00 0                          [heap]
7f4657000000-7f4657100000 rw-p 00000000 00:00 0 
7f4657100000-7f4657160000 rw-p 00000000 00:00 0 
7f4657160000-7f4657180000 rw-p 00000000 00:00 0 
7f4657180000-7f4657300000 rw-p 00000000 00:00 0 
7f4657300000-7f4657380000 rw-p 00000000 00:00 0 
7f4657380000-7f46573c0000 rw-p 00000000 00:00 0 
7f46573c0000-7f4657400000 ---p 00000000 00:00 0 
7f4657400000-7f4657490000 rw-p 00000000 00:00 0 
7f4657490000-7f465b000000 ---p 00000000 00:00 0 
7f465b800000-7f4663e1f000 r--s 00000000 08:05 7488083                    /usr/lib/jvm/java-21-openjdk-amd64/lib/modules
7f4664000000-7f4665300000 rw-p 00000000 00:00 0 
7f4665300000-7f4668000000 ---p 00000000 00:00 0 
7f4668000000-7f4668211000 rw-p 00000000 00:00 0 
7f4668211000-7f466c000000 ---p 00000000 00:00 0 
7f466c000000-7f466c0ed000 rw-p 00000000 00:00 0 
7f466c0ed000-7f4670000000 ---p 00000000 00:00 0 
7f4670000000-7f46719b9000 rw-p 00000000 00:00 0 
7f46719b9000-7f4674000000 ---p 00000000 00:00 0 
7f4674000000-7f467467d000 rw-p 00000000 00:00 0 
7f467467d000-7f4678000000 ---p 00000000 00:00 0 
7f4678000000-7f467863e000 rw-p 00000000 00:00 0 
7f467863e000-7f467c000000 ---p 00000000 00:00 0 
7f467c000000-7f467c0ae000 rw-p 00000000 00:00 0 
7f467c0ae000-7f4680000000 ---p 00000000 00:00 0 
7f4680000000-7f468084b000 rw-p 00000000 00:00 0 
7f468084b000-7f4684000000 ---p 00000000 00:00 0 
7f4684000000-7f4684186000 rw-p 00000000 00:00 0 
7f4684186000-7f4688000000 ---p 00000000 00:00 0 
7f4688000000-7f4688895000 rw-p 00000000 00:00 0 
7f4688895000-7f468c000000 ---p 00000000 00:00 0 
7f468c000000-7f468c021000 rw-p 00000000 00:00 0 
7f468c021000-7f4690000000 ---p 00000000 00:00 0 
7f4690000000-7f4690af0000 rw-p 00000000 00:00 0 
7f4690af0000-7f4694000000 ---p 00000000 00:00 0 
7f4694000000-7f4694029000 rw-p 00000000 00:00 0 
7f4694029000-7f4698000000 ---p 00000000 00:00 0 
7f4698000000-7f46981dd000 rw-p 00000000 00:00 0 
7f46981dd000-7f469c000000 ---p 00000000 00:00 0 
7f469c000000-7f469c11d000 rw-p 00000000 00:00 0 
7f469c11d000-7f46a0000000 ---p 00000000 00:00 0 
7f46a0000000-7f46a0123000 rw-p 00000000 00:00 0 
7f46a0123000-7f46a4000000 ---p 00000000 00:00 0 
7f46a4000000-7f46a414f000 rw-p 00000000 00:00 0 
7f46a414f000-7f46a8000000 ---p 00000000 00:00 0 
7f46a8000000-7f46a8cf8000 rw-p 00000000 00:00 0 
7f46a8cf8000-7f46ac000000 ---p 00000000 00:00 0 
7f46ac000000-7f46ac03a000 rw-p 00000000 00:00 0 
7f46ac03a000-7f46b0000000 ---p 00000000 00:00 0 
7f46b0000000-7f46b0694000 rw-p 00000000 00:00 0 
7f46b0694000-7f46b4000000 ---p 00000000 00:00 0 
7f46b4000000-7f46b689e000 rw-p 00000000 00:00 0 
7f46b689e000-7f46b8000000 ---p 00000000 00:00 0 
7f46b8000000-7f46b8dff000 rw-p 00000000 00:00 0 
7f46b8dff000-7f46bc000000 ---p 00000000 00:00 0 
7f46bc000000-7f46bcd6c000 rw-p 00000000 00:00 0 
7f46bcd6c000-7f46c0000000 ---p 00000000 00:00 0 
7f46c0000000-7f46c0117000 rw-p 00000000 00:00 0 
7f46c0117000-7f46c4000000 ---p 00000000 00:00 0 
7f46c4000000-7f46c4031000 rw-p 00000000 00:00 0 
7f46c4031000-7f46c8000000 ---p 00000000 00:00 0 
7f46c8000000-7f46c814b000 rw-p 00000000 00:00 0 
7f46c814b000-7f46cc000000 ---p 00000000 00:00 0 
7f46cc000000-7f46cc1d8000 rw-p 00000000 00:00 0 
7f46cc1d8000-7f46d0000000 ---p 00000000 00:00 0 
7f46d0000000-7f46d0021000 rw-p 00000000 00:00 0 
7f46d0021000-7f46d4000000 ---p 00000000 00:00 0 
7f46d4000000-7f46d4400000 rw-p 00000000 00:00 0 
7f46d4400000-7f46d4900000 rw-p 00000000 00:00 0 
7f46d4900000-7f46d49e0000 rw-p 00000000 00:00 0 
7f46d49e0000-7f46d4a00000 rw-p 00000000 00:00 0 
7f46d4a00000-7f46d4b00000 rw-p 00000000 00:00 0 
7f46d4b00000-7f46d4c00000 rw-p 00000000 00:00 0 
7f46d4c00000-7f46d5300000 rw-p 00000000 00:00 0 
7f46d5300000-7f46d5400000 rw-p 00000000 00:00 0 
7f46d5400000-7f46d5c00000 rw-p 00000000 00:00 0 
7f46d5c00000-7f46d5f80000 rw-p 00000000 00:00 0 
7f46d5f80000-7f46d6000000 rw-p 00000000 00:00 0 
7f46d6000000-7f46d6700000 rw-p 00000000 00:00 0 
7f46d6700000-7f46d6800000 rw-p 00000000 00:00 0 
7f46d6800000-7f46d71e0000 rw-p 00000000 00:00 0 
7f46d71e0000-7f46d7200000 rw-p 00000000 00:00 0 
7f46d7200000-7f46d7300000 rw-p 00000000 00:00 0 
7f46d7300000-7f46d7400000 rw-p 00000000 00:00 0 
7f46d7400000-7f46d7f80000 rw-p 00000000 00:00 0 
7f46d7f80000-7f46d8000000 rw-p 00000000 00:00 0 
7f46d8000000-7f46d80ae000 rw-p 00000000 00:00 0 
7f46d80ae000-7f46dc000000 ---p 00000000 00:00 0 
7f46deb17000-7f46dedfe000 rw-p 00000000 00:00 0 
7f46dedfe000-7f46dedff000 ---p 00000000 00:00 0 
7f46dedff000-7f46dee03000 ---p 00000000 00:00 0 
7f46dee03000-7f46deeff000 rw-p 00000000 00:00 0 
7f46deeff000-7f46def00000 ---p 00000000 00:00 0 
7f46def00000-7f46def04000 ---p 00000000 00:00 0 
7f46def04000-7f46df000000 rw-p 00000000 00:00 0 
7f46df000000-7f46dfbbf000 rw-p 00001000 08:05 9056187                    /home/mk/.vscode/extensions/redhat.java-1.44.0-linux-x64/jre/21.0.8-linux-x86_64/lib/server/classes.jsa
7f46dfbbf000-7f46e0000000 ---p 00000000 00:00 0 
7f46e0000000-7f46e0040000 rw-p 00000000 00:00 0 
7f46e0040000-7f46e00c0000 rw-p 00000000 00:00 0 
7f46e00c0000-7f46e0100000 rw-p 00000000 00:00 0 
7f46e0100000-7f46e01c0000 rw-p 00000000 00:00 0 
7f46e01c0000-7f46e0200000 rw-p 00000000 00:00 0 
7f46e0200000-7f46e0400000 rw-p 00000000 00:00 0 
7f46e0400000-7f46e07e0000 rw-p 00000000 00:00 0 
7f46e07e0000-7f46e0840000 rw-p 00000000 00:00 0 
7f46e0840000-7f46e0880000 rw-p 00000000 00:00 0 
7f46e0880000-7f4720000000 ---p 00000000 00:00 0 
7f4720000000-7f47243e6000 rw-p 00000000 00:00 0 
7f47243e6000-7f4728000000 ---p 00000000 00:00 0 
7f47280e3000-7f47280e4000 ---p 00000000 00:00 0 
7f47280e4000-7f47280e8000 ---p 00000000 00:00 0 
7f47280e8000-7f47281e4000 rw-p 00000000 00:00 0 
7f47281e4000-7f47281e5000 ---p 00000000 00:00 0 
7f47281e5000-7f47281e9000 ---p 00000000 00:00 0 
7f47281e9000-7f47282e5000 rw-p 00000000 00:00 0 
7f47282e5000-7f47282e6000 ---p 00000000 00:00 0 
7f47282e6000-7f47282ea000 ---p 00000000 00:00 0 
7f47282ea000-7f47283e6000 rw-p 00000000 00:00 0 
7f47283e6000-7f47283e7000 ---p 00000000 00:00 0 
7f47283e7000-7f47283eb000 ---p 00000000 00:00 0 
7f47283eb000-7f47284e7000 rw-p 00000000 00:00 0 
7f47284e7000-7f47284e8000 ---p 00000000 00:00 0 
7f47284e8000-7f47284ec000 ---p 00000000 00:00 0 
7f47284ec000-7f47285e8000 rw-p 00000000 00:00 0 
7f47285e8000-7f47285e9000 ---p 00000000 00:00 0 
7f47285e9000-7f47285ed000 ---p 00000000 00:00 0 
7f47285ed000-7f47286e9000 rw-p 00000000 00:00 0 
7f47286e9000-7f47286ea000 ---p 00000000 00:00 0 
7f47286ea000-7f47286ee000 ---p 00000000 00:00 0 
7f47286ee000-7f47287ea000 rw-p 00000000 00:00 0 
7f47287ea000-7f47287eb000 ---p 00000000 00:00 0 
7f47287eb000-7f47287ef000 ---p 00000000 00:00 0 
7f47287ef000-7f47288eb000 rw-p 00000000 00:00 0 
7f47288eb000-7f47288ec000 ---p 00000000 00:00 0 
7f47288ec000-7f47288f0000 ---p 00000000 00:00 0 
7f47288f0000-7f47289ec000 rw-p 00000000 00:00 0 
7f47289ec000-7f47289ed000 ---p 00000000 00:00 0 
7f47289ed000-7f47289f1000 ---p 00000000 00:00 0 
7f47289f1000-7f4728aed000 rw-p 00000000 00:00 0 
7f4728aed000-7f4728aee000 ---p 00000000 00:00 0 
7f4728aee000-7f4728af2000 ---p 00000000 00:00 0 
7f4728af2000-7f4728bee000 rw-p 00000000 00:00 0 
7f4728bee000-7f4728bef000 ---p 00000000 00:00 0 
7f4728bef000-7f4728bf3000 ---p 00000000 00:00 0 
7f4728bf3000-7f4728cef000 rw-p 00000000 00:00 0 
7f4728cef000-7f4728cf0000 ---p 00000000 00:00 0 
7f4728cf0000-7f4728cf4000 ---p 00000000 00:00 0 
7f4728cf4000-7f4728df0000 rw-p 00000000 00:00 0 
7f4728df0000-7f4728df1000 ---p 00000000 00:00 0 
7f4728df1000-7f4728df5000 ---p 00000000 00:00 0 
7f4728df5000-7f4728ef1000 rw-p 00000000 00:00 0 
7f4728ef1000-7f4728ef2000 ---p 00000000 00:00 0 
7f4728ef2000-7f4728ef6000 ---p 00000000 00:00 0 
7f4728ef6000-7f4728ff2000 rw-p 00000000 00:00 0 
7f4728ff2000-7f4728ff3000 ---p 00000000 00:00 0 
7f4728ff3000-7f4728ff7000 ---p 00000000 00:00 0 
7f4728ff7000-7f47290f3000 rw-p 00000000 00:00 0 
7f47290f3000-7f47290f4000 ---p 00000000 00:00 0 
7f47290f4000-7f47290f8000 ---p 00000000 00:00 0 
7f47290f8000-7f47291f4000 rw-p 00000000 00:00 0 
7f47291f4000-7f47291f5000 ---p 00000000 00:00 0 
7f47291f5000-7f47291f9000 ---p 00000000 00:00 0 
7f47291f9000-7f47292f5000 rw-p 00000000 00:00 0 
7f47292f5000-7f47292f6000 ---p 00000000 00:00 0 
7f47292f6000-7f47292fa000 ---p 00000000 00:00 0 
7f47292fa000-7f47293f6000 rw-p 00000000 00:00 0 
7f47293f6000-7f47293f7000 ---p 00000000 00:00 0 
7f47293f7000-7f47293fb000 ---p 00000000 00:00 0 
7f47293fb000-7f47294f7000 rw-p 00000000 00:00 0 
7f47294f7000-7f47294f8000 ---p 00000000 00:00 0 
7f47294f8000-7f47294fc000 ---p 00000000 00:00 0 
7f47294fc000-7f47295f8000 rw-p 00000000 00:00 0 
7f47295f8000-7f47295f9000 ---p 00000000 00:00 0 
7f47295f9000-7f47295fd000 ---p 00000000 00:00 0 
7f47295fd000-7f47296f9000 rw-p 00000000 00:00 0 
7f47296f9000-7f47296fa000 ---p 00000000 00:00 0 
7f47296fa000-7f47296fe000 ---p 00000000 00:00 0 
7f47296fe000-7f47297fa000 rw-p 00000000 00:00 0 
7f47297fa000-7f47297fb000 ---p 00000000 00:00 0 
7f47297fb000-7f47297ff000 ---p 00000000 00:00 0 
7f47297ff000-7f47298fb000 rw-p 00000000 00:00 0 
7f47298fb000-7f47298fc000 ---p 00000000 00:00 0 
7f47298fc000-7f4729900000 ---p 00000000 00:00 0 
7f4729900000-7f47299fc000 rw-p 00000000 00:00 0 
7f47299fc000-7f47299fd000 ---p 00000000 00:00 0 
7f47299fd000-7f4729a01000 ---p 00000000 00:00 0 
7f4729a01000-7f4729afd000 rw-p 00000000 00:00 0 
7f4729afd000-7f4729afe000 ---p 00000000 00:00 0 
7f4729afe000-7f4729b02000 ---p 00000000 00:00 0 
7f4729b02000-7f4729bfe000 rw-p 00000000 00:00 0 
7f4729bfe000-7f4729bff000 ---p 00000000 00:00 0 
7f4729bff000-7f4729cff000 rw-p 00000000 00:00 0 
7f4729cff000-7f4729d00000 ---p 00000000 00:00 0 
7f4729d00000-7f4729e00000 rw-p 00000000 00:00 0 
7f4729e00000-7f472c240000 rwxp 00000000 00:00 0 
7f472c240000-7f4731337000 ---p 00000000 00:00 0 
7f4731337000-7f47315a7000 rwxp 00000000 00:00 0 
7f47315a7000-7f47318c8000 ---p 00000000 00:00 0 
7f47318c8000-7f4732578000 rwxp 00000000 00:00 0 
7f4732578000-7f4738e00000 ---p 00000000 00:00 0 
7f4738e00000-7f473bfd2000 r--s 00000000 08:05 9056177                    /home/mk/.vscode/extensions/redhat.java-1.44.0-linux-x64/jre/21.0.8-linux-x86_64/lib/modules
7f473c000000-7f473d091000 rw-p 00000000 00:00 0 
7f473d091000-7f4740000000 ---p 00000000 00:00 0 
7f47400f5000-7f47400f6000 ---p 00000000 00:00 0 
7f47400f6000-7f47401f6000 rw-p 00000000 00:00 0 
7f47401f6000-7f47401f7000 ---p 00000000 00:00 0 
7f47401f7000-7f47401fb000 ---p 00000000 00:00 0 
7f47401fb000-7f47402f7000 rw-p 00000000 00:00 0 
7f47402f7000-7f47402f8000 ---p 00000000 00:00 0 
7f47402f8000-7f47402fc000 ---p 00000000 00:00 0 
7f47402fc000-7f47403f8000 rw-p 00000000 00:00 0 
7f47403f8000-7f47403f9000 ---p 00000000 00:00 0 
7f47403f9000-7f47403fd000 ---p 00000000 00:00 0 
7f47403fd000-7f47404f9000 rw-p 00000000 00:00 0 
7f47404f9000-7f47404fa000 ---p 00000000 00:00 0 
7f47404fa000-7f47404fe000 ---p 00000000 00:00 0 
7f47404fe000-7f47405fa000 rw-p 00000000 00:00 0 
7f47405fa000-7f47405fb000 ---p 00000000 00:00 0 
7f47405fb000-7f47405ff000 ---p 00000000 00:00 0 
7f47405ff000-7f47406fb000 rw-p 00000000 00:00 0 
7f47406fb000-7f47406fc000 ---p 00000000 00:00 0 
7f47406fc000-7f4740700000 ---p 00000000 00:00 0 
7f4740700000-7f47407fc000 rw-p 00000000 00:00 0 
7f47407fc000-7f47407fd000 ---p 00000000 00:00 0 
7f47407fd000-7f4740801000 ---p 00000000 00:00 0 
7f4740801000-7f47408fd000 rw-p 00000000 00:00 0 
7f47408fd000-7f47408fe000 ---p 00000000 00:00 0 
7f47408fe000-7f4740902000 ---p 00000000 00:00 0 
7f4740902000-7f47409fe000 rw-p 00000000 00:00 0 
7f47409fe000-7f47409ff000 ---p 00000000 00:00 0 
7f47409ff000-7f4740a03000 ---p 00000000 00:00 0 
7f4740a03000-7f4740aff000 rw-p 00000000 00:00 0 
7f4740aff000-7f4740b00000 ---p 00000000 00:00 0 
7f4740b00000-7f4740b04000 ---p 00000000 00:00 0 
7f4740b04000-7f4740c00000 rw-p 00000000 00:00 0 
7f4740c00000-7f4740eec000 r--p 00000000 08:05 7348452                    /usr/lib/locale/locale-archive
7f4740f25000-7f4740f26000 r--p 00000000 08:05 7398650                    /usr/lib/x86_64-linux-gnu/libnss_mdns4_minimal.so.2
7f4740f26000-7f4740f28000 r-xp 00001000 08:05 7398650                    /usr/lib/x86_64-linux-gnu/libnss_mdns4_minimal.so.2
7f4740f28000-7f4740f29000 r--p 00003000 08:05 7398650                    /usr/lib/x86_64-linux-gnu/libnss_mdns4_minimal.so.2
7f4740f29000-7f4740f2a000 r--p 00003000 08:05 7398650                    /usr/lib/x86_64-linux-gnu/libnss_mdns4_minimal.so.2
7f4740f2a000-7f4740f2b000 rw-p 00004000 08:05 7398650                    /usr/lib/x86_64-linux-gnu/libnss_mdns4_minimal.so.2
7f4740f3a000-7f4740f41000 r--s 00000000 08:05 7347897                    /usr/lib/x86_64-linux-gnu/gconv/gconv-modules.cache
7f4740f41000-7f4740f43000 r-xp 00000000 08:05 9056145                    /home/mk/.vscode/extensions/redhat.java-1.44.0-linux-x64/jre/21.0.8-linux-x86_64/lib/libextnet.so
7f4740f43000-7f4740f44000 r--p 00001000 08:05 9056145                    /home/mk/.vscode/extensions/redhat.java-1.44.0-linux-x64/jre/21.0.8-linux-x86_64/lib/libextnet.so
7f4740f44000-7f4740f45000 rw-p 00002000 08:05 9056145                    /home/mk/.vscode/extensions/redhat.java-1.44.0-linux-x64/jre/21.0.8-linux-x86_64/lib/libextnet.so
7f4740f45000-7f4740f4a000 r-xp 00000000 08:05 9056164                    /home/mk/.vscode/extensions/redhat.java-1.44.0-linux-x64/jre/21.0.8-linux-x86_64/lib/libmanagement_ext.so
7f4740f4a000-7f4740f4b000 ---p 00005000 08:05 9056164                    /home/mk/.vscode/extensions/redhat.java-1.44.0-linux-x64/jre/21.0.8-linux-x86_64/lib/libmanagement_ext.so
7f4740f4b000-7f4740f4c000 r--p 00005000 08:05 9056164                    /home/mk/.vscode/extensions/redhat.java-1.44.0-linux-x64/jre/21.0.8-linux-x86_64/lib/libmanagement_ext.so
7f4740f4c000-7f4740f4d000 rw-p 00006000 08:05 9056164                    /home/mk/.vscode/extensions/redhat.java-1.44.0-linux-x64/jre/21.0.8-linux-x86_64/lib/libmanagement_ext.so
7f4740f4d000-7f4740f51000 r--p 00000000 08:05 9056423                    /home/mk/.config/Code/User/globalStorage/redhat.java/1.44.0/config_linux/org.eclipse.equinox.launcher/org.eclipse.equinox.launcher.gtk.linux.x86_64_1.2.1500.v20250730-1736/eclipse_11913.so
7f4740f51000-7f4740f5b000 r-xp 00004000 08:05 9056423                    /home/mk/.config/Code/User/globalStorage/redhat.java/1.44.0/config_linux/org.eclipse.equinox.launcher/org.eclipse.equinox.launcher.gtk.linux.x86_64_1.2.1500.v20250730-1736/eclipse_11913.so
7f4740f5b000-7f4740f5e000 r--p 0000e000 08:05 9056423                    /home/mk/.config/Code/User/globalStorage/redhat.java/1.44.0/config_linux/org.eclipse.equinox.launcher/org.eclipse.equinox.launcher.gtk.linux.x86_64_1.2.1500.v20250730-1736/eclipse_11913.so
7f4740f5e000-7f4740f5f000 r--p 00010000 08:05 9056423                    /home/mk/.config/Code/User/globalStorage/redhat.java/1.44.0/config_linux/org.eclipse.equinox.launcher/org.eclipse.equinox.launcher.gtk.linux.x86_64_1.2.1500.v20250730-1736/eclipse_11913.so
7f4740f5f000-7f4740f60000 rw-p 00011000 08:05 9056423                    /home/mk/.config/Code/User/globalStorage/redhat.java/1.44.0/config_linux/org.eclipse.equinox.launcher/org.eclipse.equinox.launcher.gtk.linux.x86_64_1.2.1500.v20250730-1736/eclipse_11913.so
7f4740f60000-7f4740f61000 rw-p 00000000 00:00 0 
7f4740f61000-7f4740f6e000 r-xp 00000000 08:05 9056175                    /home/mk/.vscode/extensions/redhat.java-1.44.0-linux-x64/jre/21.0.8-linux-x86_64/lib/libverify.so
7f4740f6e000-7f4740f70000 r--p 0000c000 08:05 9056175                    /home/mk/.vscode/extensions/redhat.java-1.44.0-linux-x64/jre/21.0.8-linux-x86_64/lib/libverify.so
7f4740f70000-7f4740f71000 rw-p 0000e000 08:05 9056175                    /home/mk/.vscode/extensions/redhat.java-1.44.0-linux-x64/jre/21.0.8-linux-x86_64/lib/libverify.so
7f4740f71000-7f4740f72000 ---p 00000000 00:00 0 
7f4740f72000-7f4741072000 rw-p 00000000 00:00 0 
7f4741072000-7f4741c7e000 rw-p 00000000 00:00 0 
7f4741c7e000-7f4741c7f000 ---p 00000000 00:00 0 
7f4741c7f000-7f4741d7f000 rw-p 00000000 00:00 0 
7f4741d7f000-7f4742200000 rw-p 00000000 00:00 0 
7f4742201000-7f4742205000 r-xp 00000000 08:05 9056165                    /home/mk/.vscode/extensions/redhat.java-1.44.0-linux-x64/jre/21.0.8-linux-x86_64/lib/libmanagement.so
7f4742205000-7f4742206000 r--p 00003000 08:05 9056165                    /home/mk/.vscode/extensions/redhat.java-1.44.0-linux-x64/jre/21.0.8-linux-x86_64/lib/libmanagement.so
7f4742206000-7f4742207000 rw-p 00004000 08:05 9056165                    /home/mk/.vscode/extensions/redhat.java-1.44.0-linux-x64/jre/21.0.8-linux-x86_64/lib/libmanagement.so
7f4742207000-7f4742213000 r-xp 00000000 08:05 9056167                    /home/mk/.vscode/extensions/redhat.java-1.44.0-linux-x64/jre/21.0.8-linux-x86_64/lib/libnet.so
7f4742213000-7f4742214000 r--p 0000b000 08:05 9056167                    /home/mk/.vscode/extensions/redhat.java-1.44.0-linux-x64/jre/21.0.8-linux-x86_64/lib/libnet.so
7f4742214000-7f4742215000 rw-p 0000c000 08:05 9056167                    /home/mk/.vscode/extensions/redhat.java-1.44.0-linux-x64/jre/21.0.8-linux-x86_64/lib/libnet.so
7f4742215000-7f4742230000 r-xp 00000000 08:05 9056176                    /home/mk/.vscode/extensions/redhat.java-1.44.0-linux-x64/jre/21.0.8-linux-x86_64/lib/libzip.so
7f4742230000-7f4742231000 r--p 0001a000 08:05 9056176                    /home/mk/.vscode/extensions/redhat.java-1.44.0-linux-x64/jre/21.0.8-linux-x86_64/lib/libzip.so
7f4742231000-7f4742232000 rw-p 0001b000 08:05 9056176                    /home/mk/.vscode/extensions/redhat.java-1.44.0-linux-x64/jre/21.0.8-linux-x86_64/lib/libzip.so
7f4742232000-7f47423c4000 rw-p 00000000 00:00 0 
7f47423c4000-7f4742538000 ---p 00000000 00:00 0 
7f4742538000-7f4742539000 ---p 00000000 00:00 0 
7f4742539000-7f4742639000 rw-p 00000000 00:00 0 
7f4742639000-7f4742770000 rw-p 00000000 00:00 0 
7f4742770000-7f47428e3000 ---p 00000000 00:00 0 
7f47428e3000-7f47428e8000 rw-p 00000000 00:00 0 
7f47428e8000-7f4742a3a000 ---p 00000000 00:00 0 
7f4742a3a000-7f4742a54000 rw-p 00000000 00:00 0 
7f4742a54000-7f4742b25000 ---p 00000000 00:00 0 
7f4742b25000-7f4742b6e000 rw-p 00000000 00:00 0 
7f4742b6e000-7f4742c10000 ---p 00000000 00:00 0 
7f4742c10000-7f4742c14000 ---p 00000000 00:00 0 
7f4742c14000-7f4742d10000 rw-p 00000000 00:00 0 
7f4742d10000-7f4742d21000 r--p 00000000 08:05 7347911                    /usr/lib/x86_64-linux-gnu/libm.so.6
7f4742d21000-7f4742d9e000 r-xp 00011000 08:05 7347911                    /usr/lib/x86_64-linux-gnu/libm.so.6
7f4742d9e000-7f4742dfe000 r--p 0008e000 08:05 7347911                    /usr/lib/x86_64-linux-gnu/libm.so.6
7f4742dfe000-7f4742dff000 r--p 000ed000 08:05 7347911                    /usr/lib/x86_64-linux-gnu/libm.so.6
7f4742dff000-7f4742e00000 rw-p 000ee000 08:05 7347911                    /usr/lib/x86_64-linux-gnu/libm.so.6
7f4742e00000-7f474421b000 r-xp 00000000 08:05 9056189                    /home/mk/.vscode/extensions/redhat.java-1.44.0-linux-x64/jre/21.0.8-linux-x86_64/lib/server/libjvm.so
7f474421b000-7f474421c000 ---p 0141b000 08:05 9056189                    /home/mk/.vscode/extensions/redhat.java-1.44.0-linux-x64/jre/21.0.8-linux-x86_64/lib/server/libjvm.so
7f474421c000-7f47442f0000 r--p 0141b000 08:05 9056189                    /home/mk/.vscode/extensions/redhat.java-1.44.0-linux-x64/jre/21.0.8-linux-x86_64/lib/server/libjvm.so
7f47442f0000-7f4744320000 rw-p 014ef000 08:05 9056189                    /home/mk/.vscode/extensions/redhat.java-1.44.0-linux-x64/jre/21.0.8-linux-x86_64/lib/server/libjvm.so
7f4744320000-7f4744386000 rw-p 00000000 00:00 0 
7f4744388000-7f474439c000 r-xp 00000000 08:05 9056168                    /home/mk/.vscode/extensions/redhat.java-1.44.0-linux-x64/jre/21.0.8-linux-x86_64/lib/libnio.so
7f474439c000-7f474439d000 r--p 00013000 08:05 9056168                    /home/mk/.vscode/extensions/redhat.java-1.44.0-linux-x64/jre/21.0.8-linux-x86_64/lib/libnio.so
7f474439d000-7f474439e000 rw-p 00014000 08:05 9056168                    /home/mk/.vscode/extensions/redhat.java-1.44.0-linux-x64/jre/21.0.8-linux-x86_64/lib/libnio.so
7f474439e000-7f474440c000 rw-p 00000000 00:00 0 
7f474440c000-7f4744413000 ---p 00000000 00:00 0 
7f4744413000-7f4744433000 r-xp 00000000 08:05 9056153                    /home/mk/.vscode/extensions/redhat.java-1.44.0-linux-x64/jre/21.0.8-linux-x86_64/lib/libjava.so
7f4744433000-7f4744434000 ---p 00020000 08:05 9056153                    /home/mk/.vscode/extensions/redhat.java-1.44.0-linux-x64/jre/21.0.8-linux-x86_64/lib/libjava.so
7f4744434000-7f4744435000 r--p 00020000 08:05 9056153                    /home/mk/.vscode/extensions/redhat.java-1.44.0-linux-x64/jre/21.0.8-linux-x86_64/lib/libjava.so
7f4744435000-7f4744436000 rw-p 00021000 08:05 9056153                    /home/mk/.vscode/extensions/redhat.java-1.44.0-linux-x64/jre/21.0.8-linux-x86_64/lib/libjava.so
7f4744436000-7f4744437000 rw-p 00000000 00:00 0 
7f4744437000-7f4744452000 r-xp 00000000 08:05 9056157                    /home/mk/.vscode/extensions/redhat.java-1.44.0-linux-x64/jre/21.0.8-linux-x86_64/lib/libjimage.so
7f4744452000-7f4744453000 ---p 0001b000 08:05 9056157                    /home/mk/.vscode/extensions/redhat.java-1.44.0-linux-x64/jre/21.0.8-linux-x86_64/lib/libjimage.so
7f4744453000-7f4744455000 r--p 0001b000 08:05 9056157                    /home/mk/.vscode/extensions/redhat.java-1.44.0-linux-x64/jre/21.0.8-linux-x86_64/lib/libjimage.so
7f4744455000-7f4744456000 rw-p 0001d000 08:05 9056157                    /home/mk/.vscode/extensions/redhat.java-1.44.0-linux-x64/jre/21.0.8-linux-x86_64/lib/libjimage.so
7f4744456000-7f4744457000 r--p 00000000 08:05 7347922                    /usr/lib/x86_64-linux-gnu/librt.so.1
7f4744457000-7f4744458000 r-xp 00001000 08:05 7347922                    /usr/lib/x86_64-linux-gnu/librt.so.1
7f4744458000-7f4744459000 r--p 00002000 08:05 7347922                    /usr/lib/x86_64-linux-gnu/librt.so.1
7f4744459000-7f474445a000 r--p 00002000 08:05 7347922                    /usr/lib/x86_64-linux-gnu/librt.so.1
7f474445a000-7f474445b000 rw-p 00003000 08:05 7347922                    /usr/lib/x86_64-linux-gnu/librt.so.1
7f474445b000-7f474445d000 rw-p 00000000 00:00 0 
7f474445d000-7f4744485000 r--p 00000000 08:05 7347908                    /usr/lib/x86_64-linux-gnu/libc.so.6
7f4744485000-7f47445ea000 r-xp 00028000 08:05 7347908                    /usr/lib/x86_64-linux-gnu/libc.so.6
7f47445ea000-7f4744640000 r--p 0018d000 08:05 7347908                    /usr/lib/x86_64-linux-gnu/libc.so.6
7f4744640000-7f4744644000 r--p 001e2000 08:05 7347908                    /usr/lib/x86_64-linux-gnu/libc.so.6
7f4744644000-7f4744646000 rw-p 001e6000 08:05 7347908                    /usr/lib/x86_64-linux-gnu/libc.so.6
7f4744646000-7f4744653000 rw-p 00000000 00:00 0 
7f4744653000-7f4744654000 r--p 00000000 08:05 7347910                    /usr/lib/x86_64-linux-gnu/libdl.so.2
7f4744654000-7f4744655000 r-xp 00001000 08:05 7347910                    /usr/lib/x86_64-linux-gnu/libdl.so.2
7f4744655000-7f4744656000 r--p 00002000 08:05 7347910                    /usr/lib/x86_64-linux-gnu/libdl.so.2
7f4744656000-7f4744657000 r--p 00002000 08:05 7347910                    /usr/lib/x86_64-linux-gnu/libdl.so.2
7f4744657000-7f4744658000 rw-p 00003000 08:05 7347910                    /usr/lib/x86_64-linux-gnu/libdl.so.2
7f4744658000-7f4744659000 r--p 00000000 08:05 7347920                    /usr/lib/x86_64-linux-gnu/libpthread.so.0
7f4744659000-7f474465a000 r-xp 00001000 08:05 7347920                    /usr/lib/x86_64-linux-gnu/libpthread.so.0
7f474465a000-7f474465b000 r--p 00002000 08:05 7347920                    /usr/lib/x86_64-linux-gnu/libpthread.so.0
7f474465b000-7f474465c000 r--p 00002000 08:05 7347920                    /usr/lib/x86_64-linux-gnu/libpthread.so.0
7f474465c000-7f474465d000 rw-p 00003000 08:05 7347920                    /usr/lib/x86_64-linux-gnu/libpthread.so.0
7f474465f000-7f4744667000 rw-s 00000000 00:27 165                        /tmp/hsperfdata_mk/14429
7f4744667000-7f4744671000 r-xp 00000000 08:05 9056148                    /home/mk/.vscode/extensions/redhat.java-1.44.0-linux-x64/jre/21.0.8-linux-x86_64/lib/libinstrument.so
7f4744671000-7f4744672000 ---p 0000a000 08:05 9056148                    /home/mk/.vscode/extensions/redhat.java-1.44.0-linux-x64/jre/21.0.8-linux-x86_64/lib/libinstrument.so
7f4744672000-7f4744673000 r--p 0000a000 08:05 9056148                    /home/mk/.vscode/extensions/redhat.java-1.44.0-linux-x64/jre/21.0.8-linux-x86_64/lib/libinstrument.so
7f4744673000-7f4744674000 rw-p 0000b000 08:05 9056148                    /home/mk/.vscode/extensions/redhat.java-1.44.0-linux-x64/jre/21.0.8-linux-x86_64/lib/libinstrument.so
7f4744674000-7f4744675000 ---p 00000000 00:00 0 
7f4744675000-7f4744676000 r--p 00000000 00:00 0 
7f4744676000-7f4744677000 ---p 00000000 00:00 0 
7f4744677000-7f4744690000 r-xp 00000000 08:05 9056158                    /home/mk/.vscode/extensions/redhat.java-1.44.0-linux-x64/jre/21.0.8-linux-x86_64/lib/libjli.so
7f4744690000-7f4744691000 r--p 00018000 08:05 9056158                    /home/mk/.vscode/extensions/redhat.java-1.44.0-linux-x64/jre/21.0.8-linux-x86_64/lib/libjli.so
7f4744691000-7f4744692000 rw-p 00019000 08:05 9056158                    /home/mk/.vscode/extensions/redhat.java-1.44.0-linux-x64/jre/21.0.8-linux-x86_64/lib/libjli.so
7f4744692000-7f4744694000 rw-p 00000000 00:00 0 
7f4744694000-7f4744698000 r--p 00000000 00:00 0                          [vvar]
7f4744698000-7f474469a000 r-xp 00000000 00:00 0                          [vdso]
7f474469a000-7f474469b000 r--p 00000000 08:05 7347905                    /usr/lib/x86_64-linux-gnu/ld-linux-x86-64.so.2
7f474469b000-7f47446c3000 r-xp 00001000 08:05 7347905                    /usr/lib/x86_64-linux-gnu/ld-linux-x86-64.so.2
7f47446c3000-7f47446ce000 r--p 00029000 08:05 7347905                    /usr/lib/x86_64-linux-gnu/ld-linux-x86-64.so.2
7f47446ce000-7f47446d0000 r--p 00034000 08:05 7347905                    /usr/lib/x86_64-linux-gnu/ld-linux-x86-64.so.2
7f47446d0000-7f47446d1000 rw-p 00036000 08:05 7347905                    /usr/lib/x86_64-linux-gnu/ld-linux-x86-64.so.2
7f47446d1000-7f47446d2000 rw-p 00000000 00:00 0 
7ffe32133000-7ffe32154000 rw-p 00000000 00:00 0                          [stack]
Total number of mappings: 361

JVMTI agents:
/home/mk/.vscode/extensions/redhat.java-1.44.0-linux-x64/lombok/lombok-1.18.39-4050.jar path:none, loaded, initialized, instrumentlib options:none


VM Arguments:
jvm_args: --add-modules=ALL-SYSTEM --add-opens=java.base/java.util=ALL-UNNAMED --add-opens=java.base/java.lang=ALL-UNNAMED --add-opens=java.base/sun.nio.fs=ALL-UNNAMED -Declipse.application=org.eclipse.jdt.ls.core.id1 -Dosgi.bundles.defaultStartLevel=4 -Declipse.product=org.eclipse.jdt.ls.core.product -Djava.import.generatesMetadataFilesAtProjectRoot=false -DDetectVMInstallationsJob.disabled=true -Dfile.encoding=utf8 -XX:+UseParallelGC -XX:GCTimeRatio=4 -XX:AdaptiveSizePolicyWeight=90 -Dsun.zip.disableMemoryMapping=true -Xmx2G -Xms100m -Xlog:disable -javaagent:/home/mk/.vscode/extensions/redhat.java-1.44.0-linux-x64/lombok/lombok-1.18.39-4050.jar -XX:+HeapDumpOnOutOfMemoryError -XX:HeapDumpPath=/home/mk/.config/Code/User/workspaceStorage/f8adc483f7b13f1f9cd10cfe708d9304/redhat.java -Daether.dependencyCollector.impl=bf 
java_command: /home/mk/.vscode/extensions/redhat.java-1.44.0-linux-x64/server/plugins/org.eclipse.equinox.launcher_1.7.0.v20250519-0528.jar -configuration /home/mk/.config/Code/User/globalStorage/redhat.java/1.44.0/config_linux -data /home/mk/.config/Code/User/workspaceStorage/f8adc483f7b13f1f9cd10cfe708d9304/redhat.java/jdt_ws --pipe=/run/user/1000/lsp-9a5856f903b9fc98f5f254abfe540a38.sock
java_class_path (initial): /home/mk/.vscode/extensions/redhat.java-1.44.0-linux-x64/server/plugins/org.eclipse.equinox.launcher_1.7.0.v20250519-0528.jar
Launcher Type: SUN_STANDARD

[Global flags]
    uintx AdaptiveSizePolicyWeight                 = 90                                        {product} {command line}
     intx CICompilerCount                          = 3                                         {product} {ergonomic}
    uintx GCTimeRatio                              = 4                                         {product} {command line}
     bool HeapDumpOnOutOfMemoryError               = true                                   {manageable} {command line}
    ccstr HeapDumpPath                             = /home/mk/.config/Code/User/workspaceStorage/f8adc483f7b13f1f9cd10cfe708d9304/redhat.java         {manageable} {command line}
   size_t InitialHeapSize                          = 104857600                                 {product} {command line}
   size_t MaxHeapSize                              = 2147483648                                {product} {command line}
   size_t MaxNewSize                               = 715653120                                 {product} {ergonomic}
   size_t MinHeapDeltaBytes                        = 524288                                    {product} {ergonomic}
   size_t MinHeapSize                              = 104857600                                 {product} {command line}
   size_t NewSize                                  = 34603008                                  {product} {ergonomic}
    uintx NonNMethodCodeHeapSize                   = 5832780                                {pd product} {ergonomic}
    uintx NonProfiledCodeHeapSize                  = 122912730                              {pd product} {ergonomic}
   size_t OldSize                                  = 70254592                                  {product} {ergonomic}
    uintx ProfiledCodeHeapSize                     = 122912730                              {pd product} {ergonomic}
    uintx ReservedCodeCacheSize                    = 251658240                              {pd product} {ergonomic}
     bool SegmentedCodeCache                       = true                                      {product} {ergonomic}
   size_t SoftMaxHeapSize                          = 2147483648                             {manageable} {ergonomic}
     bool UseCompressedOops                        = true                           {product lp64_product} {ergonomic}
     bool UseParallelGC                            = true                                      {product} {command line}

Logging:
Log output configuration:
 #0: stdout all=off uptime,level,tags foldmultilines=false
 #1: stderr all=off uptime,level,tags foldmultilines=false

Environment Variables:
PATH=/home/mk/.local/bin:/usr/local/sbin:/usr/sbin:/sbin:/usr/local/bin:/usr/bin:/bin:/usr/local/games:/usr/games:/home/mk/.dotnet/tools
XDG_CACHE_HOME=/home/mk/.cache
XDG_CONFIG_HOME=/home/mk/.config
SHELL=/usr/bin/zsh
DISPLAY=:0.0
LANG=en_IN

Active Locale:
LC_ALL=en_IN
LC_COLLATE=en_IN
LC_CTYPE=en_IN
LC_MESSAGES=en_IN
LC_MONETARY=en_IN
LC_NUMERIC=en_IN
LC_TIME=en_IN

Signal Handlers:
   SIGSEGV: crash_handler in libjvm.so, mask=11100100010111111101111111111110, flags=SA_RESTART|SA_SIGINFO, unblocked
    SIGBUS: crash_handler in libjvm.so, mask=11100100010111111101111111111110, flags=SA_RESTART|SA_SIGINFO, unblocked
    SIGFPE: crash_handler in libjvm.so, mask=11100100010111111101111111111110, flags=SA_RESTART|SA_SIGINFO, unblocked
   SIGPIPE: javaSignalHandler in libjvm.so, mask=11100100010111111101111111111110, flags=SA_RESTART|SA_SIGINFO, blocked
   SIGXFSZ: javaSignalHandler in libjvm.so, mask=11100100010111111101111111111110, flags=SA_RESTART|SA_SIGINFO, blocked
    SIGILL: crash_handler in libjvm.so, mask=11100100010111111101111111111110, flags=SA_RESTART|SA_SIGINFO, unblocked
   SIGUSR2: SR_handler in libjvm.so, mask=00000000000000000000000000000000, flags=SA_RESTART|SA_SIGINFO, blocked
    SIGHUP: UserHandler in libjvm.so, mask=11100100010111111101111111111110, flags=SA_RESTART|SA_SIGINFO, blocked
    SIGINT: UserHandler in libjvm.so, mask=11100100010111111101111111111110, flags=SA_RESTART|SA_SIGINFO, blocked
   SIGTERM: UserHandler in libjvm.so, mask=11100100010111111101111111111110, flags=SA_RESTART|SA_SIGINFO, blocked
   SIGQUIT: UserHandler in libjvm.so, mask=11100100010111111101111111111110, flags=SA_RESTART|SA_SIGINFO, blocked
   SIGTRAP: crash_handler in libjvm.so, mask=11100100010111111101111111111110, flags=SA_RESTART|SA_SIGINFO, unblocked


Periodic native trim disabled

---------------  S Y S T E M  ---------------

OS:
PRETTY_NAME="Kali GNU/Linux Rolling"
NAME="Kali GNU/Linux"
VERSION_ID="2025.2"
VERSION="2025.2"
VERSION_CODENAME=kali-rolling
ID=kali
ID_LIKE=debian
HOME_URL="https://www.kali.org/"
SUPPORT_URL="https://forums.kali.org/"
BUG_REPORT_URL="https://bugs.kali.org/"
ANSI_COLOR="1;31"
uname: Linux 6.12.33+kali-amd64 #1 SMP PREEMPT_DYNAMIC Kali 6.12.33-1kali1 (2025-06-25) x86_64
OS uptime: 0 days 0:17 hours
libc: glibc 2.41 NPTL 2.41 
rlimit (soft/hard): STACK 8192k/infinity , CORE 0k/infinity , NPROC 31048/31048 , NOFILE 524288/524288 , AS infinity/infinity , CPU infinity/infinity , DATA infinity/infinity , FSIZE infinity/infinity , MEMLOCK 8192k/8192k
load average: 8.62 6.11 3.45

/proc/meminfo:
MemTotal:        8084756 kB
MemFree:          399860 kB
MemAvailable:    2045496 kB
Buffers:           96880 kB
Cached:          1809104 kB
SwapCached:            0 kB
Active:          6495092 kB
Inactive:         822504 kB
Active(anon):    5481744 kB
Inactive(anon):        0 kB
Active(file):    1013348 kB
Inactive(file):   822504 kB
Unevictable:         292 kB
Mlocked:             292 kB
SwapTotal:       8235004 kB
SwapFree:        8235004 kB
Zswap:                 0 kB
Zswapped:              0 kB
Dirty:               684 kB
Writeback:             0 kB
AnonPages:       5378516 kB
Mapped:           733088 kB
Shmem:             70220 kB
KReclaimable:      61036 kB
Slab:             142956 kB
SReclaimable:      61036 kB
SUnreclaim:        81920 kB
KernelStack:       17024 kB
PageTables:        41476 kB
SecPageTables:      1680 kB
NFS_Unstable:          0 kB
Bounce:                0 kB
WritebackTmp:          0 kB
CommitLimit:    12277380 kB
Committed_AS:   16366268 kB
VmallocTotal:   34359738367 kB
VmallocUsed:       62820 kB
VmallocChunk:          0 kB
Percpu:             2976 kB
HardwareCorrupted:     0 kB
AnonHugePages:    942080 kB
ShmemHugePages:        0 kB
ShmemPmdMapped:        0 kB
FileHugePages:         0 kB
FilePmdMapped:         0 kB
Unaccepted:            0 kB
HugePages_Total:       0
HugePages_Free:        0
HugePages_Rsvd:        0
HugePages_Surp:        0
Hugepagesize:       2048 kB
Hugetlb:               0 kB
DirectMap4k:      292688 kB
DirectMap2M:     8042496 kB

/sys/kernel/mm/transparent_hugepage/enabled: [always] madvise never
/sys/kernel/mm/transparent_hugepage/hpage_pmd_size: 2097152
/sys/kernel/mm/transparent_hugepage/defrag (defrag/compaction efforts parameter): always defer defer+madvise [madvise] never

Process Memory:
Virtual Size: 5932052K (peak: 5944368K)
Resident Set Size: 1168376K (peak: 1168376K) (anon: 997368K, file: 171008K, shmem: 0K)
Swapped out: 0K
C-Heap outstanding allocations: 79787K, retained: 116404K
glibc malloc tunables: (default)

/proc/sys/kernel/threads-max (system-wide limit on the number of threads): 62097
/proc/sys/vm/max_map_count (maximum number of memory map areas a process may have): 1048576
/proc/sys/vm/swappiness (control to define how aggressively the kernel swaps out anonymous memory): 60
/proc/sys/kernel/pid_max (system-wide limit on number of process identifiers): 4194304

container information not found.
Steal ticks since vm start: 0
Steal ticks percentage since vm start:  0.000

CPU: total 4 (initial active 4) (2 cores per cpu, 2 threads per core) family 6 model 42 stepping 7 microcode 0x2f, cx8, cmov, fxsr, ht, mmx, sse, sse2, sse3, ssse3, sse4.1, sse4.2, popcnt, tsc, tscinvbit, avx, aes, clmul, vzeroupper, clflush, rdtscp
CPU Model and flags from /proc/cpuinfo:
model name	: Intel(R) Core(TM) i5-2520M CPU @ 2.50GHz
flags		: fpu vme de pse tsc msr pae mce cx8 apic sep mtrr pge mca cmov pat pse36 clflush dts acpi mmx fxsr sse sse2 ht tm pbe syscall nx rdtscp lm constant_tsc arch_perfmon pebs bts rep_good nopl xtopology nonstop_tsc cpuid aperfmperf pni pclmulqdq dtes64 monitor ds_cpl vmx smx est tm2 ssse3 cx16 xtpr pdcm pcid sse4_1 sse4_2 x2apic popcnt tsc_deadline_timer aes xsave avx lahf_lm epb pti ssbd ibrs ibpb stibp tpr_shadow flexpriority ept vpid xsaveopt dtherm ida arat pln pts vnmi md_clear flush_l1d

Online cpus: 0-3
Offline cpus: 
BIOS frequency limitation: <Not Available>
Frequency switch latency (ns): 20000
Available cpu frequencies: <Not Available>
Current governor: schedutil
Core performance/turbo boost: <Not Available>

Memory: 4k page, physical 8084756k(2045496k free), swap 8235004k(8235004k free)
Page Sizes: 4k

vm_info: OpenJDK 64-Bit Server VM (21.0.8+9-LTS) for linux-amd64 JRE (21.0.8+9-LTS), built on 2025-07-15T00:00:00Z by "admin" with gcc 11.3.0

END.
