#
# A fatal error has been detected by the Java Runtime Environment:
#
#  SIGSEGV (0xb) at pc=0x00007fed810c7dc0, pid=22633, tid=22639
#
# JRE version: OpenJDK Runtime Environment Temurin-21.0.8+9 (21.0.8+9) (build 21.0.8+9-LTS)
# Java VM: OpenJDK 64-Bit Server VM Temurin-21.0.8+9 (21.0.8+9-LTS, mixed mode, sharing, tiered, compressed oops, compressed class ptrs, parallel gc, linux-amd64)
# Problematic frame:
# V  [libjvm.so+0xcc7dc0]  ExceptionCache::next()+0x0
#
# No core dump will be written. Core dumps have been disabled. To enable core dumping, try "ulimit -c unlimited" before starting Java again
#
# If you would like to submit a bug report, please visit:
#   https://github.com/adoptium/adoptium-support/issues
#

---------------  S U M M A R Y ------------

Command Line: --add-modules=ALL-SYSTEM --add-opens=java.base/java.util=ALL-UNNAMED --add-opens=java.base/java.lang=ALL-UNNAMED --add-opens=java.base/sun.nio.fs=ALL-UNNAMED -Declipse.application=org.eclipse.jdt.ls.core.id1 -Dosgi.bundles.defaultStartLevel=4 -Declipse.product=org.eclipse.jdt.ls.core.product -Djava.import.generatesMetadataFilesAtProjectRoot=false -DDetectVMInstallationsJob.disabled=true -Dfile.encoding=utf8 -XX:+UseParallelGC -XX:GCTimeRatio=4 -XX:AdaptiveSizePolicyWeight=90 -Dsun.zip.disableMemoryMapping=true -Xmx2G -Xms100m -Xlog:disable -javaagent:/home/mk/.vscode/extensions/redhat.java-1.44.0-linux-x64/lombok/lombok-1.18.39-4050.jar -XX:+HeapDumpOnOutOfMemoryError -XX:HeapDumpPath=/home/mk/.config/Code/User/workspaceStorage/f8adc483f7b13f1f9cd10cfe708d9304/redhat.java -Daether.dependencyCollector.impl=bf /home/mk/.vscode/extensions/redhat.java-1.44.0-linux-x64/server/plugins/org.eclipse.equinox.launcher_1.7.0.v20250519-0528.jar -configuration /home/mk/.config/Code/User/globalStorage/redhat.java/1.44.0/config_linux -data /home/mk/.config/Code/User/workspaceStorage/f8adc483f7b13f1f9cd10cfe708d9304/redhat.java/jdt_ws --pipe=/run/user/1000/lsp-11405121b9692db5ba34b4b8bafb87fd.sock

Host: Intel(R) Core(TM) i5-2520M CPU @ 2.50GHz, 4 cores, 7G, Kali GNU/Linux Rolling
Time: Sun Aug  3 11:53:51 2025 IST elapsed time: 16.052289 seconds (0d 0h 0m 16s)

---------------  T H R E A D  ---------------

Current thread (0x00007fed7c0e7c90):  VMThread "VM Thread"          [id=22639, stack(0x00007fed68317000,0x00007fed68417000) (1024K)]

Stack: [0x00007fed68317000,0x00007fed68417000],  sp=0x00007fed68414e88,  free space=1015k
Native frames: (J=compiled Java code, j=interpreted, Vv=VM code, C=native code)
V  [libjvm.so+0xcc7dc0]  ExceptionCache::next()+0x0
V  [libjvm.so+0xcc91ab]  nmethod::do_unloading(bool)+0xab
V  [libjvm.so+0x647a43]  CodeCache::do_unloading(bool)+0xa3
V  [libjvm.so+0xd838ec]  PSParallelCompact::marking_phase(ParallelOldTracer*)+0x5fc
V  [libjvm.so+0xd83d93]  PSParallelCompact::invoke_no_policy(bool) [clone .part.0]+0x323
V  [libjvm.so+0xd8453c]  PSParallelCompact::invoke(bool)+0x6c
V  [libjvm.so+0x657cae]  CollectedHeap::collect_as_vm_thread(GCCause::Cause)+0x9e
V  [libjvm.so+0x8718dd]  VM_CollectForMetadataAllocation::doit()+0xad
V  [libjvm.so+0x1014e77]  VM_Operation::evaluate()+0x107
V  [libjvm.so+0x10182af]  VMThread::evaluate_operation(VM_Operation*)+0x13f
V  [libjvm.so+0x1019037]  VMThread::inner_execute(VM_Operation*)+0x357
V  [libjvm.so+0x1019337]  VMThread::run()+0xb7
V  [libjvm.so+0xf82ce8]  Thread::call_run()+0xa8
V  [libjvm.so+0xd0c51a]  thread_native_entry(Thread*)+0xda

siginfo: si_signo: 11 (SIGSEGV), si_code: 1 (SEGV_MAPERR), si_addr: 0x0000000000001110

Registers:
RAX=0x00007fed69e1c7c0, RBX=0x0000000000000001, RCX=0x0000000000000000, RDX=0x00007fed7c0e8750
RSP=0x00007fed68414e88, RBP=0x00007fed68414f00, RSI=0x0000000000000001, RDI=0x0000000000001000
R8 =0x00000000ffffffff, R9 =0x00007fed68414e18, R10=0x0000000000000001, R11=0x0000000000000001
R12=0x00007fed7c0e8030, R13=0x00007fed69e1c710, R14=0x0000000000000000, R15=0x0000000000001000
RIP=0x00007fed810c7dc0, EFLAGS=0x0000000000010246, CSGSFS=0x002b000000000033, ERR=0x0000000000000004
  TRAPNO=0x000000000000000e

XMM[0]=0x00007fed7c05d2b0 0x00007fed7c05d2a0
XMM[1]=0x00007fed7c05d2b0 0x00007fed7c05d2a0
XMM[2]=0x000000094b011b95 0x00000003bbd659fb
XMM[3]=0x000000094b010de3 0x00000003bbd65479
XMM[4]=0x00007fed81546d6d 0x00007fed81824550
XMM[5]=0x000000094b0107d8 0x00000003bbd65202
XMM[6]=0x000000094b011b95 0x00000003bbd659fb
XMM[7]=0x000000094b010de3 0x00000003bbd65479
XMM[8]=0x0000000000000000 0x0000000042c80000
XMM[9]=0x0000000000000000 0x40369f993d568925
XMM[10]=0x0000000000000000 0x000000003ca7299c
XMM[11]=0x0000000000000000 0x0000000041c46666
XMM[12]=0x0000000000000000 0x0000000000000000
XMM[13]=0x0000000000000000 0x0000000000000000
XMM[14]=0x0000000000000000 0x0000000000000000
XMM[15]=0xcafebabecafebabe 0xcafebabecafebabe
  MXCSR=0x00001fa2


Register to memory mapping:

RAX=0x00007fed69e1c7c0 is at entry_point+-256 in (nmethod*)0x00007fed69e1c710
Compiled method (c1) 16076  118       3       java.util.HashMap$KeyIterator::next (8 bytes)
 total in heap  [0x00007fed69e1c710,0x00007fed69e1ca90] = 896
 relocation     [0x00007fed69e1c868,0x00007fed69e1c8a8] = 64
 main code      [0x00007fed69e1c8c0,0x00007fed69e1c9c0] = 256
 stub code      [0x00007fed69e1c9c0,0x00007fed69e1ca00] = 64
 metadata       [0x00007fed69e1ca00,0x00007fed69e1ca08] = 8
 scopes data    [0x00007fed69e1ca08,0x00007fed69e1ca28] = 32
 scopes pcs     [0x00007fed69e1ca28,0x00007fed69e1ca78] = 80
 dependencies   [0x00007fed69e1ca78,0x00007fed69e1ca80] = 8
 nul chk table  [0x00007fed69e1ca80,0x00007fed69e1ca90] = 16
RBX=0x0000000000000001 is an unknown value
RCX=0x0 is null
RDX=0x00007fed7c0e8750 points into unknown readable memory: 0x0000000000000003 | 03 00 00 00 00 00 00 00
RSP=0x00007fed68414e88 points into unknown readable memory: 0x00007fed80a852ac | ac 52 a8 80 ed 7f 00 00
RBP=0x00007fed68414f00 points into unknown readable memory: 0x00007fed68414f30 | 30 4f 41 68 ed 7f 00 00
RSI=0x0000000000000001 is an unknown value
RDI=0x0000000000001000 is an unknown value
R8 =0x00000000ffffffff is an unallocated location in the heap
R9 =0x00007fed68414e18 points into unknown readable memory: 0x00007fed69e10031 | 31 00 e1 69 ed 7f 00 00
R10=0x0000000000000001 is an unknown value
R11=0x0000000000000001 is an unknown value
R12=0x00007fed7c0e8030 points into unknown readable memory: 0x0000000000000002 | 02 00 00 00 00 00 00 00
R13=0x00007fed69e1c710 is at entry_point+-432 in (nmethod*)0x00007fed69e1c710
Compiled method (c1) 16076  118       3       java.util.HashMap$KeyIterator::next (8 bytes)
 total in heap  [0x00007fed69e1c710,0x00007fed69e1ca90] = 896
 relocation     [0x00007fed69e1c868,0x00007fed69e1c8a8] = 64
 main code      [0x00007fed69e1c8c0,0x00007fed69e1c9c0] = 256
 stub code      [0x00007fed69e1c9c0,0x00007fed69e1ca00] = 64
 metadata       [0x00007fed69e1ca00,0x00007fed69e1ca08] = 8
 scopes data    [0x00007fed69e1ca08,0x00007fed69e1ca28] = 32
 scopes pcs     [0x00007fed69e1ca28,0x00007fed69e1ca78] = 80
 dependencies   [0x00007fed69e1ca78,0x00007fed69e1ca80] = 8
 nul chk table  [0x00007fed69e1ca80,0x00007fed69e1ca90] = 16
R14=0x0 is null
R15=0x0000000000001000 is an unknown value

Top of Stack: (sp=0x00007fed68414e88)
0x00007fed68414e88:   00007fed80a852ac 00007fed69e1c7c0
0x00007fed68414e98:   00000000000003d8 00007fed7c05d2a0
0x00007fed68414ea8:   00007fed7c05d2b0 00007fed7c05d688
0x00007fed68414eb8:   00000001808b9d35 00007fed7c05d2b0
0x00007fed68414ec8:   00007fed7c05d2a0 00007fed68414f00
0x00007fed68414ed8:   0000000000000001 00007fed69e1c710
0x00007fed68414ee8:   0000000000000004 0000000000000002
0x00007fed68414ef8:   0000564fb0aa5e40 00007fed68414f30
0x00007fed68414f08:   00007fed810c91ab 00007fed7c03c200
0x00007fed68414f18:   0000000000000008 0000000000000001
0x00007fed68414f28:   0000000000000001 00007fed68414f80
0x00007fed68414f38:   00007fed80a47a43 00007fed69e1c710
0x00007fed68414f48:   0000000201000000 00000003bbd3840f
0x00007fed68414f58:   00007fed819580e0 00007fed8192bb00
0x00007fed68414f68:   00007fed684151f8 00007fed68415620
0x00007fed68414f78:   00007fed81903608 00007fed68415540
0x00007fed68414f88:   00007fed811838ec 00007fed819580e0
0x00007fed68414f98:   00007fed81958468 00007fed818e1be0
0x00007fed68414fa8:   00007fed8159ce48 00007fed68415280
0x00007fed68414fb8:   00007fed684152b0 00007fed81958080
0x00007fed68414fc8:   00007fed68415254 00007fed68415378
0x00007fed68414fd8:   00007fed68415310 00007fed684150f8
0x00007fed68414fe8:   00007fed815419b8 00007fed68415340
0x00007fed68414ff8:   00007fed68415240 00007fed68415168
0x00007fed68415008:   00007fed00000001 00007fed68415188
0x00007fed68415018:   00007fed68415180 0000000000000000
0x00007fed68415028:   0000000000000708 0000000000000000
0x00007fed68415038:   0000000000000104 0000000000000000
0x00007fed68415048:   0000000000000708 0000000000000000
0x00007fed68415058:   0000000000000104 00007fed7c05d2a0
0x00007fed68415068:   00007fed81824530 0000000000000300
0x00007fed68415078:   00007fed815419ca 00007f000000000b 

Instructions: (pc=0x00007fed810c7dc0)
0x00007fed810c7cc0:   f9 0d 74 3c 48 3b 77 70 0f 84 e0 00 00 00 83 f9
0x00007fed810c7cd0:   0e 74 2d 48 3b 77 78 0f 84 d8 00 00 00 83 f9 0f
0x00007fed810c7ce0:   b9 00 00 00 00 74 1b 48 3b b7 80 00 00 00 75 12
0x00007fed810c7cf0:   b9 0f 00 00 00 eb 59 66 0f 1f 84 00 00 00 00 00
0x00007fed810c7d00:   31 c9 48 39 ca 74 39 48 63 88 08 01 00 00 45 31
0x00007fed810c7d10:   c0 83 f9 0f 7f 22 48 89 74 c8 08 48 89 94 c8 88
0x00007fed810c7d20:   00 00 00 8b 90 08 01 00 00 83 c2 01 89 90 08 01
0x00007fed810c7d30:   00 00 41 b8 01 00 00 00 44 89 c0 c3 0f 1f 40 00
0x00007fed810c7d40:   41 b8 01 00 00 00 44 89 c0 c3 31 c9 0f 1f 40 00
0x00007fed810c7d50:   48 8b 8c c8 88 00 00 00 eb a8 b9 01 00 00 00 eb
0x00007fed810c7d60:   ef b9 02 00 00 00 eb e8 b9 03 00 00 00 eb e1 b9
0x00007fed810c7d70:   04 00 00 00 eb da b9 05 00 00 00 eb d3 b9 06 00
0x00007fed810c7d80:   00 00 eb cc b9 07 00 00 00 eb c5 b9 08 00 00 00
0x00007fed810c7d90:   eb be b9 09 00 00 00 eb b7 b9 0a 00 00 00 eb b0
0x00007fed810c7da0:   b9 0b 00 00 00 eb a9 b9 0c 00 00 00 eb a2 b9 0d
0x00007fed810c7db0:   00 00 00 eb 9b b9 0e 00 00 00 eb 94 0f 1f 40 00
0x00007fed810c7dc0:   48 8b 87 10 01 00 00 c3 0f 1f 84 00 00 00 00 00
0x00007fed810c7dd0:   48 89 b7 10 01 00 00 c3 0f 1f 84 00 00 00 00 00
0x00007fed810c7de0:   48 85 f6 74 13 48 89 37 48 89 77 08 48 89 77 10
0x00007fed810c7df0:   48 89 77 18 c3 0f 1f 00 48 c7 07 00 00 00 00 c3
0x00007fed810c7e00:   48 8b 07 48 85 c0 0f 84 84 00 00 00 84 d2 75 40
0x00007fed810c7e10:   3b 30 74 7c 48 8b 47 08 8b 10 85 d2 78 70 39 d6
0x00007fed810c7e20:   74 6e 48 8b 47 10 8b 10 85 d2 78 62 39 d6 74 60
0x00007fed810c7e30:   48 8b 47 18 8b 10 85 d2 78 54 39 d6 ba 00 00 00
0x00007fed810c7e40:   00 48 0f 45 c2 c3 66 2e 0f 1f 84 00 00 00 00 00
0x00007fed810c7e50:   3b 70 f0 7e 04 3b 30 7e 37 48 8b 47 08 8b 10 85
0x00007fed810c7e60:   d2 78 2b 3b 70 f0 7e 04 39 d6 7e 24 48 8b 47 10
0x00007fed810c7e70:   8b 10 85 d2 78 18 3b 70 f0 7e 04 39 d6 7e 11 48
0x00007fed810c7e80:   8b 47 18 8b 10 85 d2 78 05 3b 70 f0 7f 0a 31 c0
0x00007fed810c7e90:   c3 0f 1f 80 00 00 00 00 39 d6 7f f2 c3 90 66 90
0x00007fed810c7ea0:   48 8b 07 48 89 37 48 8b 57 08 48 89 47 08 48 8b
0x00007fed810c7eb0:   47 10 48 89 57 10 48 8b 57 18 48 89 47 18 c3 90 


Stack slot to memory mapping:

stack at sp + 0 slots: 0x00007fed80a852ac: <offset 0x00000000006852ac> in /home/mk/.vscode/extensions/redhat.java-1.44.0-linux-x64/jre/21.0.8-linux-x86_64/lib/server/libjvm.so at 0x00007fed80400000
stack at sp + 1 slots: 0x00007fed69e1c7c0 is at entry_point+-256 in (nmethod*)0x00007fed69e1c710
Compiled method (c1) 16082  118       3       java.util.HashMap$KeyIterator::next (8 bytes)
 total in heap  [0x00007fed69e1c710,0x00007fed69e1ca90] = 896
 relocation     [0x00007fed69e1c868,0x00007fed69e1c8a8] = 64
 main code      [0x00007fed69e1c8c0,0x00007fed69e1c9c0] = 256
 stub code      [0x00007fed69e1c9c0,0x00007fed69e1ca00] = 64
 metadata       [0x00007fed69e1ca00,0x00007fed69e1ca08] = 8
 scopes data    [0x00007fed69e1ca08,0x00007fed69e1ca28] = 32
 scopes pcs     [0x00007fed69e1ca28,0x00007fed69e1ca78] = 80
 dependencies   [0x00007fed69e1ca78,0x00007fed69e1ca80] = 8
 nul chk table  [0x00007fed69e1ca80,0x00007fed69e1ca90] = 16
stack at sp + 2 slots: 0x00000000000003d8 is an unknown value
stack at sp + 3 slots: 0x00007fed7c05d2a0 points into unknown readable memory: 0x0000000000000000 | 00 00 00 00 00 00 00 00
stack at sp + 4 slots: 0x00007fed7c05d2b0 points into unknown readable memory: 0x6974752e6176616a | 6a 61 76 61 2e 75 74 69
stack at sp + 5 slots: 0x00007fed7c05d688 points into unknown readable memory: 0x0000000000000025 | 25 00 00 00 00 00 00 00
stack at sp + 6 slots: 0x00000001808b9d35 is an unknown value
stack at sp + 7 slots: 0x00007fed7c05d2b0 points into unknown readable memory: 0x6974752e6176616a | 6a 61 76 61 2e 75 74 69

VM_Operation (0x00007fed1e0d42c0): CollectForMetadataAllocation, mode: safepoint, requested by thread 0x00007fed7c3a1100


---------------  P R O C E S S  ---------------

Threads class SMR info:
_java_thread_list=0x00007fecf85c8980, length=21, elements={
0x00007fed7c02a2c0, 0x00007fed7c0f1050, 0x00007fed7c0f2580, 0x00007fed7c0f3cd0,
0x00007fed7c0f52d0, 0x00007fed7c0f6830, 0x00007fed7c0f8330, 0x00007fed7c0f99b0,
0x00007fed7c109ed0, 0x00007fed7c19f230, 0x00007fed7c31c350, 0x00007fed7c39e520,
0x00007fecd801aa40, 0x00007fed7c3a1100, 0x00007feccc3aec10, 0x00007feccc479ff0,
0x00007feccc4d7ba0, 0x00007feccc237c30, 0x00007feccc3cf070, 0x00007feccc3dbd30,
0x00007fecf85c7e20
}

Java Threads: ( => current thread )
  0x00007fed7c02a2c0 JavaThread "main"                              [_thread_blocked, id=22635, stack(0x00007fed80210000,0x00007fed80310000) (1024K)]
  0x00007fed7c0f1050 JavaThread "Reference Handler"          daemon [_thread_blocked, id=22644, stack(0x00007fed68216000,0x00007fed68316000) (1024K)]
  0x00007fed7c0f2580 JavaThread "Finalizer"                  daemon [_thread_blocked, id=22645, stack(0x00007fed68115000,0x00007fed68215000) (1024K)]
  0x00007fed7c0f3cd0 JavaThread "Signal Dispatcher"          daemon [_thread_blocked, id=22647, stack(0x00007fed68014000,0x00007fed68114000) (1024K)]
  0x00007fed7c0f52d0 JavaThread "Service Thread"             daemon [_thread_blocked, id=22648, stack(0x00007fed1ef00000,0x00007fed1f000000) (1024K)]
  0x00007fed7c0f6830 JavaThread "Monitor Deflation Thread"   daemon [_thread_blocked, id=22649, stack(0x00007fed1eb00000,0x00007fed1ec00000) (1024K)]
  0x00007fed7c0f8330 JavaThread "C2 CompilerThread0"         daemon [_thread_blocked, id=22651, stack(0x00007fed1e9ff000,0x00007fed1eaff000) (1024K)]
  0x00007fed7c0f99b0 JavaThread "C1 CompilerThread0"         daemon [_thread_blocked, id=22652, stack(0x00007fed1e8fe000,0x00007fed1e9fe000) (1024K)]
  0x00007fed7c109ed0 JavaThread "Common-Cleaner"             daemon [_thread_blocked, id=22653, stack(0x00007fed1e7fd000,0x00007fed1e8fd000) (1024K)]
  0x00007fed7c19f230 JavaThread "Notification Thread"        daemon [_thread_blocked, id=22675, stack(0x00007fed1e6fc000,0x00007fed1e7fc000) (1024K)]
  0x00007fed7c31c350 JavaThread "Active Thread: Equinox Container: a6640c2d-df29-4549-b982-56c1a73784d6"        [_thread_blocked, id=22805, stack(0x00007fed1e1f7000,0x00007fed1e2f7000) (1024K)]
  0x00007fed7c39e520 JavaThread "Refresh Thread: Equinox Container: a6640c2d-df29-4549-b982-56c1a73784d6" daemon [_thread_blocked, id=22817, stack(0x00007fed1e0f6000,0x00007fed1e1f6000) (1024K)]
  0x00007fecd801aa40 JavaThread "Framework Event Dispatcher: Equinox Container: a6640c2d-df29-4549-b982-56c1a73784d6" daemon [_thread_blocked, id=22826, stack(0x00007fed1e5fb000,0x00007fed1e6fb000) (1024K)]
  0x00007fed7c3a1100 JavaThread "Start Level: Equinox Container: a6640c2d-df29-4549-b982-56c1a73784d6" daemon [_thread_blocked, id=22828, stack(0x00007fed1dfe1000,0x00007fed1e0e1000) (1024K)]
  0x00007feccc3aec10 JavaThread "Bundle File Closer"         daemon [_thread_blocked, id=22850, stack(0x00007fed1dddf000,0x00007fed1dedf000) (1024K)]
  0x00007feccc479ff0 JavaThread "SCR Component Actor"        daemon [_thread_blocked, id=22860, stack(0x00007fed1dcde000,0x00007fed1ddde000) (1024K)]
  0x00007feccc4d7ba0 JavaThread "SCR Component Registry"     daemon [_thread_blocked, id=22861, stack(0x00007fed1dbdd000,0x00007fed1dcdd000) (1024K)]
  0x00007feccc237c30 JavaThread "Worker-JM"                         [_thread_blocked, id=22884, stack(0x00007fed1dadc000,0x00007fed1dbdc000) (1024K)]
  0x00007feccc3cf070 JavaThread "Worker-0"                          [_thread_blocked, id=22903, stack(0x00007fed1dee0000,0x00007fed1dfe0000) (1024K)]
  0x00007feccc3dbd30 JavaThread "Worker-1"                          [_thread_blocked, id=22913, stack(0x00007fed1d9db000,0x00007fed1dadb000) (1024K)]
  0x00007fecf85c7e20 JavaThread "C2 CompilerThread1"         daemon [_thread_blocked, id=22939, stack(0x00007fed1d8da000,0x00007fed1d9da000) (1024K)]
Total: 21

Other Threads:
=>0x00007fed7c0e7c90 VMThread "VM Thread"                           [id=22639, stack(0x00007fed68317000,0x00007fed68417000) (1024K)]
  0x00007fed7c051e40 WatcherThread "VM Periodic Task Thread"        [id=22638, stack(0x00007fed69024000,0x00007fed69124000) (1024K)]
  0x00007fed7c042eb0 WorkerThread "GC Thread#0"                     [id=22636, stack(0x00007fed698ff000,0x00007fed699ff000) (1024K)]
  0x00007fed0c000e70 WorkerThread "GC Thread#1"                     [id=22765, stack(0x00007fed1e4fa000,0x00007fed1e5fa000) (1024K)]
  0x00007fed0c002ca0 WorkerThread "GC Thread#2"                     [id=22766, stack(0x00007fed1e3f9000,0x00007fed1e4f9000) (1024K)]
  0x00007fed0c003780 WorkerThread "GC Thread#3"                     [id=22767, stack(0x00007fed1e2f8000,0x00007fed1e3f8000) (1024K)]
Total: 6

Threads with active compile tasks:
C2 CompilerThread0  16084 3487       4       java.util.Collections$EmptyList::iterator (4 bytes)
C2 CompilerThread1  16084 3476       4       org.lombokweb.asm.ClassReader::readUtf (44 bytes)
Total: 2

VM state: at safepoint (normal execution)

VM Mutex/Monitor currently owned by a thread:  ([mutex/lock_event])
[0x00007fed81951e30] Threads_lock - owner thread: 0x00007fed7c0e7c90
[0x00007fed81951d30] Heap_lock - owner thread: 0x00007fed7c3a1100

Heap address: 0x0000000080000000, size: 2048 MB, Compressed Oops mode: 32-bit

CDS archive(s) mapped at: [0x00007fed1f000000-0x00007fed1fbbf000-0x00007fed1fbbf000), size 12316672, SharedBaseAddress: 0x00007fed1f000000, ArchiveRelocationMode: 1.
Compressed class space mapped at: 0x00007fed20000000-0x00007fed60000000, reserved size: 1073741824
Narrow klass base: 0x00007fed1f000000, Narrow klass shift: 0, Narrow klass range: 0x100000000

GC Precious Log:
 CardTable entry size: 512
 CPUs: 4 total, 4 available
 Memory: 7895M
 Large Page Support: Disabled
 NUMA Support: Disabled
 Compressed Oops: Enabled (32-bit)
 Alignments: Space 512K, Generation 512K, Heap 2M
 Heap Min Capacity: 100M
 Heap Initial Capacity: 100M
 Heap Max Capacity: 2G
 Pre-touch: Disabled
 Parallel Workers: 4

Heap:
 PSYoungGen      total 29184K, used 4144K [0x00000000d5580000, 0x00000000d7680000, 0x0000000100000000)
  eden space 24576K, 0% used [0x00000000d5580000,0x00000000d5580000,0x00000000d6d80000)
  from space 4608K, 89% used [0x00000000d6e80000,0x00000000d728c070,0x00000000d7300000)
  to   space 3584K, 0% used [0x00000000d7300000,0x00000000d7300000,0x00000000d7680000)
 ParOldGen       total 68608K, used 9736K [0x0000000080000000, 0x0000000084300000, 0x00000000d5580000)
  object space 68608K, 14% used [0x0000000080000000,0x0000000080982338,0x0000000084300000)
 Metaspace       used 20668K, committed 21504K, reserved 1114112K
  class space    used 2152K, committed 2560K, reserved 1048576K

Card table byte_map: [0x00007fed699ff000,0x00007fed69e00000] _byte_map_base: 0x00007fed695ff000

Marking Bits: (ParMarkBitMap*) 0x00007fed81958000
 Begin Bits: [0x00007fed60000000, 0x00007fed62000000)
 End Bits:   [0x00007fed62000000, 0x00007fed64000000)

Polling page: 0x00007fed81c14000

Metaspace:

Usage:
  Non-class:     18.08 MB used.
      Class:      2.10 MB used.
       Both:     20.18 MB used.

Virtual space:
  Non-class space:       64.00 MB reserved,      18.50 MB ( 29%) committed,  1 nodes.
      Class space:        1.00 GB reserved,       2.50 MB ( <1%) committed,  1 nodes.
             Both:        1.06 GB reserved,      21.00 MB (  2%) committed. 

Chunk freelists:
   Non-Class:  13.12 MB
       Class:  13.54 MB
        Both:  26.66 MB

MaxMetaspaceSize: unlimited
CompressedClassSpaceSize: 1.00 GB
Initial GC threshold: 21.00 MB
Current GC threshold: 21.00 MB
CDS: on
 - commit_granule_bytes: 65536.
 - commit_granule_words: 8192.
 - virtual_space_node_default_size: 8388608.
 - enlarge_chunks_in_place: 1.
 - use_allocation_guard: 0.


Internal statistics:

num_allocs_failed_limit: 3.
num_arena_births: 552.
num_arena_deaths: 0.
num_vsnodes_births: 2.
num_vsnodes_deaths: 0.
num_space_committed: 336.
num_space_uncommitted: 0.
num_chunks_returned_to_freelist: 3.
num_chunks_taken_from_freelist: 1366.
num_chunk_merges: 3.
num_chunk_splits: 875.
num_chunks_enlarged: 560.
num_inconsistent_stats: 0.

CodeHeap 'non-profiled nmethods': size=120032Kb used=1452Kb max_used=1452Kb free=118579Kb
 bounds [0x00007fed718c8000, 0x00007fed71b38000, 0x00007fed78e00000]
CodeHeap 'profiled nmethods': size=120028Kb used=6659Kb max_used=6659Kb free=113368Kb
 bounds [0x00007fed69e00000, 0x00007fed6a490000, 0x00007fed71337000]
CodeHeap 'non-nmethods': size=5700Kb used=1268Kb max_used=1318Kb free=4431Kb
 bounds [0x00007fed71337000, 0x00007fed715a7000, 0x00007fed718c8000]
CodeCache: size=245760Kb, used=9379Kb, max_used=9429Kb, free=236378Kb
 total_blobs=4002, nmethods=3447, adapters=462, full_count=0
Compilation: enabled, stopped_count=0, restarted_count=0

Compilation events (20 events):
Event: 15.891 Thread 0x00007fed7c0f99b0 3481       3       org.lombokweb.asm.ByteVector::putShort (52 bytes)
Event: 15.892 Thread 0x00007fed7c0f99b0 nmethod 3481 0x00007fed6a477a90 code [0x00007fed6a477c40, 0x00007fed6a477e40]
Event: 15.892 Thread 0x00007fed7c0f99b0 3478       3       org.lombokweb.asm.SymbolTable::addConstantUtf8Reference (101 bytes)
Event: 15.897 Thread 0x00007fed7c0f99b0 nmethod 3478 0x00007fed6a477f90 code [0x00007fed6a4781c0, 0x00007fed6a478788]
Event: 15.897 Thread 0x00007fed7c0f99b0 3485       3       org.lombokweb.asm.ClassReader::readMethod (1070 bytes)
Event: 15.906 Thread 0x00007fecf85c7e20 nmethod 3430 0x00007fed71a2fe90 code [0x00007fed71a300c0, 0x00007fed71a30ad0]
Event: 15.906 Thread 0x00007fecf85c7e20 3476       4       org.lombokweb.asm.ClassReader::readUtf (44 bytes)
Event: 15.918 Thread 0x00007fed7c0f8330 nmethod 3470 0x00007fed71a31490 code [0x00007fed71a31660, 0x00007fed71a31dc8]
Event: 15.918 Thread 0x00007fed7c0f8330 3483       4       org.lombokweb.asm.ClassReader::readUTF8 (23 bytes)
Event: 15.923 Thread 0x00007fed7c0f99b0 nmethod 3485 0x00007fed6a478a90 code [0x00007fed6a479200, 0x00007fed6a47d670]
Event: 15.923 Thread 0x00007fed7c0f99b0 3480       3       org.lombokweb.asm.SymbolTable::addConstantClass (8 bytes)
Event: 15.929 Thread 0x00007fed7c0f99b0 nmethod 3480 0x00007fed6a47f290 code [0x00007fed6a47f440, 0x00007fed6a47f580]
Event: 15.929 Thread 0x00007fed7c0f99b0 3482       3       org.lombokweb.asm.ByteVector::putByteArray (49 bytes)
Event: 15.929 Thread 0x00007fed7c0f99b0 nmethod 3482 0x00007fed6a47f610 code [0x00007fed6a47f7c0, 0x00007fed6a47fa78]
Event: 15.929 Thread 0x00007fed7c0f99b0 3479       3       org.lombokweb.asm.ByteVector::<init> (13 bytes)
Event: 15.930 Thread 0x00007fed7c0f99b0 nmethod 3479 0x00007fed6a47fb90 code [0x00007fed6a47fd20, 0x00007fed6a47ff38]
Event: 15.930 Thread 0x00007fed7c0f99b0 3486       3       org.lombokweb.asm.MethodVisitor::<init> (79 bytes)
Event: 15.930 Thread 0x00007fed7c0f99b0 nmethod 3486 0x00007fed6a480010 code [0x00007fed6a480260, 0x00007fed6a480af0]
Event: 15.961 Thread 0x00007fed7c0f8330 nmethod 3483 0x00007fed71a32190 code [0x00007fed71a32380, 0x00007fed71a32d90]
Event: 15.961 Thread 0x00007fed7c0f8330 3487       4       java.util.Collections$EmptyList::iterator (4 bytes)

GC Heap History (15 events):
Event: 3.995 GC heap before
{Heap before GC invocations=1 (full 0):
 PSYoungGen      total 29696K, used 25600K [0x00000000d5580000, 0x00000000d7680000, 0x0000000100000000)
  eden space 25600K, 100% used [0x00000000d5580000,0x00000000d6e80000,0x00000000d6e80000)
  from space 4096K, 0% used [0x00000000d7280000,0x00000000d7280000,0x00000000d7680000)
  to   space 4096K, 0% used [0x00000000d6e80000,0x00000000d6e80000,0x00000000d7280000)
 ParOldGen       total 68608K, used 1066K [0x0000000080000000, 0x0000000084300000, 0x00000000d5580000)
  object space 68608K, 1% used [0x0000000080000000,0x000000008010aa80,0x0000000084300000)
 Metaspace       used 4394K, committed 4608K, reserved 1114112K
  class space    used 474K, committed 576K, reserved 1048576K
}
Event: 4.012 GC heap after
{Heap after GC invocations=1 (full 0):
 PSYoungGen      total 29696K, used 2950K [0x00000000d5580000, 0x00000000d7680000, 0x0000000100000000)
  eden space 25600K, 0% used [0x00000000d5580000,0x00000000d5580000,0x00000000d6e80000)
  from space 4096K, 72% used [0x00000000d6e80000,0x00000000d7161bb8,0x00000000d7280000)
  to   space 4096K, 0% used [0x00000000d7280000,0x00000000d7280000,0x00000000d7680000)
 ParOldGen       total 68608K, used 1074K [0x0000000080000000, 0x0000000084300000, 0x00000000d5580000)
  object space 68608K, 1% used [0x0000000080000000,0x000000008010ca80,0x0000000084300000)
 Metaspace       used 4394K, committed 4608K, reserved 1114112K
  class space    used 474K, committed 576K, reserved 1048576K
}
Event: 7.964 GC heap before
{Heap before GC invocations=2 (full 0):
 PSYoungGen      total 29696K, used 28550K [0x00000000d5580000, 0x00000000d7680000, 0x0000000100000000)
  eden space 25600K, 100% used [0x00000000d5580000,0x00000000d6e80000,0x00000000d6e80000)
  from space 4096K, 72% used [0x00000000d6e80000,0x00000000d7161bb8,0x00000000d7280000)
  to   space 4096K, 0% used [0x00000000d7280000,0x00000000d7280000,0x00000000d7680000)
 ParOldGen       total 68608K, used 1074K [0x0000000080000000, 0x0000000084300000, 0x00000000d5580000)
  object space 68608K, 1% used [0x0000000080000000,0x000000008010ca80,0x0000000084300000)
 Metaspace       used 8125K, committed 8384K, reserved 1114112K
  class space    used 849K, committed 960K, reserved 1048576K
}
Event: 7.997 GC heap after
{Heap after GC invocations=2 (full 0):
 PSYoungGen      total 29696K, used 4068K [0x00000000d5580000, 0x00000000d7680000, 0x0000000100000000)
  eden space 25600K, 0% used [0x00000000d5580000,0x00000000d5580000,0x00000000d6e80000)
  from space 4096K, 99% used [0x00000000d7280000,0x00000000d7679040,0x00000000d7680000)
  to   space 4096K, 0% used [0x00000000d6e80000,0x00000000d6e80000,0x00000000d7280000)
 ParOldGen       total 68608K, used 2432K [0x0000000080000000, 0x0000000084300000, 0x00000000d5580000)
  object space 68608K, 3% used [0x0000000080000000,0x0000000080260368,0x0000000084300000)
 Metaspace       used 8125K, committed 8384K, reserved 1114112K
  class space    used 849K, committed 960K, reserved 1048576K
}
Event: 9.171 GC heap before
{Heap before GC invocations=3 (full 0):
 PSYoungGen      total 29696K, used 29668K [0x00000000d5580000, 0x00000000d7680000, 0x0000000100000000)
  eden space 25600K, 100% used [0x00000000d5580000,0x00000000d6e80000,0x00000000d6e80000)
  from space 4096K, 99% used [0x00000000d7280000,0x00000000d7679040,0x00000000d7680000)
  to   space 4096K, 0% used [0x00000000d6e80000,0x00000000d6e80000,0x00000000d7280000)
 ParOldGen       total 68608K, used 2432K [0x0000000080000000, 0x0000000084300000, 0x00000000d5580000)
  object space 68608K, 3% used [0x0000000080000000,0x0000000080260368,0x0000000084300000)
 Metaspace       used 9285K, committed 9600K, reserved 1114112K
  class space    used 989K, committed 1152K, reserved 1048576K
}
Event: 9.205 GC heap after
{Heap after GC invocations=3 (full 0):
 PSYoungGen      total 29696K, used 4092K [0x00000000d5580000, 0x00000000d7680000, 0x0000000100000000)
  eden space 25600K, 0% used [0x00000000d5580000,0x00000000d5580000,0x00000000d6e80000)
  from space 4096K, 99% used [0x00000000d6e80000,0x00000000d727f008,0x00000000d7280000)
  to   space 4096K, 0% used [0x00000000d7280000,0x00000000d7280000,0x00000000d7680000)
 ParOldGen       total 68608K, used 6046K [0x0000000080000000, 0x0000000084300000, 0x00000000d5580000)
  object space 68608K, 8% used [0x0000000080000000,0x00000000805e7b00,0x0000000084300000)
 Metaspace       used 9285K, committed 9600K, reserved 1114112K
  class space    used 989K, committed 1152K, reserved 1048576K
}
Event: 10.649 GC heap before
{Heap before GC invocations=4 (full 0):
 PSYoungGen      total 29696K, used 29692K [0x00000000d5580000, 0x00000000d7680000, 0x0000000100000000)
  eden space 25600K, 100% used [0x00000000d5580000,0x00000000d6e80000,0x00000000d6e80000)
  from space 4096K, 99% used [0x00000000d6e80000,0x00000000d727f008,0x00000000d7280000)
  to   space 4096K, 0% used [0x00000000d7280000,0x00000000d7280000,0x00000000d7680000)
 ParOldGen       total 68608K, used 6046K [0x0000000080000000, 0x0000000084300000, 0x00000000d5580000)
  object space 68608K, 8% used [0x0000000080000000,0x00000000805e7b00,0x0000000084300000)
 Metaspace       used 12136K, committed 12544K, reserved 1114112K
  class space    used 1283K, committed 1472K, reserved 1048576K
}
Event: 10.681 GC heap after
{Heap after GC invocations=4 (full 0):
 PSYoungGen      total 29696K, used 4087K [0x00000000d5580000, 0x00000000d7680000, 0x0000000100000000)
  eden space 25600K, 0% used [0x00000000d5580000,0x00000000d5580000,0x00000000d6e80000)
  from space 4096K, 99% used [0x00000000d7280000,0x00000000d767df18,0x00000000d7680000)
  to   space 4096K, 0% used [0x00000000d6e80000,0x00000000d6e80000,0x00000000d7280000)
 ParOldGen       total 68608K, used 7120K [0x0000000080000000, 0x0000000084300000, 0x00000000d5580000)
  object space 68608K, 10% used [0x0000000080000000,0x00000000806f41b8,0x0000000084300000)
 Metaspace       used 12136K, committed 12544K, reserved 1114112K
  class space    used 1283K, committed 1472K, reserved 1048576K
}
Event: 12.621 GC heap before
{Heap before GC invocations=5 (full 0):
 PSYoungGen      total 29696K, used 29687K [0x00000000d5580000, 0x00000000d7680000, 0x0000000100000000)
  eden space 25600K, 100% used [0x00000000d5580000,0x00000000d6e80000,0x00000000d6e80000)
  from space 4096K, 99% used [0x00000000d7280000,0x00000000d767df18,0x00000000d7680000)
  to   space 4096K, 0% used [0x00000000d6e80000,0x00000000d6e80000,0x00000000d7280000)
 ParOldGen       total 68608K, used 7120K [0x0000000080000000, 0x0000000084300000, 0x00000000d5580000)
  object space 68608K, 10% used [0x0000000080000000,0x00000000806f41b8,0x0000000084300000)
 Metaspace       used 15567K, committed 16192K, reserved 1114112K
  class space    used 1601K, committed 1856K, reserved 1048576K
}
Event: 12.687 GC heap after
{Heap after GC invocations=5 (full 0):
 PSYoungGen      total 29184K, used 4065K [0x00000000d5580000, 0x00000000d7900000, 0x0000000100000000)
  eden space 25088K, 0% used [0x00000000d5580000,0x00000000d5580000,0x00000000d6e00000)
  from space 4096K, 99% used [0x00000000d6e80000,0x00000000d7278618,0x00000000d7280000)
  to   space 5632K, 0% used [0x00000000d7380000,0x00000000d7380000,0x00000000d7900000)
 ParOldGen       total 68608K, used 8375K [0x0000000080000000, 0x0000000084300000, 0x00000000d5580000)
  object space 68608K, 12% used [0x0000000080000000,0x000000008082ddb8,0x0000000084300000)
 Metaspace       used 15567K, committed 16192K, reserved 1114112K
  class space    used 1601K, committed 1856K, reserved 1048576K
}
Event: 14.984 GC heap before
{Heap before GC invocations=6 (full 0):
 PSYoungGen      total 29184K, used 29153K [0x00000000d5580000, 0x00000000d7900000, 0x0000000100000000)
  eden space 25088K, 100% used [0x00000000d5580000,0x00000000d6e00000,0x00000000d6e00000)
  from space 4096K, 99% used [0x00000000d6e80000,0x00000000d7278618,0x00000000d7280000)
  to   space 5632K, 0% used [0x00000000d7380000,0x00000000d7380000,0x00000000d7900000)
 ParOldGen       total 68608K, used 8375K [0x0000000080000000, 0x0000000084300000, 0x00000000d5580000)
  object space 68608K, 12% used [0x0000000080000000,0x000000008082ddb8,0x0000000084300000)
 Metaspace       used 18261K, committed 19072K, reserved 1114112K
  class space    used 1901K, committed 2240K, reserved 1048576K
}
Event: 15.029 GC heap after
{Heap after GC invocations=6 (full 0):
 PSYoungGen      total 29696K, used 4796K [0x00000000d5580000, 0x00000000d7880000, 0x0000000100000000)
  eden space 24576K, 0% used [0x00000000d5580000,0x00000000d5580000,0x00000000d6d80000)
  from space 5120K, 93% used [0x00000000d7380000,0x00000000d782f018,0x00000000d7880000)
  to   space 5120K, 0% used [0x00000000d6e80000,0x00000000d6e80000,0x00000000d7380000)
 ParOldGen       total 68608K, used 8383K [0x0000000080000000, 0x0000000084300000, 0x00000000d5580000)
  object space 68608K, 12% used [0x0000000080000000,0x000000008082fdb8,0x0000000084300000)
 Metaspace       used 18261K, committed 19072K, reserved 1114112K
  class space    used 1901K, committed 2240K, reserved 1048576K
}
Event: 15.961 GC heap before
{Heap before GC invocations=7 (full 0):
 PSYoungGen      total 29696K, used 24372K [0x00000000d5580000, 0x00000000d7880000, 0x0000000100000000)
  eden space 24576K, 79% used [0x00000000d5580000,0x00000000d689e278,0x00000000d6d80000)
  from space 5120K, 93% used [0x00000000d7380000,0x00000000d782f018,0x00000000d7880000)
  to   space 5120K, 0% used [0x00000000d6e80000,0x00000000d6e80000,0x00000000d7380000)
 ParOldGen       total 68608K, used 8383K [0x0000000080000000, 0x0000000084300000, 0x00000000d5580000)
  object space 68608K, 12% used [0x0000000080000000,0x000000008082fdb8,0x0000000084300000)
 Metaspace       used 20668K, committed 21504K, reserved 1114112K
  class space    used 2152K, committed 2560K, reserved 1048576K
}
Event: 15.977 GC heap after
{Heap after GC invocations=7 (full 0):
 PSYoungGen      total 29184K, used 4144K [0x00000000d5580000, 0x00000000d7680000, 0x0000000100000000)
  eden space 24576K, 0% used [0x00000000d5580000,0x00000000d5580000,0x00000000d6d80000)
  from space 4608K, 89% used [0x00000000d6e80000,0x00000000d728c070,0x00000000d7300000)
  to   space 3584K, 0% used [0x00000000d7300000,0x00000000d7300000,0x00000000d7680000)
 ParOldGen       total 68608K, used 9736K [0x0000000080000000, 0x0000000084300000, 0x00000000d5580000)
  object space 68608K, 14% used [0x0000000080000000,0x0000000080982338,0x0000000084300000)
 Metaspace       used 20668K, committed 21504K, reserved 1114112K
  class space    used 2152K, committed 2560K, reserved 1048576K
}
Event: 15.977 GC heap before
{Heap before GC invocations=8 (full 1):
 PSYoungGen      total 29184K, used 4144K [0x00000000d5580000, 0x00000000d7680000, 0x0000000100000000)
  eden space 24576K, 0% used [0x00000000d5580000,0x00000000d5580000,0x00000000d6d80000)
  from space 4608K, 89% used [0x00000000d6e80000,0x00000000d728c070,0x00000000d7300000)
  to   space 3584K, 0% used [0x00000000d7300000,0x00000000d7300000,0x00000000d7680000)
 ParOldGen       total 68608K, used 9736K [0x0000000080000000, 0x0000000084300000, 0x00000000d5580000)
  object space 68608K, 14% used [0x0000000080000000,0x0000000080982338,0x0000000084300000)
 Metaspace       used 20668K, committed 21504K, reserved 1114112K
  class space    used 2152K, committed 2560K, reserved 1048576K
}

Dll operation events (9 events):
Event: 0.007 Loaded shared library /home/mk/.vscode/extensions/redhat.java-1.44.0-linux-x64/jre/21.0.8-linux-x86_64/lib/libjava.so
Event: 0.280 Loaded shared library /home/mk/.vscode/extensions/redhat.java-1.44.0-linux-x64/jre/21.0.8-linux-x86_64/lib/libzip.so
Event: 0.496 Loaded shared library /home/mk/.vscode/extensions/redhat.java-1.44.0-linux-x64/jre/21.0.8-linux-x86_64/lib/libinstrument.so
Event: 0.512 Loaded shared library /home/mk/.vscode/extensions/redhat.java-1.44.0-linux-x64/jre/21.0.8-linux-x86_64/lib/libnio.so
Event: 0.552 Loaded shared library /home/mk/.vscode/extensions/redhat.java-1.44.0-linux-x64/jre/21.0.8-linux-x86_64/lib/libzip.so
Event: 0.670 Loaded shared library /home/mk/.vscode/extensions/redhat.java-1.44.0-linux-x64/jre/21.0.8-linux-x86_64/lib/libjimage.so
Event: 1.180 Loaded shared library /home/mk/.vscode/extensions/redhat.java-1.44.0-linux-x64/jre/21.0.8-linux-x86_64/lib/libverify.so
Event: 4.625 Loaded shared library /home/mk/.vscode/extensions/redhat.java-1.44.0-linux-x64/jre/21.0.8-linux-x86_64/lib/libnet.so
Event: 7.848 Loaded shared library /home/mk/.config/Code/User/globalStorage/redhat.java/1.44.0/config_linux/org.eclipse.equinox.launcher/org.eclipse.equinox.launcher.gtk.linux.x86_64_1.2.1500.v20250730-1736/eclipse_11913.so

Deoptimization events (20 events):
Event: 15.063 Thread 0x00007fed7c3a1100 DEOPT PACKING pc=0x00007fed69ebab06 sp=0x00007fed1e0cccf0
Event: 15.063 Thread 0x00007fed7c3a1100 DEOPT UNPACKING pc=0x00007fed7138ab2f sp=0x00007fed1e0cc190 mode 0
Event: 15.562 Thread 0x00007fed7c3a1100 Uncommon trap: trap_request=0xffffff45 fr.pc=0x00007fed71908888 relative=0x00000000000003c8
Event: 15.562 Thread 0x00007fed7c3a1100 Uncommon trap: reason=unstable_if action=reinterpret pc=0x00007fed71908888 method=java.lang.StringLatin1.canEncode(I)Z @ 4 c2
Event: 15.562 Thread 0x00007fed7c3a1100 DEOPT PACKING pc=0x00007fed71908888 sp=0x00007fed1e0ced00
Event: 15.562 Thread 0x00007fed7c3a1100 DEOPT UNPACKING pc=0x00007fed7138a399 sp=0x00007fed1e0cec38 mode 2
Event: 15.562 Thread 0x00007fed7c3a1100 Uncommon trap: trap_request=0xffffff45 fr.pc=0x00007fed7190a088 relative=0x00000000000003c8
Event: 15.562 Thread 0x00007fed7c3a1100 Uncommon trap: reason=unstable_if action=reinterpret pc=0x00007fed7190a088 method=java.lang.AbstractStringBuilder.isLatin1()Z @ 10 c2
Event: 15.562 Thread 0x00007fed7c3a1100 DEOPT PACKING pc=0x00007fed7190a088 sp=0x00007fed1e0ced10
Event: 15.562 Thread 0x00007fed7c3a1100 DEOPT UNPACKING pc=0x00007fed7138a399 sp=0x00007fed1e0ceca0 mode 2
Event: 15.562 Thread 0x00007fed7c3a1100 Uncommon trap: trap_request=0xffffff45 fr.pc=0x00007fed7197e3ec relative=0x000000000000006c
Event: 15.562 Thread 0x00007fed7c3a1100 Uncommon trap: reason=unstable_if action=reinterpret pc=0x00007fed7197e3ec method=java.lang.AbstractStringBuilder.isLatin1()Z @ 10 c2
Event: 15.562 Thread 0x00007fed7c3a1100 DEOPT PACKING pc=0x00007fed7197e3ec sp=0x00007fed1e0cecf0
Event: 15.562 Thread 0x00007fed7c3a1100 DEOPT UNPACKING pc=0x00007fed7138a399 sp=0x00007fed1e0ceca0 mode 2
Event: 15.563 Thread 0x00007fed7c3a1100 Uncommon trap: trap_request=0xffffff45 fr.pc=0x00007fed718f4e48 relative=0x0000000000000048
Event: 15.563 Thread 0x00007fed7c3a1100 Uncommon trap: reason=unstable_if action=reinterpret pc=0x00007fed718f4e48 method=java.lang.StringLatin1.canEncode(I)Z @ 4 c2
Event: 15.563 Thread 0x00007fed7c3a1100 DEOPT PACKING pc=0x00007fed718f4e48 sp=0x00007fed1e0cec80
Event: 15.563 Thread 0x00007fed7c3a1100 DEOPT UNPACKING pc=0x00007fed7138a399 sp=0x00007fed1e0cec30 mode 2
Event: 15.742 Thread 0x00007fed7c3a1100 DEOPT PACKING pc=0x00007fed6a439916 sp=0x00007fed1e0d0560
Event: 15.742 Thread 0x00007fed7c3a1100 DEOPT UNPACKING pc=0x00007fed7138ab2f sp=0x00007fed1e0cfa78 mode 0

Classes loaded (20 events):
Event: 15.767 Loading class javax/xml/transform/Source
Event: 15.767 Loading class javax/xml/transform/Source done
Event: 15.867 Loading class java/util/Collections$UnmodifiableSortedSet
Event: 15.868 Loading class java/util/Collections$UnmodifiableSortedSet done
Event: 15.912 Loading class java/io/StringReader
Event: 15.912 Loading class java/io/StringReader done
Event: 15.913 Loading class java/util/zip/GZIPInputStream
Event: 15.916 Loading class java/util/zip/GZIPInputStream done
Event: 15.919 Loading class java/util/zip/GZIPOutputStream
Event: 15.919 Loading class java/util/zip/GZIPOutputStream done
Event: 15.935 Loading class java/net/SocketTimeoutException
Event: 15.935 Loading class java/io/InterruptedIOException
Event: 15.935 Loading class java/io/InterruptedIOException done
Event: 15.936 Loading class java/net/SocketTimeoutException done
Event: 15.936 Loading class java/net/SocketException
Event: 15.936 Loading class java/net/SocketException done
Event: 15.936 Loading class java/net/UnknownHostException
Event: 15.936 Loading class java/net/UnknownHostException done
Event: 15.936 Loading class java/net/ProtocolException
Event: 15.936 Loading class java/net/ProtocolException done

Classes unloaded (7 events):
Event: 16.036 Thread 0x00007fed7c0e7c90 Unloading class 0x00007fed201aa800 'java/lang/invoke/LambdaForm$MH+0x00007fed201aa800'
Event: 16.036 Thread 0x00007fed7c0e7c90 Unloading class 0x00007fed201aa400 'java/lang/invoke/LambdaForm$MH+0x00007fed201aa400'
Event: 16.036 Thread 0x00007fed7c0e7c90 Unloading class 0x00007fed201aa000 'java/lang/invoke/LambdaForm$MH+0x00007fed201aa000'
Event: 16.036 Thread 0x00007fed7c0e7c90 Unloading class 0x00007fed201a9c00 'java/lang/invoke/LambdaForm$MH+0x00007fed201a9c00'
Event: 16.036 Thread 0x00007fed7c0e7c90 Unloading class 0x00007fed201a9800 'java/lang/invoke/LambdaForm$BMH+0x00007fed201a9800'
Event: 16.036 Thread 0x00007fed7c0e7c90 Unloading class 0x00007fed201a9400 'java/lang/invoke/LambdaForm$DMH+0x00007fed201a9400'
Event: 16.036 Thread 0x00007fed7c0e7c90 Unloading class 0x00007fed201a8000 'java/lang/invoke/LambdaForm$DMH+0x00007fed201a8000'

Classes redefined (0 events):
No events

Internal exceptions (20 events):
Event: 13.024 Thread 0x00007fed7c3a1100 Exception <a 'java/lang/NoSuchMethodError'{0x00000000d59cf360}: 'java.lang.Object java.lang.invoke.DirectMethodHandle$Holder.newInvokeSpecial(java.lang.Object, java.lang.Object, java.lang.Object, long)'> (0x00000000d59cf360) 
thrown [src/hotspot/share/interpreter/linkResolver.cpp, line 772]
Event: 13.066 Thread 0x00007fed7c3a1100 Exception <a 'java/lang/NoSuchMethodError'{0x00000000d59d3750}: 'java.lang.Object java.lang.invoke.DirectMethodHandle$Holder.invokeSpecial(java.lang.Object, java.lang.Object, java.lang.Object, java.lang.Object, long)'> (0x00000000d59d3750) 
thrown [src/hotspot/share/interpreter/linkResolver.cpp, line 772]
Event: 13.067 Thread 0x00007fed7c3a1100 Exception <a 'java/lang/NoSuchMethodError'{0x00000000d59d7370}: 'java.lang.Object java.lang.invoke.Invokers$Holder.linkToTargetMethod(java.lang.Object, java.lang.Object, long, java.lang.Object)'> (0x00000000d59d7370) 
thrown [src/hotspot/share/interpreter/linkResolver.cpp, line 772]
Event: 13.150 Thread 0x00007fed7c3a1100 Exception <a 'java/lang/NoSuchMethodError'{0x00000000d5a54658}: 'int java.lang.invoke.DirectMethodHandle$Holder.invokeStaticInit(java.lang.Object, java.lang.Object, java.lang.Object)'> (0x00000000d5a54658) 
thrown [src/hotspot/share/interpreter/linkResolver.cpp, line 772]
Event: 13.249 Thread 0x00007fed7c3a1100 Exception <a 'java/lang/IncompatibleClassChangeError'{0x00000000d5af5008}: Found class java.lang.Object, but interface was expected> (0x00000000d5af5008) 
thrown [src/hotspot/share/interpreter/linkResolver.cpp, line 840]
Event: 13.280 Thread 0x00007fed7c3a1100 Exception <a 'java/lang/NoSuchMethodError'{0x00000000d5b127d0}: 'java.lang.Object java.lang.invoke.DirectMethodHandle$Holder.invokeSpecial(java.lang.Object, java.lang.Object, java.lang.Object, int, java.lang.Object, java.lang.Object)'> (0x00000000d5b127d0) 
thrown [src/hotspot/share/interpreter/linkResolver.cpp, line 772]
Event: 13.281 Thread 0x00007fed7c3a1100 Exception <a 'java/lang/NoSuchMethodError'{0x00000000d5b1a1e8}: 'java.lang.Object java.lang.invoke.DirectMethodHandle$Holder.newInvokeSpecial(java.lang.Object, java.lang.Object, java.lang.Object, int, java.lang.Object)'> (0x00000000d5b1a1e8) 
thrown [src/hotspot/share/interpreter/linkResolver.cpp, line 772]
Event: 13.304 Thread 0x00007fed7c3a1100 Exception <a 'java/lang/NoSuchMethodError'{0x00000000d5b1e1a8}: 'java.lang.Object java.lang.invoke.DirectMethodHandle$Holder.invokeSpecial(java.lang.Object, java.lang.Object, java.lang.Object, java.lang.Object, int, java.lang.Object)'> (0x00000000d5b1e1a8) 
thrown [src/hotspot/share/interpreter/linkResolver.cpp, line 772]
Event: 13.304 Thread 0x00007fed7c3a1100 Exception <a 'java/lang/NoSuchMethodError'{0x00000000d5b21ce8}: 'java.lang.Object java.lang.invoke.Invokers$Holder.linkToTargetMethod(java.lang.Object, java.lang.Object, int, java.lang.Object, java.lang.Object)'> (0x00000000d5b21ce8) 
thrown [src/hotspot/share/interpreter/linkResolver.cpp, line 772]
Event: 13.311 Thread 0x00007feccc3cf070 Exception <a 'java/lang/NoSuchMethodError'{0x00000000d5a1ec40}: 'java.lang.Object java.lang.invoke.DirectMethodHandle$Holder.invokeSpecial(java.lang.Object, java.lang.Object, int, java.lang.Object, java.lang.Object)'> (0x00000000d5a1ec40) 
thrown [src/hotspot/share/interpreter/linkResolver.cpp, line 772]
Event: 13.499 Thread 0x00007fed7c3a1100 Exception <a 'java/lang/NoSuchMethodError'{0x00000000d5c436d0}: 'void java.lang.invoke.DirectMethodHandle$Holder.invokeSpecial(java.lang.Object, java.lang.Object, java.lang.Object, java.lang.Object, java.lang.Object)'> (0x00000000d5c436d0) 
thrown [src/hotspot/share/interpreter/linkResolver.cpp, line 772]
Event: 14.447 Thread 0x00007fed7c3a1100 Exception <a 'java/lang/NoSuchMethodError'{0x00000000d63e7a50}: 'java.lang.Object java.lang.invoke.DirectMethodHandle$Holder.invokeInterface(java.lang.Object, java.lang.Object, java.lang.Object)'> (0x00000000d63e7a50) 
thrown [src/hotspot/share/interpreter/linkResolver.cpp, line 772]
Event: 14.595 Thread 0x00007fed7c3a1100 Exception <a 'java/lang/NoSuchMethodError'{0x00000000d684ab40}: 'java.lang.Object java.lang.invoke.Invokers$Holder.linkToTargetMethod(java.lang.Object, long, java.lang.Object, java.lang.Object)'> (0x00000000d684ab40) 
thrown [src/hotspot/share/interpreter/linkResolver.cpp, line 772]
Event: 15.246 Thread 0x00007fed7c3a1100 Exception <a 'java/io/FileNotFoundException'{0x00000000d57b1730}> (0x00000000d57b1730) 
thrown [src/hotspot/share/prims/jni.cpp, line 520]
Event: 15.251 Thread 0x00007fed7c3a1100 Exception <a 'java/lang/NoSuchMethodError'{0x00000000d57b9e30}: 'java.lang.Object java.lang.invoke.DirectMethodHandle$Holder.newInvokeSpecial(java.lang.Object, int, java.lang.Object, java.lang.Object)'> (0x00000000d57b9e30) 
thrown [src/hotspot/share/interpreter/linkResolver.cpp, line 772]
Event: 15.691 Thread 0x00007fed7c3a1100 Exception <a 'java/lang/NoSuchMethodError'{0x00000000d5f9e648}: 'void java.lang.invoke.DirectMethodHandle$Holder.invokeSpecial(java.lang.Object, java.lang.Object, java.lang.Object, int)'> (0x00000000d5f9e648) 
thrown [src/hotspot/share/interpreter/linkResolver.cpp, line 772]
Event: 15.715 Thread 0x00007fed7c3a1100 Exception <a 'java/lang/NoSuchMethodError'{0x00000000d6004af0}: 'long java.lang.invoke.DirectMethodHandle$Holder.invokeSpecial(java.lang.Object, java.lang.Object)'> (0x00000000d6004af0) 
thrown [src/hotspot/share/interpreter/linkResolver.cpp, line 772]
Event: 15.715 Thread 0x00007fed7c3a1100 Exception <a 'java/lang/NoSuchMethodError'{0x00000000d6008f38}: 'long java.lang.invoke.Invokers$Holder.invokeExact_MT(java.lang.Object, java.lang.Object)'> (0x00000000d6008f38) 
thrown [src/hotspot/share/interpreter/linkResolver.cpp, line 772]
Event: 15.861 Thread 0x00007fed7c3a1100 Exception <a 'java/lang/NoSuchMethodError'{0x00000000d64b11d8}: 'double java.lang.invoke.DirectMethodHandle$Holder.invokeStatic(java.lang.Object, java.lang.Object)'> (0x00000000d64b11d8) 
thrown [src/hotspot/share/interpreter/linkResolver.cpp, line 772]
Event: 15.861 Thread 0x00007fed7c3a1100 Exception <a 'java/lang/NoSuchMethodError'{0x00000000d64b4868}: 'double java.lang.invoke.DirectMethodHandle$Holder.invokeStaticInit(java.lang.Object, java.lang.Object)'> (0x00000000d64b4868) 
thrown [src/hotspot/share/interpreter/linkResolver.cpp, line 772]

ZGC Phase Switch (0 events):
No events

VM Operations (20 events):
Event: 10.681 Executing VM operation: ParallelGCFailedAllocation (Allocation Failure) done
Event: 11.688 Executing VM operation: Cleanup
Event: 11.696 Executing VM operation: Cleanup done
Event: 12.430 Executing VM operation: HandshakeAllThreads (Deoptimize)
Event: 12.430 Executing VM operation: HandshakeAllThreads (Deoptimize) done
Event: 12.621 Executing VM operation: ParallelGCFailedAllocation (Allocation Failure)
Event: 12.689 Executing VM operation: ParallelGCFailedAllocation (Allocation Failure) done
Event: 12.805 Executing VM operation: HandshakeAllThreads (Deoptimize)
Event: 12.805 Executing VM operation: HandshakeAllThreads (Deoptimize) done
Event: 13.806 Executing VM operation: Cleanup
Event: 13.814 Executing VM operation: Cleanup done
Event: 14.060 Executing VM operation: HandshakeAllThreads (Deoptimize)
Event: 14.060 Executing VM operation: HandshakeAllThreads (Deoptimize) done
Event: 14.257 Executing VM operation: HandshakeAllThreads (Deoptimize)
Event: 14.257 Executing VM operation: HandshakeAllThreads (Deoptimize) done
Event: 14.297 Executing VM operation: HandshakeAllThreads (Deoptimize)
Event: 14.297 Executing VM operation: HandshakeAllThreads (Deoptimize) done
Event: 14.984 Executing VM operation: ParallelGCFailedAllocation (Allocation Failure)
Event: 15.037 Executing VM operation: ParallelGCFailedAllocation (Allocation Failure) done
Event: 15.961 Executing VM operation: CollectForMetadataAllocation (Metadata GC Threshold)

Memory protections (20 events):
Event: 1.597 Protecting memory [0x00007fed1e5fb000,0x00007fed1e5ff000] with protection modes 0
Event: 3.827 Protecting memory [0x00007fed1e5fb000,0x00007fed1e5ff000] with protection modes 0
Event: 5.181 Protecting memory [0x00007fed1e5fb000,0x00007fed1e5ff000] with protection modes 0
Event: 6.645 Protecting memory [0x00007fed1e1f7000,0x00007fed1e1fb000] with protection modes 0
Event: 7.821 Protecting memory [0x00007fed1e5fb000,0x00007fed1e5ff000] with protection modes 0
Event: 7.855 Protecting memory [0x00007fed1e0f6000,0x00007fed1e0fa000] with protection modes 0
Event: 8.177 Protecting memory [0x00007fed1e5fb000,0x00007fed1e5ff000] with protection modes 0
Event: 8.192 Protecting memory [0x00007fed1dfe1000,0x00007fed1dfe5000] with protection modes 0
Event: 8.727 Protecting memory [0x00007fed1dee0000,0x00007fed1dee4000] with protection modes 0
Event: 9.228 Protecting memory [0x00007fed1dddf000,0x00007fed1dde3000] with protection modes 0
Event: 9.575 Protecting memory [0x00007fed1dcde000,0x00007fed1dce2000] with protection modes 0
Event: 9.914 Protecting memory [0x00007fed1dbdd000,0x00007fed1dbe1000] with protection modes 0
Event: 10.321 Protecting memory [0x00007fed1dee0000,0x00007fed1dee4000] with protection modes 0
Event: 11.061 Protecting memory [0x00007fed1dee0000,0x00007fed1dee4000] with protection modes 0
Event: 11.851 Protecting memory [0x00007fed1dee0000,0x00007fed1dee4000] with protection modes 0
Event: 12.070 Protecting memory [0x00007fed1dadc000,0x00007fed1dae0000] with protection modes 0
Event: 13.120 Protecting memory [0x00007fed1dee0000,0x00007fed1dee4000] with protection modes 0
Event: 13.326 Protecting memory [0x00007fed1d9db000,0x00007fed1d9df000] with protection modes 0
Event: 14.115 Protecting memory [0x00007fed1d8da000,0x00007fed1d8de000] with protection modes 0
Event: 14.396 Protecting memory [0x00007fed1d8da000,0x00007fed1d8de000] with protection modes 0

Nmethod flushes (0 events):
No events

Events (20 events):
Event: 7.960 Thread 0x00007fecf81918b0 Thread exited: 0x00007fecf81918b0
Event: 8.176 Thread 0x00007fed7c39e520 Thread added: 0x00007fecd801aa40
Event: 8.192 Thread 0x00007fed7c02a2c0 Thread added: 0x00007fed7c3a1100
Event: 8.725 Thread 0x00007fed7c0f99b0 Thread added: 0x00007fecf811c1f0
Event: 9.224 Thread 0x00007fed7c3a1100 Thread added: 0x00007feccc3aec10
Event: 9.575 Thread 0x00007fed7c3a1100 Thread added: 0x00007feccc479ff0
Event: 9.909 Thread 0x00007fed7c3a1100 Thread added: 0x00007feccc4d7ba0
Event: 9.966 Thread 0x00007fecf811c1f0 Thread exited: 0x00007fecf811c1f0
Event: 10.321 Thread 0x00007fed7c0f8330 Thread added: 0x00007fecf405c260
Event: 10.638 Thread 0x00007fecf405c260 Thread exited: 0x00007fecf405c260
Event: 11.057 Thread 0x00007fed7c0f99b0 Thread added: 0x00007fecf82f63f0
Event: 11.432 Thread 0x00007fecf82f63f0 Thread exited: 0x00007fecf82f63f0
Event: 11.851 Thread 0x00007fed7c0f99b0 Thread added: 0x00007fecf8031f30
Event: 12.069 Thread 0x00007fed7c3a1100 Thread added: 0x00007feccc237c30
Event: 13.004 Thread 0x00007fecf8031f30 Thread exited: 0x00007fecf8031f30
Event: 13.113 Thread 0x00007fed7c3a1100 Thread added: 0x00007feccc3cf070
Event: 13.326 Thread 0x00007fed7c3a1100 Thread added: 0x00007feccc3dbd30
Event: 14.115 Thread 0x00007fed7c0f99b0 Thread added: 0x00007fecf83e9120
Event: 14.234 Thread 0x00007fecf83e9120 Thread exited: 0x00007fecf83e9120
Event: 14.396 Thread 0x00007fed7c0f99b0 Thread added: 0x00007fecf85c7e20


Dynamic libraries:
80000000-84300000 rw-p 00000000 00:00 0 
84300000-d5580000 ---p 00000000 00:00 0 
d5580000-d7680000 rw-p 00000000 00:00 0 
d7680000-100000000 ---p 00000000 00:00 0 
564f91873000-564f91874000 r-xp 00000000 08:05 9055774                    /home/mk/.vscode/extensions/redhat.java-1.44.0-linux-x64/jre/21.0.8-linux-x86_64/bin/java
564f91875000-564f91876000 r--p 00001000 08:05 9055774                    /home/mk/.vscode/extensions/redhat.java-1.44.0-linux-x64/jre/21.0.8-linux-x86_64/bin/java
564f91876000-564f91877000 rw-p 00002000 08:05 9055774                    /home/mk/.vscode/extensions/redhat.java-1.44.0-linux-x64/jre/21.0.8-linux-x86_64/bin/java
564fb0a93000-564fb0ada000 rw-p 00000000 00:00 0                          [heap]
7fecb4000000-7fecb4021000 rw-p 00000000 00:00 0 
7fecb4021000-7fecb8000000 ---p 00000000 00:00 0 
7fecb8000000-7fecb85bc000 rw-p 00000000 00:00 0 
7fecb85bc000-7fecbc000000 ---p 00000000 00:00 0 
7fecbc000000-7fecbc021000 rw-p 00000000 00:00 0 
7fecbc021000-7fecc0000000 ---p 00000000 00:00 0 
7fecc0000000-7fecc0021000 rw-p 00000000 00:00 0 
7fecc0021000-7fecc4000000 ---p 00000000 00:00 0 
7fecc4000000-7fecc4021000 rw-p 00000000 00:00 0 
7fecc4021000-7fecc8000000 ---p 00000000 00:00 0 
7fecc8000000-7fecc8021000 rw-p 00000000 00:00 0 
7fecc8021000-7feccc000000 ---p 00000000 00:00 0 
7feccc000000-7feccc7f2000 rw-p 00000000 00:00 0 
7feccc7f2000-7fecd0000000 ---p 00000000 00:00 0 
7fecd0000000-7fecd02ec000 rw-p 00000000 00:00 0 
7fecd02ec000-7fecd4000000 ---p 00000000 00:00 0 
7fecd4000000-7fecd4021000 rw-p 00000000 00:00 0 
7fecd4021000-7fecd8000000 ---p 00000000 00:00 0 
7fecd8000000-7fecd8022000 rw-p 00000000 00:00 0 
7fecd8022000-7fecdc000000 ---p 00000000 00:00 0 
7fecdc000000-7fecdc021000 rw-p 00000000 00:00 0 
7fecdc021000-7fece0000000 ---p 00000000 00:00 0 
7fece0000000-7fece0021000 rw-p 00000000 00:00 0 
7fece0021000-7fece4000000 ---p 00000000 00:00 0 
7fece4000000-7fece4401000 rw-p 00000000 00:00 0 
7fece4401000-7fece8000000 ---p 00000000 00:00 0 
7fece8000000-7fece8021000 rw-p 00000000 00:00 0 
7fece8021000-7fecec000000 ---p 00000000 00:00 0 
7fecec000000-7fecec021000 rw-p 00000000 00:00 0 
7fecec021000-7fecf0000000 ---p 00000000 00:00 0 
7fecf0000000-7fecf0021000 rw-p 00000000 00:00 0 
7fecf0021000-7fecf4000000 ---p 00000000 00:00 0 
7fecf4000000-7fecf4e24000 rw-p 00000000 00:00 0 
7fecf4e24000-7fecf8000000 ---p 00000000 00:00 0 
7fecf8000000-7fecf880d000 rw-p 00000000 00:00 0 
7fecf880d000-7fecfc000000 ---p 00000000 00:00 0 
7fecfc000000-7fecfc021000 rw-p 00000000 00:00 0 
7fecfc021000-7fed00000000 ---p 00000000 00:00 0 
7fed00000000-7fed00021000 rw-p 00000000 00:00 0 
7fed00021000-7fed04000000 ---p 00000000 00:00 0 
7fed04000000-7fed04021000 rw-p 00000000 00:00 0 
7fed04021000-7fed08000000 ---p 00000000 00:00 0 
7fed08000000-7fed08021000 rw-p 00000000 00:00 0 
7fed08021000-7fed0c000000 ---p 00000000 00:00 0 
7fed0c000000-7fed0c021000 rw-p 00000000 00:00 0 
7fed0c021000-7fed10000000 ---p 00000000 00:00 0 
7fed10000000-7fed10021000 rw-p 00000000 00:00 0 
7fed10021000-7fed14000000 ---p 00000000 00:00 0 
7fed14000000-7fed14400000 rw-p 00000000 00:00 0 
7fed14400000-7fed14900000 rw-p 00000000 00:00 0 
7fed14900000-7fed149e0000 rw-p 00000000 00:00 0 
7fed149e0000-7fed14a00000 rw-p 00000000 00:00 0 
7fed14a00000-7fed14b00000 rw-p 00000000 00:00 0 
7fed14b00000-7fed14c00000 rw-p 00000000 00:00 0 
7fed14c00000-7fed15180000 rw-p 00000000 00:00 0 
7fed15180000-7fed151a0000 rw-p 00000000 00:00 0 
7fed151a0000-7fed15200000 ---p 00000000 00:00 0 
7fed15200000-7fed152e0000 rw-p 00000000 00:00 0 
7fed152e0000-7fed18000000 ---p 00000000 00:00 0 
7fed18000000-7fed18021000 rw-p 00000000 00:00 0 
7fed18021000-7fed1c000000 ---p 00000000 00:00 0 
7fed1d46d000-7fed1d8d9000 rw-p 00000000 00:00 0 
7fed1d8d9000-7fed1d8da000 ---p 00000000 00:00 0 
7fed1d8da000-7fed1d8de000 ---p 00000000 00:00 0 
7fed1d8de000-7fed1d9da000 rw-p 00000000 00:00 0 
7fed1d9da000-7fed1d9db000 ---p 00000000 00:00 0 
7fed1d9db000-7fed1d9df000 ---p 00000000 00:00 0 
7fed1d9df000-7fed1dadb000 rw-p 00000000 00:00 0 
7fed1dadb000-7fed1dadc000 ---p 00000000 00:00 0 
7fed1dadc000-7fed1dae0000 ---p 00000000 00:00 0 
7fed1dae0000-7fed1dbdc000 rw-p 00000000 00:00 0 
7fed1dbdc000-7fed1dbdd000 ---p 00000000 00:00 0 
7fed1dbdd000-7fed1dbe1000 ---p 00000000 00:00 0 
7fed1dbe1000-7fed1dcdd000 rw-p 00000000 00:00 0 
7fed1dcdd000-7fed1dcde000 ---p 00000000 00:00 0 
7fed1dcde000-7fed1dce2000 ---p 00000000 00:00 0 
7fed1dce2000-7fed1ddde000 rw-p 00000000 00:00 0 
7fed1ddde000-7fed1dddf000 ---p 00000000 00:00 0 
7fed1dddf000-7fed1dde3000 ---p 00000000 00:00 0 
7fed1dde3000-7fed1dedf000 rw-p 00000000 00:00 0 
7fed1dedf000-7fed1dee0000 ---p 00000000 00:00 0 
7fed1dee0000-7fed1dee4000 ---p 00000000 00:00 0 
7fed1dee4000-7fed1dfe0000 rw-p 00000000 00:00 0 
7fed1dfe0000-7fed1dfe1000 ---p 00000000 00:00 0 
7fed1dfe1000-7fed1dfe5000 ---p 00000000 00:00 0 
7fed1dfe5000-7fed1e0e1000 rw-p 00000000 00:00 0 
7fed1e0e1000-7fed1e0e5000 r--p 00000000 08:05 9056423                    /home/mk/.config/Code/User/globalStorage/redhat.java/1.44.0/config_linux/org.eclipse.equinox.launcher/org.eclipse.equinox.launcher.gtk.linux.x86_64_1.2.1500.v20250730-1736/eclipse_11913.so
7fed1e0e5000-7fed1e0ef000 r-xp 00004000 08:05 9056423                    /home/mk/.config/Code/User/globalStorage/redhat.java/1.44.0/config_linux/org.eclipse.equinox.launcher/org.eclipse.equinox.launcher.gtk.linux.x86_64_1.2.1500.v20250730-1736/eclipse_11913.so
7fed1e0ef000-7fed1e0f2000 r--p 0000e000 08:05 9056423                    /home/mk/.config/Code/User/globalStorage/redhat.java/1.44.0/config_linux/org.eclipse.equinox.launcher/org.eclipse.equinox.launcher.gtk.linux.x86_64_1.2.1500.v20250730-1736/eclipse_11913.so
7fed1e0f2000-7fed1e0f3000 r--p 00010000 08:05 9056423                    /home/mk/.config/Code/User/globalStorage/redhat.java/1.44.0/config_linux/org.eclipse.equinox.launcher/org.eclipse.equinox.launcher.gtk.linux.x86_64_1.2.1500.v20250730-1736/eclipse_11913.so
7fed1e0f3000-7fed1e0f4000 rw-p 00011000 08:05 9056423                    /home/mk/.config/Code/User/globalStorage/redhat.java/1.44.0/config_linux/org.eclipse.equinox.launcher/org.eclipse.equinox.launcher.gtk.linux.x86_64_1.2.1500.v20250730-1736/eclipse_11913.so
7fed1e0f4000-7fed1e0f5000 rw-p 00000000 00:00 0 
7fed1e0f5000-7fed1e0f6000 ---p 00000000 00:00 0 
7fed1e0f6000-7fed1e0fa000 ---p 00000000 00:00 0 
7fed1e0fa000-7fed1e1f6000 rw-p 00000000 00:00 0 
7fed1e1f6000-7fed1e1f7000 ---p 00000000 00:00 0 
7fed1e1f7000-7fed1e1fb000 ---p 00000000 00:00 0 
7fed1e1fb000-7fed1e2f7000 rw-p 00000000 00:00 0 
7fed1e2f7000-7fed1e2f8000 ---p 00000000 00:00 0 
7fed1e2f8000-7fed1e3f8000 rw-p 00000000 00:00 0 
7fed1e3f8000-7fed1e3f9000 ---p 00000000 00:00 0 
7fed1e3f9000-7fed1e4f9000 rw-p 00000000 00:00 0 
7fed1e4f9000-7fed1e4fa000 ---p 00000000 00:00 0 
7fed1e4fa000-7fed1e5fa000 rw-p 00000000 00:00 0 
7fed1e5fa000-7fed1e5fb000 ---p 00000000 00:00 0 
7fed1e5fb000-7fed1e5ff000 ---p 00000000 00:00 0 
7fed1e5ff000-7fed1e6fb000 rw-p 00000000 00:00 0 
7fed1e6fb000-7fed1e6fc000 ---p 00000000 00:00 0 
7fed1e6fc000-7fed1e700000 ---p 00000000 00:00 0 
7fed1e700000-7fed1e7fc000 rw-p 00000000 00:00 0 
7fed1e7fc000-7fed1e7fd000 ---p 00000000 00:00 0 
7fed1e7fd000-7fed1e801000 ---p 00000000 00:00 0 
7fed1e801000-7fed1e8fd000 rw-p 00000000 00:00 0 
7fed1e8fd000-7fed1e8fe000 ---p 00000000 00:00 0 
7fed1e8fe000-7fed1e902000 ---p 00000000 00:00 0 
7fed1e902000-7fed1e9fe000 rw-p 00000000 00:00 0 
7fed1e9fe000-7fed1e9ff000 ---p 00000000 00:00 0 
7fed1e9ff000-7fed1ea03000 ---p 00000000 00:00 0 
7fed1ea03000-7fed1eaff000 rw-p 00000000 00:00 0 
7fed1eaff000-7fed1eb00000 ---p 00000000 00:00 0 
7fed1eb00000-7fed1eb04000 ---p 00000000 00:00 0 
7fed1eb04000-7fed1ec00000 rw-p 00000000 00:00 0 
7fed1ec00000-7fed1eeec000 r--p 00000000 08:05 7348452                    /usr/lib/locale/locale-archive
7fed1eeff000-7fed1ef00000 ---p 00000000 00:00 0 
7fed1ef00000-7fed1ef04000 ---p 00000000 00:00 0 
7fed1ef04000-7fed1f000000 rw-p 00000000 00:00 0 
7fed1f000000-7fed1fbbf000 rw-p 00001000 08:05 9056187                    /home/mk/.vscode/extensions/redhat.java-1.44.0-linux-x64/jre/21.0.8-linux-x86_64/lib/server/classes.jsa
7fed1fbbf000-7fed20000000 ---p 00000000 00:00 0 
7fed20000000-7fed20040000 rw-p 00000000 00:00 0 
7fed20040000-7fed200c0000 rw-p 00000000 00:00 0 
7fed200c0000-7fed20100000 rw-p 00000000 00:00 0 
7fed20100000-7fed201e0000 rw-p 00000000 00:00 0 
7fed201e0000-7fed20200000 rw-p 00000000 00:00 0 
7fed20200000-7fed20280000 rw-p 00000000 00:00 0 
7fed20280000-7fed60000000 ---p 00000000 00:00 0 
7fed60000000-7fed64021000 rw-p 00000000 00:00 0 
7fed64021000-7fed68000000 ---p 00000000 00:00 0 
7fed68013000-7fed68014000 ---p 00000000 00:00 0 
7fed68014000-7fed68018000 ---p 00000000 00:00 0 
7fed68018000-7fed68114000 rw-p 00000000 00:00 0 
7fed68114000-7fed68115000 ---p 00000000 00:00 0 
7fed68115000-7fed68119000 ---p 00000000 00:00 0 
7fed68119000-7fed68215000 rw-p 00000000 00:00 0 
7fed68215000-7fed68216000 ---p 00000000 00:00 0 
7fed68216000-7fed6821a000 ---p 00000000 00:00 0 
7fed6821a000-7fed68316000 rw-p 00000000 00:00 0 
7fed68316000-7fed68317000 ---p 00000000 00:00 0 
7fed68317000-7fed68417000 rw-p 00000000 00:00 0 
7fed68417000-7fed69023000 rw-p 00000000 00:00 0 
7fed69023000-7fed69024000 ---p 00000000 00:00 0 
7fed69024000-7fed69124000 rw-p 00000000 00:00 0 
7fed69124000-7fed69600000 rw-p 00000000 00:00 0 
7fed69612000-7fed69675000 rw-p 00000000 00:00 0 
7fed69675000-7fed698fe000 ---p 00000000 00:00 0 
7fed698fe000-7fed698ff000 ---p 00000000 00:00 0 
7fed698ff000-7fed699ff000 rw-p 00000000 00:00 0 
7fed699ff000-7fed69a21000 rw-p 00000000 00:00 0 
7fed69a21000-7fed69ca9000 ---p 00000000 00:00 0 
7fed69ca9000-7fed69cbb000 rw-p 00000000 00:00 0 
7fed69cbb000-7fed69e00000 ---p 00000000 00:00 0 
7fed69e00000-7fed6a490000 rwxp 00000000 00:00 0 
7fed6a490000-7fed71337000 ---p 00000000 00:00 0 
7fed71337000-7fed715a7000 rwxp 00000000 00:00 0 
7fed715a7000-7fed718c8000 ---p 00000000 00:00 0 
7fed718c8000-7fed71b38000 rwxp 00000000 00:00 0 
7fed71b38000-7fed78e00000 ---p 00000000 00:00 0 
7fed78e00000-7fed7bfd2000 r--s 00000000 08:05 9056177                    /home/mk/.vscode/extensions/redhat.java-1.44.0-linux-x64/jre/21.0.8-linux-x86_64/lib/modules
7fed7bfd3000-7fed7bfda000 r--s 00000000 08:05 7347897                    /usr/lib/x86_64-linux-gnu/gconv/gconv-modules.cache
7fed7bfda000-7fed7bfe7000 r-xp 00000000 08:05 9056175                    /home/mk/.vscode/extensions/redhat.java-1.44.0-linux-x64/jre/21.0.8-linux-x86_64/lib/libverify.so
7fed7bfe7000-7fed7bfe9000 r--p 0000c000 08:05 9056175                    /home/mk/.vscode/extensions/redhat.java-1.44.0-linux-x64/jre/21.0.8-linux-x86_64/lib/libverify.so
7fed7bfe9000-7fed7bfea000 rw-p 0000e000 08:05 9056175                    /home/mk/.vscode/extensions/redhat.java-1.44.0-linux-x64/jre/21.0.8-linux-x86_64/lib/libverify.so
7fed7bfea000-7fed7bffe000 r-xp 00000000 08:05 9056168                    /home/mk/.vscode/extensions/redhat.java-1.44.0-linux-x64/jre/21.0.8-linux-x86_64/lib/libnio.so
7fed7bffe000-7fed7bfff000 r--p 00013000 08:05 9056168                    /home/mk/.vscode/extensions/redhat.java-1.44.0-linux-x64/jre/21.0.8-linux-x86_64/lib/libnio.so
7fed7bfff000-7fed7c000000 rw-p 00014000 08:05 9056168                    /home/mk/.vscode/extensions/redhat.java-1.44.0-linux-x64/jre/21.0.8-linux-x86_64/lib/libnio.so
7fed7c000000-7fed7c3a7000 rw-p 00000000 00:00 0 
7fed7c3a7000-7fed80000000 ---p 00000000 00:00 0 
7fed80004000-7fed80010000 r-xp 00000000 08:05 9056167                    /home/mk/.vscode/extensions/redhat.java-1.44.0-linux-x64/jre/21.0.8-linux-x86_64/lib/libnet.so
7fed80010000-7fed80011000 r--p 0000b000 08:05 9056167                    /home/mk/.vscode/extensions/redhat.java-1.44.0-linux-x64/jre/21.0.8-linux-x86_64/lib/libnet.so
7fed80011000-7fed80012000 rw-p 0000c000 08:05 9056167                    /home/mk/.vscode/extensions/redhat.java-1.44.0-linux-x64/jre/21.0.8-linux-x86_64/lib/libnet.so
7fed80012000-7fed8003f000 rw-p 00000000 00:00 0 
7fed8003f000-7fed80125000 ---p 00000000 00:00 0 
7fed80125000-7fed80133000 rw-p 00000000 00:00 0 
7fed80133000-7fed80210000 ---p 00000000 00:00 0 
7fed80210000-7fed80214000 ---p 00000000 00:00 0 
7fed80214000-7fed80310000 rw-p 00000000 00:00 0 
7fed80310000-7fed80321000 r--p 00000000 08:05 7347911                    /usr/lib/x86_64-linux-gnu/libm.so.6
7fed80321000-7fed8039e000 r-xp 00011000 08:05 7347911                    /usr/lib/x86_64-linux-gnu/libm.so.6
7fed8039e000-7fed803fe000 r--p 0008e000 08:05 7347911                    /usr/lib/x86_64-linux-gnu/libm.so.6
7fed803fe000-7fed803ff000 r--p 000ed000 08:05 7347911                    /usr/lib/x86_64-linux-gnu/libm.so.6
7fed803ff000-7fed80400000 rw-p 000ee000 08:05 7347911                    /usr/lib/x86_64-linux-gnu/libm.so.6
7fed80400000-7fed8181b000 r-xp 00000000 08:05 9056189                    /home/mk/.vscode/extensions/redhat.java-1.44.0-linux-x64/jre/21.0.8-linux-x86_64/lib/server/libjvm.so
7fed8181b000-7fed8181c000 ---p 0141b000 08:05 9056189                    /home/mk/.vscode/extensions/redhat.java-1.44.0-linux-x64/jre/21.0.8-linux-x86_64/lib/server/libjvm.so
7fed8181c000-7fed818f0000 r--p 0141b000 08:05 9056189                    /home/mk/.vscode/extensions/redhat.java-1.44.0-linux-x64/jre/21.0.8-linux-x86_64/lib/server/libjvm.so
7fed818f0000-7fed81920000 rw-p 014ef000 08:05 9056189                    /home/mk/.vscode/extensions/redhat.java-1.44.0-linux-x64/jre/21.0.8-linux-x86_64/lib/server/libjvm.so
7fed81920000-7fed81986000 rw-p 00000000 00:00 0 
7fed8198a000-7fed819a5000 r-xp 00000000 08:05 9056176                    /home/mk/.vscode/extensions/redhat.java-1.44.0-linux-x64/jre/21.0.8-linux-x86_64/lib/libzip.so
7fed819a5000-7fed819a6000 r--p 0001a000 08:05 9056176                    /home/mk/.vscode/extensions/redhat.java-1.44.0-linux-x64/jre/21.0.8-linux-x86_64/lib/libzip.so
7fed819a6000-7fed819a7000 rw-p 0001b000 08:05 9056176                    /home/mk/.vscode/extensions/redhat.java-1.44.0-linux-x64/jre/21.0.8-linux-x86_64/lib/libzip.so
7fed819a7000-7fed819ac000 rw-p 00000000 00:00 0 
7fed819ac000-7fed819b3000 ---p 00000000 00:00 0 
7fed819b3000-7fed819d3000 r-xp 00000000 08:05 9056153                    /home/mk/.vscode/extensions/redhat.java-1.44.0-linux-x64/jre/21.0.8-linux-x86_64/lib/libjava.so
7fed819d3000-7fed819d4000 ---p 00020000 08:05 9056153                    /home/mk/.vscode/extensions/redhat.java-1.44.0-linux-x64/jre/21.0.8-linux-x86_64/lib/libjava.so
7fed819d4000-7fed819d5000 r--p 00020000 08:05 9056153                    /home/mk/.vscode/extensions/redhat.java-1.44.0-linux-x64/jre/21.0.8-linux-x86_64/lib/libjava.so
7fed819d5000-7fed819d6000 rw-p 00021000 08:05 9056153                    /home/mk/.vscode/extensions/redhat.java-1.44.0-linux-x64/jre/21.0.8-linux-x86_64/lib/libjava.so
7fed819d6000-7fed819d7000 rw-p 00000000 00:00 0 
7fed819d7000-7fed819f2000 r-xp 00000000 08:05 9056157                    /home/mk/.vscode/extensions/redhat.java-1.44.0-linux-x64/jre/21.0.8-linux-x86_64/lib/libjimage.so
7fed819f2000-7fed819f3000 ---p 0001b000 08:05 9056157                    /home/mk/.vscode/extensions/redhat.java-1.44.0-linux-x64/jre/21.0.8-linux-x86_64/lib/libjimage.so
7fed819f3000-7fed819f5000 r--p 0001b000 08:05 9056157                    /home/mk/.vscode/extensions/redhat.java-1.44.0-linux-x64/jre/21.0.8-linux-x86_64/lib/libjimage.so
7fed819f5000-7fed819f6000 rw-p 0001d000 08:05 9056157                    /home/mk/.vscode/extensions/redhat.java-1.44.0-linux-x64/jre/21.0.8-linux-x86_64/lib/libjimage.so
7fed819f6000-7fed819f7000 r--p 00000000 08:05 7347922                    /usr/lib/x86_64-linux-gnu/librt.so.1
7fed819f7000-7fed819f8000 r-xp 00001000 08:05 7347922                    /usr/lib/x86_64-linux-gnu/librt.so.1
7fed819f8000-7fed819f9000 r--p 00002000 08:05 7347922                    /usr/lib/x86_64-linux-gnu/librt.so.1
7fed819f9000-7fed819fa000 r--p 00002000 08:05 7347922                    /usr/lib/x86_64-linux-gnu/librt.so.1
7fed819fa000-7fed819fb000 rw-p 00003000 08:05 7347922                    /usr/lib/x86_64-linux-gnu/librt.so.1
7fed819fb000-7fed819fd000 rw-p 00000000 00:00 0 
7fed819fd000-7fed81a25000 r--p 00000000 08:05 7347908                    /usr/lib/x86_64-linux-gnu/libc.so.6
7fed81a25000-7fed81b8a000 r-xp 00028000 08:05 7347908                    /usr/lib/x86_64-linux-gnu/libc.so.6
7fed81b8a000-7fed81be0000 r--p 0018d000 08:05 7347908                    /usr/lib/x86_64-linux-gnu/libc.so.6
7fed81be0000-7fed81be4000 r--p 001e2000 08:05 7347908                    /usr/lib/x86_64-linux-gnu/libc.so.6
7fed81be4000-7fed81be6000 rw-p 001e6000 08:05 7347908                    /usr/lib/x86_64-linux-gnu/libc.so.6
7fed81be6000-7fed81bf3000 rw-p 00000000 00:00 0 
7fed81bf3000-7fed81bf4000 r--p 00000000 08:05 7347910                    /usr/lib/x86_64-linux-gnu/libdl.so.2
7fed81bf4000-7fed81bf5000 r-xp 00001000 08:05 7347910                    /usr/lib/x86_64-linux-gnu/libdl.so.2
7fed81bf5000-7fed81bf6000 r--p 00002000 08:05 7347910                    /usr/lib/x86_64-linux-gnu/libdl.so.2
7fed81bf6000-7fed81bf7000 r--p 00002000 08:05 7347910                    /usr/lib/x86_64-linux-gnu/libdl.so.2
7fed81bf7000-7fed81bf8000 rw-p 00003000 08:05 7347910                    /usr/lib/x86_64-linux-gnu/libdl.so.2
7fed81bf8000-7fed81bf9000 r--p 00000000 08:05 7347920                    /usr/lib/x86_64-linux-gnu/libpthread.so.0
7fed81bf9000-7fed81bfa000 r-xp 00001000 08:05 7347920                    /usr/lib/x86_64-linux-gnu/libpthread.so.0
7fed81bfa000-7fed81bfb000 r--p 00002000 08:05 7347920                    /usr/lib/x86_64-linux-gnu/libpthread.so.0
7fed81bfb000-7fed81bfc000 r--p 00002000 08:05 7347920                    /usr/lib/x86_64-linux-gnu/libpthread.so.0
7fed81bfc000-7fed81bfd000 rw-p 00003000 08:05 7347920                    /usr/lib/x86_64-linux-gnu/libpthread.so.0
7fed81bff000-7fed81c07000 rw-s 00000000 00:27 316                        /tmp/hsperfdata_mk/22633
7fed81c07000-7fed81c11000 r-xp 00000000 08:05 9056148                    /home/mk/.vscode/extensions/redhat.java-1.44.0-linux-x64/jre/21.0.8-linux-x86_64/lib/libinstrument.so
7fed81c11000-7fed81c12000 ---p 0000a000 08:05 9056148                    /home/mk/.vscode/extensions/redhat.java-1.44.0-linux-x64/jre/21.0.8-linux-x86_64/lib/libinstrument.so
7fed81c12000-7fed81c13000 r--p 0000a000 08:05 9056148                    /home/mk/.vscode/extensions/redhat.java-1.44.0-linux-x64/jre/21.0.8-linux-x86_64/lib/libinstrument.so
7fed81c13000-7fed81c14000 rw-p 0000b000 08:05 9056148                    /home/mk/.vscode/extensions/redhat.java-1.44.0-linux-x64/jre/21.0.8-linux-x86_64/lib/libinstrument.so
7fed81c14000-7fed81c15000 ---p 00000000 00:00 0 
7fed81c15000-7fed81c16000 r--p 00000000 00:00 0 
7fed81c16000-7fed81c17000 ---p 00000000 00:00 0 
7fed81c17000-7fed81c30000 r-xp 00000000 08:05 9056158                    /home/mk/.vscode/extensions/redhat.java-1.44.0-linux-x64/jre/21.0.8-linux-x86_64/lib/libjli.so
7fed81c30000-7fed81c31000 r--p 00018000 08:05 9056158                    /home/mk/.vscode/extensions/redhat.java-1.44.0-linux-x64/jre/21.0.8-linux-x86_64/lib/libjli.so
7fed81c31000-7fed81c32000 rw-p 00019000 08:05 9056158                    /home/mk/.vscode/extensions/redhat.java-1.44.0-linux-x64/jre/21.0.8-linux-x86_64/lib/libjli.so
7fed81c32000-7fed81c34000 rw-p 00000000 00:00 0 
7fed81c34000-7fed81c38000 r--p 00000000 00:00 0                          [vvar]
7fed81c38000-7fed81c3a000 r-xp 00000000 00:00 0                          [vdso]
7fed81c3a000-7fed81c3b000 r--p 00000000 08:05 7347905                    /usr/lib/x86_64-linux-gnu/ld-linux-x86-64.so.2
7fed81c3b000-7fed81c63000 r-xp 00001000 08:05 7347905                    /usr/lib/x86_64-linux-gnu/ld-linux-x86-64.so.2
7fed81c63000-7fed81c6e000 r--p 00029000 08:05 7347905                    /usr/lib/x86_64-linux-gnu/ld-linux-x86-64.so.2
7fed81c6e000-7fed81c70000 r--p 00034000 08:05 7347905                    /usr/lib/x86_64-linux-gnu/ld-linux-x86-64.so.2
7fed81c70000-7fed81c71000 rw-p 00036000 08:05 7347905                    /usr/lib/x86_64-linux-gnu/ld-linux-x86-64.so.2
7fed81c71000-7fed81c72000 rw-p 00000000 00:00 0 
7ffdd78dc000-7ffdd78fd000 rw-p 00000000 00:00 0                          [stack]
Total number of mappings: 260

JVMTI agents:
/home/mk/.vscode/extensions/redhat.java-1.44.0-linux-x64/lombok/lombok-1.18.39-4050.jar path:none, loaded, initialized, instrumentlib options:none


VM Arguments:
jvm_args: --add-modules=ALL-SYSTEM --add-opens=java.base/java.util=ALL-UNNAMED --add-opens=java.base/java.lang=ALL-UNNAMED --add-opens=java.base/sun.nio.fs=ALL-UNNAMED -Declipse.application=org.eclipse.jdt.ls.core.id1 -Dosgi.bundles.defaultStartLevel=4 -Declipse.product=org.eclipse.jdt.ls.core.product -Djava.import.generatesMetadataFilesAtProjectRoot=false -DDetectVMInstallationsJob.disabled=true -Dfile.encoding=utf8 -XX:+UseParallelGC -XX:GCTimeRatio=4 -XX:AdaptiveSizePolicyWeight=90 -Dsun.zip.disableMemoryMapping=true -Xmx2G -Xms100m -Xlog:disable -javaagent:/home/mk/.vscode/extensions/redhat.java-1.44.0-linux-x64/lombok/lombok-1.18.39-4050.jar -XX:+HeapDumpOnOutOfMemoryError -XX:HeapDumpPath=/home/mk/.config/Code/User/workspaceStorage/f8adc483f7b13f1f9cd10cfe708d9304/redhat.java -Daether.dependencyCollector.impl=bf 
java_command: /home/mk/.vscode/extensions/redhat.java-1.44.0-linux-x64/server/plugins/org.eclipse.equinox.launcher_1.7.0.v20250519-0528.jar -configuration /home/mk/.config/Code/User/globalStorage/redhat.java/1.44.0/config_linux -data /home/mk/.config/Code/User/workspaceStorage/f8adc483f7b13f1f9cd10cfe708d9304/redhat.java/jdt_ws --pipe=/run/user/1000/lsp-11405121b9692db5ba34b4b8bafb87fd.sock
java_class_path (initial): /home/mk/.vscode/extensions/redhat.java-1.44.0-linux-x64/server/plugins/org.eclipse.equinox.launcher_1.7.0.v20250519-0528.jar
Launcher Type: SUN_STANDARD

[Global flags]
    uintx AdaptiveSizePolicyWeight                 = 90                                        {product} {command line}
     intx CICompilerCount                          = 3                                         {product} {ergonomic}
    uintx GCTimeRatio                              = 4                                         {product} {command line}
     bool HeapDumpOnOutOfMemoryError               = true                                   {manageable} {command line}
    ccstr HeapDumpPath                             = /home/mk/.config/Code/User/workspaceStorage/f8adc483f7b13f1f9cd10cfe708d9304/redhat.java         {manageable} {command line}
   size_t InitialHeapSize                          = 104857600                                 {product} {command line}
   size_t MaxHeapSize                              = 2147483648                                {product} {command line}
   size_t MaxNewSize                               = 715653120                                 {product} {ergonomic}
   size_t MinHeapDeltaBytes                        = 524288                                    {product} {ergonomic}
   size_t MinHeapSize                              = 104857600                                 {product} {command line}
   size_t NewSize                                  = 34603008                                  {product} {ergonomic}
    uintx NonNMethodCodeHeapSize                   = 5832780                                {pd product} {ergonomic}
    uintx NonProfiledCodeHeapSize                  = 122912730                              {pd product} {ergonomic}
   size_t OldSize                                  = 70254592                                  {product} {ergonomic}
    uintx ProfiledCodeHeapSize                     = 122912730                              {pd product} {ergonomic}
    uintx ReservedCodeCacheSize                    = 251658240                              {pd product} {ergonomic}
     bool SegmentedCodeCache                       = true                                      {product} {ergonomic}
   size_t SoftMaxHeapSize                          = 2147483648                             {manageable} {ergonomic}
     bool UseCompressedOops                        = true                           {product lp64_product} {ergonomic}
     bool UseParallelGC                            = true                                      {product} {command line}

Logging:
Log output configuration:
 #0: stdout all=off uptime,level,tags foldmultilines=false
 #1: stderr all=off uptime,level,tags foldmultilines=false

Environment Variables:
PATH=/home/mk/.local/bin:/usr/local/sbin:/usr/sbin:/sbin:/usr/local/bin:/usr/bin:/bin:/usr/local/games:/usr/games:/home/mk/.dotnet/tools
XDG_CACHE_HOME=/home/mk/.cache
XDG_CONFIG_HOME=/home/mk/.config
SHELL=/usr/bin/zsh
DISPLAY=:0.0
LANG=en_IN

Active Locale:
LC_ALL=en_IN
LC_COLLATE=en_IN
LC_CTYPE=en_IN
LC_MESSAGES=en_IN
LC_MONETARY=en_IN
LC_NUMERIC=en_IN
LC_TIME=en_IN

Signal Handlers:
   SIGSEGV: crash_handler in libjvm.so, mask=11100100010111111101111111111110, flags=SA_RESTART|SA_SIGINFO, unblocked
    SIGBUS: crash_handler in libjvm.so, mask=11100100010111111101111111111110, flags=SA_RESTART|SA_SIGINFO, unblocked
    SIGFPE: crash_handler in libjvm.so, mask=11100100010111111101111111111110, flags=SA_RESTART|SA_SIGINFO, unblocked
   SIGPIPE: javaSignalHandler in libjvm.so, mask=11100100010111111101111111111110, flags=SA_RESTART|SA_SIGINFO, blocked
   SIGXFSZ: javaSignalHandler in libjvm.so, mask=11100100010111111101111111111110, flags=SA_RESTART|SA_SIGINFO, blocked
    SIGILL: crash_handler in libjvm.so, mask=11100100010111111101111111111110, flags=SA_RESTART|SA_SIGINFO, unblocked
   SIGUSR2: SR_handler in libjvm.so, mask=00000000000000000000000000000000, flags=SA_RESTART|SA_SIGINFO, blocked
    SIGHUP: UserHandler in libjvm.so, mask=11100100010111111101111111111110, flags=SA_RESTART|SA_SIGINFO, blocked
    SIGINT: UserHandler in libjvm.so, mask=11100100010111111101111111111110, flags=SA_RESTART|SA_SIGINFO, blocked
   SIGTERM: UserHandler in libjvm.so, mask=11100100010111111101111111111110, flags=SA_RESTART|SA_SIGINFO, blocked
   SIGQUIT: UserHandler in libjvm.so, mask=11100100010111111101111111111110, flags=SA_RESTART|SA_SIGINFO, blocked
   SIGTRAP: crash_handler in libjvm.so, mask=11100100010111111101111111111110, flags=SA_RESTART|SA_SIGINFO, unblocked


Periodic native trim disabled

---------------  S Y S T E M  ---------------

OS:
PRETTY_NAME="Kali GNU/Linux Rolling"
NAME="Kali GNU/Linux"
VERSION_ID="2025.2"
VERSION="2025.2"
VERSION_CODENAME=kali-rolling
ID=kali
ID_LIKE=debian
HOME_URL="https://www.kali.org/"
SUPPORT_URL="https://forums.kali.org/"
BUG_REPORT_URL="https://bugs.kali.org/"
ANSI_COLOR="1;31"
uname: Linux 6.12.33+kali-amd64 #1 SMP PREEMPT_DYNAMIC Kali 6.12.33-1kali1 (2025-06-25) x86_64
OS uptime: 0 days 0:21 hours
libc: glibc 2.41 NPTL 2.41 
rlimit (soft/hard): STACK 8192k/infinity , CORE 0k/infinity , NPROC 31048/31048 , NOFILE 524288/524288 , AS infinity/infinity , CPU infinity/infinity , DATA infinity/infinity , FSIZE infinity/infinity , MEMLOCK 8192k/8192k
load average: 10.55 6.44 3.99

/proc/meminfo:
MemTotal:        8084756 kB
MemFree:          796596 kB
MemAvailable:    2552536 kB
Buffers:          103732 kB
Cached:          1922924 kB
SwapCached:            0 kB
Active:          5962176 kB
Inactive:         925564 kB
Active(anon):    4943512 kB
Inactive(anon):        0 kB
Active(file):    1018664 kB
Inactive(file):   925564 kB
Unevictable:         292 kB
Mlocked:             292 kB
SwapTotal:       8235004 kB
SwapFree:        8235004 kB
Zswap:                 0 kB
Zswapped:              0 kB
Dirty:             14292 kB
Writeback:             0 kB
AnonPages:       4799532 kB
Mapped:           757316 kB
Shmem:             82688 kB
KReclaimable:      64892 kB
Slab:             154180 kB
SReclaimable:      64892 kB
SUnreclaim:        89288 kB
KernelStack:       17232 kB
PageTables:        41928 kB
SecPageTables:      1700 kB
NFS_Unstable:          0 kB
Bounce:                0 kB
WritebackTmp:          0 kB
CommitLimit:    12277380 kB
Committed_AS:   16352636 kB
VmallocTotal:   34359738367 kB
VmallocUsed:       63084 kB
VmallocChunk:          0 kB
Percpu:             2976 kB
HardwareCorrupted:     0 kB
AnonHugePages:    978944 kB
ShmemHugePages:        0 kB
ShmemPmdMapped:        0 kB
FileHugePages:         0 kB
FilePmdMapped:         0 kB
Unaccepted:            0 kB
HugePages_Total:       0
HugePages_Free:        0
HugePages_Rsvd:        0
HugePages_Surp:        0
Hugepagesize:       2048 kB
Hugetlb:               0 kB
DirectMap4k:      294736 kB
DirectMap2M:     8040448 kB

/sys/kernel/mm/transparent_hugepage/enabled: [always] madvise never
/sys/kernel/mm/transparent_hugepage/hpage_pmd_size: 2097152
/sys/kernel/mm/transparent_hugepage/defrag (defrag/compaction efforts parameter): always defer defer+madvise [madvise] never

Process Memory:
Virtual Size: 5447860K (peak: 5447860K)
Resident Set Size: 170400K (peak: 170400K) (anon: 138444K, file: 31956K, shmem: 0K)
Swapped out: 0K
C-Heap outstanding allocations: 49183K, retained: 17220K
glibc malloc tunables: (default)

/proc/sys/kernel/threads-max (system-wide limit on the number of threads): 62097
/proc/sys/vm/max_map_count (maximum number of memory map areas a process may have): 1048576
/proc/sys/vm/swappiness (control to define how aggressively the kernel swaps out anonymous memory): 60
/proc/sys/kernel/pid_max (system-wide limit on number of process identifiers): 4194304

container information not found.
Steal ticks since vm start: 0
Steal ticks percentage since vm start:  0.000

CPU: total 4 (initial active 4) (2 cores per cpu, 2 threads per core) family 6 model 42 stepping 7 microcode 0x2f, cx8, cmov, fxsr, ht, mmx, sse, sse2, sse3, ssse3, sse4.1, sse4.2, popcnt, tsc, tscinvbit, avx, aes, clmul, vzeroupper, clflush, rdtscp
CPU Model and flags from /proc/cpuinfo:
model name	: Intel(R) Core(TM) i5-2520M CPU @ 2.50GHz
flags		: fpu vme de pse tsc msr pae mce cx8 apic sep mtrr pge mca cmov pat pse36 clflush dts acpi mmx fxsr sse sse2 ht tm pbe syscall nx rdtscp lm constant_tsc arch_perfmon pebs bts rep_good nopl xtopology nonstop_tsc cpuid aperfmperf pni pclmulqdq dtes64 monitor ds_cpl vmx smx est tm2 ssse3 cx16 xtpr pdcm pcid sse4_1 sse4_2 x2apic popcnt tsc_deadline_timer aes xsave avx lahf_lm epb pti ssbd ibrs ibpb stibp tpr_shadow flexpriority ept vpid xsaveopt dtherm ida arat pln pts vnmi md_clear flush_l1d

Online cpus: 0-3
Offline cpus: 
BIOS frequency limitation: <Not Available>
Frequency switch latency (ns): 20000
Available cpu frequencies: <Not Available>
Current governor: schedutil
Core performance/turbo boost: <Not Available>

Memory: 4k page, physical 8084756k(2552536k free), swap 8235004k(8235004k free)
Page Sizes: 4k

vm_info: OpenJDK 64-Bit Server VM (21.0.8+9-LTS) for linux-amd64 JRE (21.0.8+9-LTS), built on 2025-07-15T00:00:00Z by "admin" with gcc 11.3.0

END.
